<?xml version="1.0" encoding="UTF-8"?>
<testsuites>
  <testsuite name="/var/www/html/phpunit.xml" tests="390" assertions="1242" errors="2" failures="16" skipped="0" time="99.118725">
    <testsuite name="Unit" tests="181" assertions="321" errors="0" failures="0" skipped="0" time="37.262271">
      <testsuite name="Tests\Unit\AuthTest" file="/var/www/html/tests/Unit/AuthTest.php" tests="2" assertions="5" errors="0" failures="0" skipped="0" time="7.593382">
        <testcase name="test_auth_usuario_service_pode_ser_instanciado" file="/var/www/html/tests/Unit/AuthTest.php" line="19" class="Tests\Unit\AuthTest" classname="Tests.Unit.AuthTest" assertions="1" time="7.109473"/>
        <testcase name="test_auth_usuario_service_autenticar_funciona" file="/var/www/html/tests/Unit/AuthTest.php" line="28" class="Tests\Unit\AuthTest" classname="Tests.Unit.AuthTest" assertions="4" time="0.483908"/>
      </testsuite>
      <testsuite name="Tests\Unit\ClienteTest" file="/var/www/html/tests/Unit/ClienteTest.php" tests="9" assertions="11" errors="0" failures="0" skipped="0" time="1.921937">
        <testcase name="test_listagem_dto_retorna_array_vazio_inicialmente" file="/var/www/html/tests/Unit/ClienteTest.php" line="23" class="Tests\Unit\ClienteTest" classname="Tests.Unit.ClienteTest" assertions="1" time="0.316185"/>
        <testcase name="test_cadastro_dto_aceita_dados_cliente" file="/var/www/html/tests/Unit/ClienteTest.php" line="32" class="Tests\Unit\ClienteTest" classname="Tests.Unit.ClienteTest" assertions="3" time="0.170852"/>
        <testcase name="test_atualizacao_dto_retorna_array_vazio_com_dados_vazios" file="/var/www/html/tests/Unit/ClienteTest.php" line="59" class="Tests\Unit\ClienteTest" classname="Tests.Unit.ClienteTest" assertions="1" time="0.168998"/>
        <testcase name="test_cliente_model_pode_ser_instanciado" file="/var/www/html/tests/Unit/ClienteTest.php" line="70" class="Tests\Unit\ClienteTest" classname="Tests.Unit.ClienteTest" assertions="1" time="0.257381"/>
        <testcase name="test_cliente_model_tem_tabela_correta" file="/var/www/html/tests/Unit/ClienteTest.php" line="79" class="Tests\Unit\ClienteTest" classname="Tests.Unit.ClienteTest" assertions="1" time="0.147434"/>
        <testcase name="test_cliente_model_tem_fillable_corretos" file="/var/www/html/tests/Unit/ClienteTest.php" line="88" class="Tests\Unit\ClienteTest" classname="Tests.Unit.ClienteTest" assertions="1" time="0.154286"/>
        <testcase name="test_cliente_repository_pode_ser_instanciado" file="/var/www/html/tests/Unit/ClienteTest.php" line="118" class="Tests\Unit\ClienteTest" classname="Tests.Unit.ClienteTest" assertions="1" time="0.179032"/>
        <testcase name="test_cliente_repository_tem_model_correto" file="/var/www/html/tests/Unit/ClienteTest.php" line="127" class="Tests\Unit\ClienteTest" classname="Tests.Unit.ClienteTest" assertions="1" time="0.152854"/>
        <testcase name="test_cliente_service_pode_ser_instanciado" file="/var/www/html/tests/Unit/ClienteTest.php" line="138" class="Tests\Unit\ClienteTest" classname="Tests.Unit.ClienteTest" assertions="1" time="0.374915"/>
      </testsuite>
      <testsuite name="Tests\Unit\ClienteVeiculoTest" file="/var/www/html/tests/Unit/ClienteVeiculoTest.php" tests="7" assertions="9" errors="0" failures="0" skipped="0" time="1.270803">
        <testcase name="test_cadastro_dto_aceita_dados_cliente_veiculo" file="/var/www/html/tests/Unit/ClienteVeiculoTest.php" line="22" class="Tests\Unit\ClienteVeiculoTest" classname="Tests.Unit.ClienteVeiculoTest" assertions="3" time="0.173551"/>
        <testcase name="test_cliente_veiculo_model_pode_ser_instanciado" file="/var/www/html/tests/Unit/ClienteVeiculoTest.php" line="41" class="Tests\Unit\ClienteVeiculoTest" classname="Tests.Unit.ClienteVeiculoTest" assertions="1" time="0.184178"/>
        <testcase name="test_cliente_veiculo_model_tem_tabela_correta" file="/var/www/html/tests/Unit/ClienteVeiculoTest.php" line="50" class="Tests\Unit\ClienteVeiculoTest" classname="Tests.Unit.ClienteVeiculoTest" assertions="1" time="0.150655"/>
        <testcase name="test_cliente_veiculo_model_tem_fillable_corretos" file="/var/www/html/tests/Unit/ClienteVeiculoTest.php" line="59" class="Tests\Unit\ClienteVeiculoTest" classname="Tests.Unit.ClienteVeiculoTest" assertions="1" time="0.159793"/>
        <testcase name="test_cliente_veiculo_repository_pode_ser_instanciado" file="/var/www/html/tests/Unit/ClienteVeiculoTest.php" line="76" class="Tests\Unit\ClienteVeiculoTest" classname="Tests.Unit.ClienteVeiculoTest" assertions="1" time="0.186116"/>
        <testcase name="test_cliente_veiculo_repository_tem_model_correto" file="/var/www/html/tests/Unit/ClienteVeiculoTest.php" line="85" class="Tests\Unit\ClienteVeiculoTest" classname="Tests.Unit.ClienteVeiculoTest" assertions="1" time="0.173673"/>
        <testcase name="test_cliente_veiculo_service_pode_ser_instanciado" file="/var/www/html/tests/Unit/ClienteVeiculoTest.php" line="96" class="Tests\Unit\ClienteVeiculoTest" classname="Tests.Unit.ClienteVeiculoTest" assertions="1" time="0.242838"/>
      </testsuite>
      <testsuite name="Tests\Unit\OrdemDeServicoItemTest" file="/var/www/html/tests/Unit/OrdemDeServicoItemTest.php" tests="6" assertions="20" errors="0" failures="0" skipped="0" time="1.197785">
        <testcase name="test_listagem_dto" file="/var/www/html/tests/Unit/OrdemDeServicoItemTest.php" line="20" class="Tests\Unit\OrdemDeServicoItemTest" classname="Tests.Unit.OrdemDeServicoItemTest" assertions="2" time="0.215958"/>
        <testcase name="test_cadastro_dto" file="/var/www/html/tests/Unit/OrdemDeServicoItemTest.php" line="32" class="Tests\Unit\OrdemDeServicoItemTest" classname="Tests.Unit.OrdemDeServicoItemTest" assertions="13" time="0.176654"/>
        <testcase name="test_model_instanciacao" file="/var/www/html/tests/Unit/OrdemDeServicoItemTest.php" line="66" class="Tests\Unit\OrdemDeServicoItemTest" classname="Tests.Unit.OrdemDeServicoItemTest" assertions="2" time="0.168515"/>
        <testcase name="test_model_fillable" file="/var/www/html/tests/Unit/OrdemDeServicoItemTest.php" line="77" class="Tests\Unit\OrdemDeServicoItemTest" classname="Tests.Unit.OrdemDeServicoItemTest" assertions="1" time="0.166960"/>
        <testcase name="test_repository_instanciacao" file="/var/www/html/tests/Unit/OrdemDeServicoItemTest.php" line="99" class="Tests\Unit\OrdemDeServicoItemTest" classname="Tests.Unit.OrdemDeServicoItemTest" assertions="1" time="0.209900"/>
        <testcase name="test_service_instanciacao" file="/var/www/html/tests/Unit/OrdemDeServicoItemTest.php" line="111" class="Tests\Unit\OrdemDeServicoItemTest" classname="Tests.Unit.OrdemDeServicoItemTest" assertions="1" time="0.259798"/>
      </testsuite>
      <testsuite name="Tests\Unit\OrdemDeServicoServicoTest" file="/var/www/html/tests/Unit/OrdemDeServicoServicoTest.php" tests="10" assertions="18" errors="0" failures="0" skipped="0" time="1.690505">
        <testcase name="test_listagem_dto_retorna_nulo_inicialmente" file="/var/www/html/tests/Unit/OrdemDeServicoServicoTest.php" line="23" class="Tests\Unit\OrdemDeServicoServicoTest" classname="Tests.Unit.OrdemDeServicoServicoTest" assertions="2" time="0.185694"/>
        <testcase name="test_listagem_dto_aceita_parametros" file="/var/www/html/tests/Unit/OrdemDeServicoServicoTest.php" line="35" class="Tests\Unit\OrdemDeServicoServicoTest" classname="Tests.Unit.OrdemDeServicoServicoTest" assertions="1" time="0.191145"/>
        <testcase name="test_cadastro_dto_aceita_dados_servico_ordem_de_servico" file="/var/www/html/tests/Unit/OrdemDeServicoServicoTest.php" line="46" class="Tests\Unit\OrdemDeServicoServicoTest" classname="Tests.Unit.OrdemDeServicoServicoTest" assertions="8" time="0.175480"/>
        <testcase name="test_atualizacao_dto_retorna_array_vazio_inicialmente" file="/var/www/html/tests/Unit/OrdemDeServicoServicoTest.php" line="73" class="Tests\Unit\OrdemDeServicoServicoTest" classname="Tests.Unit.OrdemDeServicoServicoTest" assertions="1" time="0.141926"/>
        <testcase name="test_ordem_de_servico_servico_model_pode_ser_instanciado" file="/var/www/html/tests/Unit/OrdemDeServicoServicoTest.php" line="84" class="Tests\Unit\OrdemDeServicoServicoTest" classname="Tests.Unit.OrdemDeServicoServicoTest" assertions="1" time="0.168289"/>
        <testcase name="test_ordem_de_servico_servico_model_tem_tabela_correta" file="/var/www/html/tests/Unit/OrdemDeServicoServicoTest.php" line="93" class="Tests\Unit\OrdemDeServicoServicoTest" classname="Tests.Unit.OrdemDeServicoServicoTest" assertions="1" time="0.145480"/>
        <testcase name="test_ordem_de_servico_servico_model_tem_fillable_corretos" file="/var/www/html/tests/Unit/OrdemDeServicoServicoTest.php" line="102" class="Tests\Unit\OrdemDeServicoServicoTest" classname="Tests.Unit.OrdemDeServicoServicoTest" assertions="1" time="0.140608"/>
        <testcase name="test_ordem_de_servico_servico_repository_pode_ser_instanciado" file="/var/www/html/tests/Unit/OrdemDeServicoServicoTest.php" line="124" class="Tests\Unit\OrdemDeServicoServicoTest" classname="Tests.Unit.OrdemDeServicoServicoTest" assertions="1" time="0.168656"/>
        <testcase name="test_ordem_de_servico_servico_repository_tem_model_correto" file="/var/www/html/tests/Unit/OrdemDeServicoServicoTest.php" line="133" class="Tests\Unit\OrdemDeServicoServicoTest" classname="Tests.Unit.OrdemDeServicoServicoTest" assertions="1" time="0.157644"/>
        <testcase name="test_ordem_de_servico_servico_service_pode_ser_instanciado" file="/var/www/html/tests/Unit/OrdemDeServicoServicoTest.php" line="144" class="Tests\Unit\OrdemDeServicoServicoTest" classname="Tests.Unit.OrdemDeServicoServicoTest" assertions="1" time="0.215581"/>
      </testsuite>
      <testsuite name="Tests\Unit\OrdemDeServicoTest" file="/var/www/html/tests/Unit/OrdemDeServicoTest.php" tests="6" assertions="19" errors="0" failures="0" skipped="0" time="0.995630">
        <testcase name="test_listagem_dto" file="/var/www/html/tests/Unit/OrdemDeServicoTest.php" line="23" class="Tests\Unit\OrdemDeServicoTest" classname="Tests.Unit.OrdemDeServicoTest" assertions="2" time="0.181624"/>
        <testcase name="test_cadastro_dto" file="/var/www/html/tests/Unit/OrdemDeServicoTest.php" line="35" class="Tests\Unit\OrdemDeServicoTest" classname="Tests.Unit.OrdemDeServicoTest" assertions="12" time="0.165290"/>
        <testcase name="test_model_instanciacao" file="/var/www/html/tests/Unit/OrdemDeServicoTest.php" line="69" class="Tests\Unit\OrdemDeServicoTest" classname="Tests.Unit.OrdemDeServicoTest" assertions="2" time="0.151210"/>
        <testcase name="test_model_fillable" file="/var/www/html/tests/Unit/OrdemDeServicoTest.php" line="80" class="Tests\Unit\OrdemDeServicoTest" classname="Tests.Unit.OrdemDeServicoTest" assertions="1" time="0.138623"/>
        <testcase name="test_repository_instanciacao" file="/var/www/html/tests/Unit/OrdemDeServicoTest.php" line="106" class="Tests\Unit\OrdemDeServicoTest" classname="Tests.Unit.OrdemDeServicoTest" assertions="1" time="0.135058"/>
        <testcase name="test_service_instanciacao" file="/var/www/html/tests/Unit/OrdemDeServicoTest.php" line="118" class="Tests\Unit\OrdemDeServicoTest" classname="Tests.Unit.OrdemDeServicoTest" assertions="1" time="0.223824"/>
      </testsuite>
      <testsuite name="Tests\Feature\Modules\PecaInsumo\PecaInsumoTest" file="/var/www/html/tests/Unit/PecaInsumoTest.php" tests="41" assertions="67" errors="0" failures="0" skipped="0" time="6.780153">
        <testcase name="test_listagem_dto_retorna_array_vazio_inicialmente" file="/var/www/html/tests/Unit/PecaInsumoTest.php" line="23" class="Tests\Feature\Modules\PecaInsumo\PecaInsumoTest" classname="Tests.Feature.Modules.PecaInsumo.PecaInsumoTest" assertions="2" time="0.164564"/>
        <testcase name="test_cadastro_dto_aceita_dados_peca_Insumo" file="/var/www/html/tests/Unit/PecaInsumoTest.php" line="36" class="Tests\Feature\Modules\PecaInsumo\PecaInsumoTest" classname="Tests.Feature.Modules.PecaInsumo.PecaInsumoTest" assertions="5" time="0.168536"/>
        <testcase name="test_peca_Insumo_model_pode_ser_instanciado" file="/var/www/html/tests/Unit/PecaInsumoTest.php" line="62" class="Tests\Feature\Modules\PecaInsumo\PecaInsumoTest" classname="Tests.Feature.Modules.PecaInsumo.PecaInsumoTest" assertions="1" time="0.159163"/>
        <testcase name="test_peca_Insumo_model_tem_tabela_correta" file="/var/www/html/tests/Unit/PecaInsumoTest.php" line="71" class="Tests\Feature\Modules\PecaInsumo\PecaInsumoTest" classname="Tests.Feature.Modules.PecaInsumo.PecaInsumoTest" assertions="1" time="0.150283"/>
        <testcase name="test_peca_Insumo_model_tem_fillable_corretos" file="/var/www/html/tests/Unit/PecaInsumoTest.php" line="81" class="Tests\Feature\Modules\PecaInsumo\PecaInsumoTest" classname="Tests.Feature.Modules.PecaInsumo.PecaInsumoTest" assertions="1" time="0.158162"/>
        <testcase name="test_peca_Insumo_model_pode_receber_dados_construtor" file="/var/www/html/tests/Unit/PecaInsumoTest.php" line="105" class="Tests\Feature\Modules\PecaInsumo\PecaInsumoTest" classname="Tests.Feature.Modules.PecaInsumo.PecaInsumoTest" assertions="5" time="0.168526"/>
        <testcase name="test_peca_Insumo_model_timestamps_desabilitados" file="/var/www/html/tests/Unit/PecaInsumoTest.php" line="130" class="Tests\Feature\Modules\PecaInsumo\PecaInsumoTest" classname="Tests.Feature.Modules.PecaInsumo.PecaInsumoTest" assertions="1" time="0.152365"/>
        <testcase name="test_peca_Insumo_repository_pode_ser_instanciado" file="/var/www/html/tests/Unit/PecaInsumoTest.php" line="142" class="Tests\Feature\Modules\PecaInsumo\PecaInsumoTest" classname="Tests.Feature.Modules.PecaInsumo.PecaInsumoTest" assertions="1" time="0.155667"/>
        <testcase name="test_peca_Insumo_repository_herda_abstract_repository" file="/var/www/html/tests/Unit/PecaInsumoTest.php" line="152" class="Tests\Feature\Modules\PecaInsumo\PecaInsumoTest" classname="Tests.Feature.Modules.PecaInsumo.PecaInsumoTest" assertions="1" time="0.149393"/>
        <testcase name="test_peca_Insumo_repository_implementa_interface" file="/var/www/html/tests/Unit/PecaInsumoTest.php" line="162" class="Tests\Feature\Modules\PecaInsumo\PecaInsumoTest" classname="Tests.Feature.Modules.PecaInsumo.PecaInsumoTest" assertions="1" time="0.144949"/>
        <testcase name="test_peca_Insumo_repository_tem_model_correto" file="/var/www/html/tests/Unit/PecaInsumoTest.php" line="172" class="Tests\Feature\Modules\PecaInsumo\PecaInsumoTest" classname="Tests.Feature.Modules.PecaInsumo.PecaInsumoTest" assertions="1" time="0.169794"/>
        <testcase name="test_peca_Insumo_repository_tem_metodos_obrigatorios" file="/var/www/html/tests/Unit/PecaInsumoTest.php" line="182" class="Tests\Feature\Modules\PecaInsumo\PecaInsumoTest" classname="Tests.Feature.Modules.PecaInsumo.PecaInsumoTest" assertions="6" time="0.162834"/>
        <testcase name="test_peca_Insumo_service_pode_ser_instanciado" file="/var/www/html/tests/Unit/PecaInsumoTest.php" line="197" class="Tests\Feature\Modules\PecaInsumo\PecaInsumoTest" classname="Tests.Feature.Modules.PecaInsumo.PecaInsumoTest" assertions="1" time="0.186554"/>
        <testcase name="test_atualizacao_retorna_array_vazio_quando_dados_vazios" file="/var/www/html/tests/Unit/PecaInsumoTest.php" line="205" class="Tests\Feature\Modules\PecaInsumo\PecaInsumoTest" classname="Tests.Feature.Modules.PecaInsumo.PecaInsumoTest" assertions="4" time="0.528890"/>
        <testcase name="test_peca_Insumo_service_tem_metodo_listagem" file="/var/www/html/tests/Unit/PecaInsumoTest.php" line="230" class="Tests\Feature\Modules\PecaInsumo\PecaInsumoTest" classname="Tests.Feature.Modules.PecaInsumo.PecaInsumoTest" assertions="1" time="0.165957"/>
        <testcase name="test_peca_Insumo_service_tem_metodo_cadastro" file="/var/www/html/tests/Unit/PecaInsumoTest.php" line="238" class="Tests\Feature\Modules\PecaInsumo\PecaInsumoTest" classname="Tests.Feature.Modules.PecaInsumo.PecaInsumoTest" assertions="1" time="0.153273"/>
        <testcase name="test_peca_Insumo_service_tem_metodo_obter_um_por_uuid" file="/var/www/html/tests/Unit/PecaInsumoTest.php" line="246" class="Tests\Feature\Modules\PecaInsumo\PecaInsumoTest" classname="Tests.Feature.Modules.PecaInsumo.PecaInsumoTest" assertions="1" time="0.150233"/>
        <testcase name="test_peca_Insumo_service_tem_metodo_remocao" file="/var/www/html/tests/Unit/PecaInsumoTest.php" line="254" class="Tests\Feature\Modules\PecaInsumo\PecaInsumoTest" classname="Tests.Feature.Modules.PecaInsumo.PecaInsumoTest" assertions="1" time="0.147727"/>
        <testcase name="test_peca_Insumo_service_tem_metodo_atualizacao" file="/var/www/html/tests/Unit/PecaInsumoTest.php" line="262" class="Tests\Feature\Modules\PecaInsumo\PecaInsumoTest" classname="Tests.Feature.Modules.PecaInsumo.PecaInsumoTest" assertions="1" time="0.149847"/>
        <testcase name="test_peca_Insumo_service_recebe_repository_construtor" file="/var/www/html/tests/Unit/PecaInsumoTest.php" line="270" class="Tests\Feature\Modules\PecaInsumo\PecaInsumoTest" classname="Tests.Feature.Modules.PecaInsumo.PecaInsumoTest" assertions="1" time="0.141119"/>
        <testcase name="test_peca_Insumo_controller_pode_ser_instanciado" file="/var/www/html/tests/Unit/PecaInsumoTest.php" line="284" class="Tests\Feature\Modules\PecaInsumo\PecaInsumoTest" classname="Tests.Feature.Modules.PecaInsumo.PecaInsumoTest" assertions="1" time="0.200856"/>
        <testcase name="test_peca_Insumo_controller_herda_controller_base" file="/var/www/html/tests/Unit/PecaInsumoTest.php" line="296" class="Tests\Feature\Modules\PecaInsumo\PecaInsumoTest" classname="Tests.Feature.Modules.PecaInsumo.PecaInsumoTest" assertions="1" time="0.153433"/>
        <testcase name="test_peca_Insumo_controller_tem_metodo_listagem" file="/var/www/html/tests/Unit/PecaInsumoTest.php" line="308" class="Tests\Feature\Modules\PecaInsumo\PecaInsumoTest" classname="Tests.Feature.Modules.PecaInsumo.PecaInsumoTest" assertions="1" time="0.149573"/>
        <testcase name="test_peca_Insumo_controller_tem_metodo_cadastro" file="/var/www/html/tests/Unit/PecaInsumoTest.php" line="316" class="Tests\Feature\Modules\PecaInsumo\PecaInsumoTest" classname="Tests.Feature.Modules.PecaInsumo.PecaInsumoTest" assertions="1" time="0.146663"/>
        <testcase name="test_peca_Insumo_controller_tem_metodo_obter_um_por_uuid" file="/var/www/html/tests/Unit/PecaInsumoTest.php" line="324" class="Tests\Feature\Modules\PecaInsumo\PecaInsumoTest" classname="Tests.Feature.Modules.PecaInsumo.PecaInsumoTest" assertions="1" time="0.141084"/>
        <testcase name="test_peca_Insumo_controller_tem_metodo_remocao" file="/var/www/html/tests/Unit/PecaInsumoTest.php" line="332" class="Tests\Feature\Modules\PecaInsumo\PecaInsumoTest" classname="Tests.Feature.Modules.PecaInsumo.PecaInsumoTest" assertions="1" time="0.144745"/>
        <testcase name="test_peca_Insumo_controller_tem_metodo_atualizacao" file="/var/www/html/tests/Unit/PecaInsumoTest.php" line="340" class="Tests\Feature\Modules\PecaInsumo\PecaInsumoTest" classname="Tests.Feature.Modules.PecaInsumo.PecaInsumoTest" assertions="1" time="0.143665"/>
        <testcase name="test_peca_Insumo_controller_recebe_service_construtor" file="/var/www/html/tests/Unit/PecaInsumoTest.php" line="348" class="Tests\Feature\Modules\PecaInsumo\PecaInsumoTest" classname="Tests.Feature.Modules.PecaInsumo.PecaInsumoTest" assertions="1" time="0.165426"/>
        <testcase name="test_peca_Insumo_cadastro_request_pode_ser_instanciado" file="/var/www/html/tests/Unit/PecaInsumoTest.php" line="363" class="Tests\Feature\Modules\PecaInsumo\PecaInsumoTest" classname="Tests.Feature.Modules.PecaInsumo.PecaInsumoTest" assertions="1" time="0.193432"/>
        <testcase name="test_peca_Insumo_cadastro_request_herda_form_request" file="/var/www/html/tests/Unit/PecaInsumoTest.php" line="373" class="Tests\Feature\Modules\PecaInsumo\PecaInsumoTest" classname="Tests.Feature.Modules.PecaInsumo.PecaInsumoTest" assertions="1" time="0.136989"/>
        <testcase name="test_peca_Insumo_cadastro_request_tem_metodo_rules" file="/var/www/html/tests/Unit/PecaInsumoTest.php" line="383" class="Tests\Feature\Modules\PecaInsumo\PecaInsumoTest" classname="Tests.Feature.Modules.PecaInsumo.PecaInsumoTest" assertions="1" time="0.146504"/>
        <testcase name="test_peca_Insumo_cadastro_request_tem_metodo_to_dto" file="/var/www/html/tests/Unit/PecaInsumoTest.php" line="391" class="Tests\Feature\Modules\PecaInsumo\PecaInsumoTest" classname="Tests.Feature.Modules.PecaInsumo.PecaInsumoTest" assertions="1" time="0.147543"/>
        <testcase name="test_peca_Insumo_listagem_request_pode_ser_instanciado" file="/var/www/html/tests/Unit/PecaInsumoTest.php" line="399" class="Tests\Feature\Modules\PecaInsumo\PecaInsumoTest" classname="Tests.Feature.Modules.PecaInsumo.PecaInsumoTest" assertions="1" time="0.152062"/>
        <testcase name="test_peca_Insumo_obter_um_por_uuid_request_pode_ser_instanciado" file="/var/www/html/tests/Unit/PecaInsumoTest.php" line="409" class="Tests\Feature\Modules\PecaInsumo\PecaInsumoTest" classname="Tests.Feature.Modules.PecaInsumo.PecaInsumoTest" assertions="1" time="0.164094"/>
        <testcase name="test_peca_Insumo_atualizacao_request_pode_ser_instanciado" file="/var/www/html/tests/Unit/PecaInsumoTest.php" line="419" class="Tests\Feature\Modules\PecaInsumo\PecaInsumoTest" classname="Tests.Feature.Modules.PecaInsumo.PecaInsumoTest" assertions="1" time="0.163834"/>
        <testcase name="test_peca_Insumo_pode_definir_rotas" file="/var/www/html/tests/Unit/PecaInsumoTest.php" line="431" class="Tests\Feature\Modules\PecaInsumo\PecaInsumoTest" classname="Tests.Feature.Modules.PecaInsumo.PecaInsumoTest" assertions="2" time="0.142735"/>
        <testcase name="test_peca_Insumo_controller_namespace_correto" file="/var/www/html/tests/Unit/PecaInsumoTest.php" line="441" class="Tests\Feature\Modules\PecaInsumo\PecaInsumoTest" classname="Tests.Feature.Modules.PecaInsumo.PecaInsumoTest" assertions="1" time="0.143681"/>
        <testcase name="test_peca_Insumo_controller_tem_metodos_para_rotas" file="/var/www/html/tests/Unit/PecaInsumoTest.php" line="452" class="Tests\Feature\Modules\PecaInsumo\PecaInsumoTest" classname="Tests.Feature.Modules.PecaInsumo.PecaInsumoTest" assertions="5" time="0.145611"/>
        <testcase name="test_peca_Insumo_constantes_http_disponiveis" file="/var/www/html/tests/Unit/PecaInsumoTest.php" line="466" class="Tests\Feature\Modules\PecaInsumo\PecaInsumoTest" classname="Tests.Feature.Modules.PecaInsumo.PecaInsumoTest" assertions="3" time="0.152820"/>
        <testcase name="test_peca_Insumo_controller_tem_anotacoes_openapi" file="/var/www/html/tests/Unit/PecaInsumoTest.php" line="478" class="Tests\Feature\Modules\PecaInsumo\PecaInsumoTest" classname="Tests.Feature.Modules.PecaInsumo.PecaInsumoTest" assertions="1" time="0.141714"/>
        <testcase name="test_peca_Insumo_controller_listagem_tem_swagger" file="/var/www/html/tests/Unit/PecaInsumoTest.php" line="498" class="Tests\Feature\Modules\PecaInsumo\PecaInsumoTest" classname="Tests.Feature.Modules.PecaInsumo.PecaInsumoTest" assertions="3" time="0.175852"/>
      </testsuite>
      <testsuite name="Tests\Feature\ServicoTest" file="/var/www/html/tests/Unit/ServicoTest.php" tests="41" assertions="64" errors="0" failures="0" skipped="0" time="6.488147">
        <testcase name="test_servico_dto_retorna_array_vazio_inicialmente" file="/var/www/html/tests/Unit/ServicoTest.php" line="15" class="Tests\Feature\ServicoTest" classname="Tests.Feature.ServicoTest" assertions="2" time="0.225501"/>
        <testcase name="test_cadastro_dto_aceita_dados_servico" file="/var/www/html/tests/Unit/ServicoTest.php" line="25" class="Tests\Feature\ServicoTest" classname="Tests.Feature.ServicoTest" assertions="4" time="0.158646"/>
        <testcase name="test_servico_model_pode_ser_instanciado" file="/var/www/html/tests/Unit/ServicoTest.php" line="43" class="Tests\Feature\ServicoTest" classname="Tests.Feature.ServicoTest" assertions="1" time="0.175874"/>
        <testcase name="test_servico_model_tem_tabela_correta" file="/var/www/html/tests/Unit/ServicoTest.php" line="49" class="Tests\Feature\ServicoTest" classname="Tests.Feature.ServicoTest" assertions="1" time="0.151893"/>
        <testcase name="test_servico_model_tem_fillable_corretos" file="/var/www/html/tests/Unit/ServicoTest.php" line="56" class="Tests\Feature\ServicoTest" classname="Tests.Feature.ServicoTest" assertions="1" time="0.195591"/>
        <testcase name="test_servico_model_pode_receber_dados_construtor" file="/var/www/html/tests/Unit/ServicoTest.php" line="73" class="Tests\Feature\ServicoTest" classname="Tests.Feature.ServicoTest" assertions="3" time="0.158074"/>
        <testcase name="test_servico_model_timestamps_desabilitados" file="/var/www/html/tests/Unit/ServicoTest.php" line="88" class="Tests\Feature\ServicoTest" classname="Tests.Feature.ServicoTest" assertions="1" time="0.162798"/>
        <testcase name="test_servico_repository_pode_ser_instanciado" file="/var/www/html/tests/Unit/ServicoTest.php" line="97" class="Tests\Feature\ServicoTest" classname="Tests.Feature.ServicoTest" assertions="1" time="0.168474"/>
        <testcase name="test_servico_repository_herda_abstract_repository" file="/var/www/html/tests/Unit/ServicoTest.php" line="104" class="Tests\Feature\ServicoTest" classname="Tests.Feature.ServicoTest" assertions="1" time="0.157649"/>
        <testcase name="test_servico_repository_implementa_interface" file="/var/www/html/tests/Unit/ServicoTest.php" line="111" class="Tests\Feature\ServicoTest" classname="Tests.Feature.ServicoTest" assertions="1" time="0.141089"/>
        <testcase name="test_servico_repository_tem_model_correto" file="/var/www/html/tests/Unit/ServicoTest.php" line="118" class="Tests\Feature\ServicoTest" classname="Tests.Feature.ServicoTest" assertions="1" time="0.139642"/>
        <testcase name="test_servico_repository_tem_metodos_obrigatorios" file="/var/www/html/tests/Unit/ServicoTest.php" line="125" class="Tests\Feature\ServicoTest" classname="Tests.Feature.ServicoTest" assertions="6" time="0.164924"/>
        <testcase name="test_servico_service_pode_ser_instanciado" file="/var/www/html/tests/Unit/ServicoTest.php" line="137" class="Tests\Feature\ServicoTest" classname="Tests.Feature.ServicoTest" assertions="1" time="0.174199"/>
        <testcase name="test_atualizacao_retorna_array_vazio_quando_dados_vazios" file="/var/www/html/tests/Unit/ServicoTest.php" line="145" class="Tests\Feature\ServicoTest" classname="Tests.Feature.ServicoTest" assertions="4" time="0.153462"/>
        <testcase name="test_servico_service_tem_metodo_listagem" file="/var/www/html/tests/Unit/ServicoTest.php" line="167" class="Tests\Feature\ServicoTest" classname="Tests.Feature.ServicoTest" assertions="1" time="0.141327"/>
        <testcase name="test_servico_service_tem_metodo_cadastro" file="/var/www/html/tests/Unit/ServicoTest.php" line="172" class="Tests\Feature\ServicoTest" classname="Tests.Feature.ServicoTest" assertions="1" time="0.148536"/>
        <testcase name="test_servico_service_tem_metodo_obter_um_por_uuid" file="/var/www/html/tests/Unit/ServicoTest.php" line="177" class="Tests\Feature\ServicoTest" classname="Tests.Feature.ServicoTest" assertions="1" time="0.138562"/>
        <testcase name="test_servico_service_tem_metodo_remocao" file="/var/www/html/tests/Unit/ServicoTest.php" line="182" class="Tests\Feature\ServicoTest" classname="Tests.Feature.ServicoTest" assertions="1" time="0.161157"/>
        <testcase name="test_servico_service_tem_metodo_atualizacao" file="/var/www/html/tests/Unit/ServicoTest.php" line="187" class="Tests\Feature\ServicoTest" classname="Tests.Feature.ServicoTest" assertions="1" time="0.164098"/>
        <testcase name="test_servico_service_recebe_repository_construtor" file="/var/www/html/tests/Unit/ServicoTest.php" line="192" class="Tests\Feature\ServicoTest" classname="Tests.Feature.ServicoTest" assertions="1" time="0.139238"/>
        <testcase name="test_servico_controller_pode_ser_instanciado" file="/var/www/html/tests/Unit/ServicoTest.php" line="203" class="Tests\Feature\ServicoTest" classname="Tests.Feature.ServicoTest" assertions="1" time="0.185122"/>
        <testcase name="test_servico_controller_herda_controller_base" file="/var/www/html/tests/Unit/ServicoTest.php" line="212" class="Tests\Feature\ServicoTest" classname="Tests.Feature.ServicoTest" assertions="1" time="0.164507"/>
        <testcase name="test_servico_controller_tem_metodo_listagem" file="/var/www/html/tests/Unit/ServicoTest.php" line="221" class="Tests\Feature\ServicoTest" classname="Tests.Feature.ServicoTest" assertions="1" time="0.143347"/>
        <testcase name="test_servico_controller_tem_metodo_cadastro" file="/var/www/html/tests/Unit/ServicoTest.php" line="226" class="Tests\Feature\ServicoTest" classname="Tests.Feature.ServicoTest" assertions="1" time="0.143145"/>
        <testcase name="test_servico_controller_tem_metodo_obter_um_por_uuid" file="/var/www/html/tests/Unit/ServicoTest.php" line="231" class="Tests\Feature\ServicoTest" classname="Tests.Feature.ServicoTest" assertions="1" time="0.160881"/>
        <testcase name="test_servico_controller_tem_metodo_remocao" file="/var/www/html/tests/Unit/ServicoTest.php" line="236" class="Tests\Feature\ServicoTest" classname="Tests.Feature.ServicoTest" assertions="1" time="0.154277"/>
        <testcase name="test_servico_controller_tem_metodo_atualizacao" file="/var/www/html/tests/Unit/ServicoTest.php" line="241" class="Tests\Feature\ServicoTest" classname="Tests.Feature.ServicoTest" assertions="1" time="0.139232"/>
        <testcase name="test_servico_controller_recebe_service_construtor" file="/var/www/html/tests/Unit/ServicoTest.php" line="246" class="Tests\Feature\ServicoTest" classname="Tests.Feature.ServicoTest" assertions="1" time="0.147476"/>
        <testcase name="test_servico_cadastro_request_pode_ser_instanciado" file="/var/www/html/tests/Unit/ServicoTest.php" line="257" class="Tests\Feature\ServicoTest" classname="Tests.Feature.ServicoTest" assertions="1" time="0.148421"/>
        <testcase name="test_servico_cadastro_request_herda_form_request" file="/var/www/html/tests/Unit/ServicoTest.php" line="264" class="Tests\Feature\ServicoTest" classname="Tests.Feature.ServicoTest" assertions="1" time="0.150722"/>
        <testcase name="test_servico_cadastro_request_tem_metodo_rules" file="/var/www/html/tests/Unit/ServicoTest.php" line="271" class="Tests\Feature\ServicoTest" classname="Tests.Feature.ServicoTest" assertions="1" time="0.146494"/>
        <testcase name="test_servico_cadastro_request_tem_metodo_to_dto" file="/var/www/html/tests/Unit/ServicoTest.php" line="276" class="Tests\Feature\ServicoTest" classname="Tests.Feature.ServicoTest" assertions="1" time="0.170207"/>
        <testcase name="test_servico_listagem_request_pode_ser_instanciado" file="/var/www/html/tests/Unit/ServicoTest.php" line="281" class="Tests\Feature\ServicoTest" classname="Tests.Feature.ServicoTest" assertions="1" time="0.168161"/>
        <testcase name="test_servico_obter_um_por_uuid_request_pode_ser_instanciado" file="/var/www/html/tests/Unit/ServicoTest.php" line="288" class="Tests\Feature\ServicoTest" classname="Tests.Feature.ServicoTest" assertions="1" time="0.170509"/>
        <testcase name="test_servico_atualizacao_request_pode_ser_instanciado" file="/var/www/html/tests/Unit/ServicoTest.php" line="295" class="Tests\Feature\ServicoTest" classname="Tests.Feature.ServicoTest" assertions="1" time="0.162714"/>
        <testcase name="test_servico_pode_definir_rotas" file="/var/www/html/tests/Unit/ServicoTest.php" line="304" class="Tests\Feature\ServicoTest" classname="Tests.Feature.ServicoTest" assertions="2" time="0.141329"/>
        <testcase name="test_servico_controller_namespace_correto" file="/var/www/html/tests/Unit/ServicoTest.php" line="311" class="Tests\Feature\ServicoTest" classname="Tests.Feature.ServicoTest" assertions="1" time="0.142579"/>
        <testcase name="test_servico_controller_tem_metodos_para_rotas" file="/var/www/html/tests/Unit/ServicoTest.php" line="319" class="Tests\Feature\ServicoTest" classname="Tests.Feature.ServicoTest" assertions="5" time="0.165254"/>
        <testcase name="test_servico_constantes_http_disponiveis" file="/var/www/html/tests/Unit/ServicoTest.php" line="330" class="Tests\Feature\ServicoTest" classname="Tests.Feature.ServicoTest" assertions="3" time="0.155102"/>
        <testcase name="test_servico_controller_tem_anotacoes_openapi" file="/var/www/html/tests/Unit/ServicoTest.php" line="339" class="Tests\Feature\ServicoTest" classname="Tests.Feature.ServicoTest" assertions="1" time="0.147014"/>
        <testcase name="test_servico_controller_listagem_tem_swagger" file="/var/www/html/tests/Unit/ServicoTest.php" line="356" class="Tests\Feature\ServicoTest" classname="Tests.Feature.ServicoTest" assertions="3" time="0.160921"/>
      </testsuite>
      <testsuite name="Tests\Unit\StatusDisponiveisTest" file="/var/www/html/tests/Unit/StatusDisponiveisTest.php" tests="6" assertions="12" errors="0" failures="0" skipped="0" time="0.948169">
        <testcase name="test_listagem_dto" file="/var/www/html/tests/Unit/StatusDisponiveisTest.php" line="20" class="Tests\Unit\StatusDisponiveisTest" classname="Tests.Unit.StatusDisponiveisTest" assertions="2" time="0.198652"/>
        <testcase name="test_cadastro_dto" file="/var/www/html/tests/Unit/StatusDisponiveisTest.php" line="32" class="Tests\Unit\StatusDisponiveisTest" classname="Tests.Unit.StatusDisponiveisTest" assertions="5" time="0.143316"/>
        <testcase name="test_model_instanciacao" file="/var/www/html/tests/Unit/StatusDisponiveisTest.php" line="53" class="Tests\Unit\StatusDisponiveisTest" classname="Tests.Unit.StatusDisponiveisTest" assertions="2" time="0.163011"/>
        <testcase name="test_model_fillable" file="/var/www/html/tests/Unit/StatusDisponiveisTest.php" line="64" class="Tests\Unit\StatusDisponiveisTest" classname="Tests.Unit.StatusDisponiveisTest" assertions="1" time="0.143044"/>
        <testcase name="test_repository_instanciacao" file="/var/www/html/tests/Unit/StatusDisponiveisTest.php" line="81" class="Tests\Unit\StatusDisponiveisTest" classname="Tests.Unit.StatusDisponiveisTest" assertions="1" time="0.148578"/>
        <testcase name="test_service_instanciacao" file="/var/www/html/tests/Unit/StatusDisponiveisTest.php" line="93" class="Tests\Unit\StatusDisponiveisTest" classname="Tests.Unit.StatusDisponiveisTest" assertions="1" time="0.151567"/>
      </testsuite>
      <testsuite name="Tests\Unit\UsuarioTest" file="/var/www/html/tests/Unit/UsuarioTest.php" tests="10" assertions="18" errors="0" failures="0" skipped="0" time="1.647706">
        <testcase name="test_listagem_dto_retorna_array_vazio_inicialmente" file="/var/www/html/tests/Unit/UsuarioTest.php" line="24" class="Tests\Unit\UsuarioTest" classname="Tests.Unit.UsuarioTest" assertions="1" time="0.163883"/>
        <testcase name="test_cadastro_dto_aceita_dados_usuario" file="/var/www/html/tests/Unit/UsuarioTest.php" line="33" class="Tests\Unit\UsuarioTest" classname="Tests.Unit.UsuarioTest" assertions="6" time="0.142526"/>
        <testcase name="test_atualizacao_dto_pode_ser_instanciado" file="/var/www/html/tests/Unit/UsuarioTest.php" line="54" class="Tests\Unit\UsuarioTest" classname="Tests.Unit.UsuarioTest" assertions="1" time="0.152305"/>
        <testcase name="test_enum_papel_tem_valores_corretos" file="/var/www/html/tests/Unit/UsuarioTest.php" line="64" class="Tests\Unit\UsuarioTest" classname="Tests.Unit.UsuarioTest" assertions="4" time="0.168936"/>
        <testcase name="test_usuario_model_pode_ser_instanciado" file="/var/www/html/tests/Unit/UsuarioTest.php" line="78" class="Tests\Unit\UsuarioTest" classname="Tests.Unit.UsuarioTest" assertions="1" time="0.235255"/>
        <testcase name="test_usuario_model_tem_tabela_correta" file="/var/www/html/tests/Unit/UsuarioTest.php" line="87" class="Tests\Unit\UsuarioTest" classname="Tests.Unit.UsuarioTest" assertions="1" time="0.145374"/>
        <testcase name="test_usuario_model_tem_fillable_corretos" file="/var/www/html/tests/Unit/UsuarioTest.php" line="96" class="Tests\Unit\UsuarioTest" classname="Tests.Unit.UsuarioTest" assertions="1" time="0.143309"/>
        <testcase name="test_usuario_repository_pode_ser_instanciado" file="/var/www/html/tests/Unit/UsuarioTest.php" line="119" class="Tests\Unit\UsuarioTest" classname="Tests.Unit.UsuarioTest" assertions="1" time="0.153397"/>
        <testcase name="test_usuario_repository_tem_model_correto" file="/var/www/html/tests/Unit/UsuarioTest.php" line="128" class="Tests\Unit\UsuarioTest" classname="Tests.Unit.UsuarioTest" assertions="1" time="0.139983"/>
        <testcase name="test_usuario_service_pode_ser_instanciado" file="/var/www/html/tests/Unit/UsuarioTest.php" line="139" class="Tests\Unit\UsuarioTest" classname="Tests.Unit.UsuarioTest" assertions="1" time="0.202738"/>
      </testsuite>
      <testsuite name="Tests\Feature\Modules\Veiculo\VeiculoTest" file="/var/www/html/tests/Unit/VeiculoTest.php" tests="43" assertions="78" errors="0" failures="0" skipped="0" time="6.728055">
        <testcase name="test_listagem_dto_retorna_array_vazio_inicialmente" file="/var/www/html/tests/Unit/VeiculoTest.php" line="23" class="Tests\Feature\Modules\Veiculo\VeiculoTest" classname="Tests.Feature.Modules.Veiculo.VeiculoTest" assertions="3" time="0.166833"/>
        <testcase name="test_listagem_dto_aceita_parametros_veiculo" file="/var/www/html/tests/Unit/VeiculoTest.php" line="34" class="Tests\Feature\Modules\Veiculo\VeiculoTest" classname="Tests.Feature.Modules.Veiculo.VeiculoTest" assertions="3" time="0.143569"/>
        <testcase name="test_cadastro_dto_aceita_dados_veiculo" file="/var/www/html/tests/Unit/VeiculoTest.php" line="51" class="Tests\Feature\Modules\Veiculo\VeiculoTest" classname="Tests.Feature.Modules.Veiculo.VeiculoTest" assertions="7" time="0.147425"/>
        <testcase name="test_veiculo_model_pode_ser_instanciado" file="/var/www/html/tests/Unit/VeiculoTest.php" line="79" class="Tests\Feature\Modules\Veiculo\VeiculoTest" classname="Tests.Feature.Modules.Veiculo.VeiculoTest" assertions="1" time="0.173704"/>
        <testcase name="test_veiculo_model_tem_tabela_correta" file="/var/www/html/tests/Unit/VeiculoTest.php" line="88" class="Tests\Feature\Modules\Veiculo\VeiculoTest" classname="Tests.Feature.Modules.Veiculo.VeiculoTest" assertions="1" time="0.139467"/>
        <testcase name="test_veiculo_model_tem_fillable_corretos" file="/var/www/html/tests/Unit/VeiculoTest.php" line="98" class="Tests\Feature\Modules\Veiculo\VeiculoTest" classname="Tests.Feature.Modules.Veiculo.VeiculoTest" assertions="1" time="0.171836"/>
        <testcase name="test_veiculo_model_pode_receber_dados_construtor" file="/var/www/html/tests/Unit/VeiculoTest.php" line="122" class="Tests\Feature\Modules\Veiculo\VeiculoTest" classname="Tests.Feature.Modules.Veiculo.VeiculoTest" assertions="6" time="0.165406"/>
        <testcase name="test_veiculo_model_timestamps_desabilitados" file="/var/www/html/tests/Unit/VeiculoTest.php" line="147" class="Tests\Feature\Modules\Veiculo\VeiculoTest" classname="Tests.Feature.Modules.Veiculo.VeiculoTest" assertions="1" time="0.139868"/>
        <testcase name="test_veiculo_model_tem_relacionamento_cliente_veiculos" file="/var/www/html/tests/Unit/VeiculoTest.php" line="157" class="Tests\Feature\Modules\Veiculo\VeiculoTest" classname="Tests.Feature.Modules.Veiculo.VeiculoTest" assertions="3" time="0.168822"/>
        <testcase name="test_veiculo_model_tem_relacionamento_clientes" file="/var/www/html/tests/Unit/VeiculoTest.php" line="170" class="Tests\Feature\Modules\Veiculo\VeiculoTest" classname="Tests.Feature.Modules.Veiculo.VeiculoTest" assertions="5" time="0.168837"/>
        <testcase name="test_veiculo_repository_pode_ser_instanciado" file="/var/www/html/tests/Unit/VeiculoTest.php" line="188" class="Tests\Feature\Modules\Veiculo\VeiculoTest" classname="Tests.Feature.Modules.Veiculo.VeiculoTest" assertions="1" time="0.169012"/>
        <testcase name="test_veiculo_repository_herda_abstract_repository" file="/var/www/html/tests/Unit/VeiculoTest.php" line="198" class="Tests\Feature\Modules\Veiculo\VeiculoTest" classname="Tests.Feature.Modules.Veiculo.VeiculoTest" assertions="1" time="0.160471"/>
        <testcase name="test_veiculo_repository_implementa_interface" file="/var/www/html/tests/Unit/VeiculoTest.php" line="208" class="Tests\Feature\Modules\Veiculo\VeiculoTest" classname="Tests.Feature.Modules.Veiculo.VeiculoTest" assertions="1" time="0.166197"/>
        <testcase name="test_veiculo_repository_tem_model_correto" file="/var/www/html/tests/Unit/VeiculoTest.php" line="218" class="Tests\Feature\Modules\Veiculo\VeiculoTest" classname="Tests.Feature.Modules.Veiculo.VeiculoTest" assertions="1" time="0.169486"/>
        <testcase name="test_veiculo_repository_tem_metodos_obrigatorios" file="/var/www/html/tests/Unit/VeiculoTest.php" line="228" class="Tests\Feature\Modules\Veiculo\VeiculoTest" classname="Tests.Feature.Modules.Veiculo.VeiculoTest" assertions="6" time="0.166391"/>
        <testcase name="test_veiculo_service_pode_ser_instanciado" file="/var/www/html/tests/Unit/VeiculoTest.php" line="243" class="Tests\Feature\Modules\Veiculo\VeiculoTest" classname="Tests.Feature.Modules.Veiculo.VeiculoTest" assertions="1" time="0.199965"/>
        <testcase name="test_veiculo_service_tem_metodo_listagem" file="/var/www/html/tests/Unit/VeiculoTest.php" line="261" class="Tests\Feature\Modules\Veiculo\VeiculoTest" classname="Tests.Feature.Modules.Veiculo.VeiculoTest" assertions="1" time="0.142577"/>
        <testcase name="test_veiculo_service_tem_metodo_cadastro" file="/var/www/html/tests/Unit/VeiculoTest.php" line="269" class="Tests\Feature\Modules\Veiculo\VeiculoTest" classname="Tests.Feature.Modules.Veiculo.VeiculoTest" assertions="1" time="0.164530"/>
        <testcase name="test_veiculo_service_tem_metodo_obter_um_por_uuid" file="/var/www/html/tests/Unit/VeiculoTest.php" line="277" class="Tests\Feature\Modules\Veiculo\VeiculoTest" classname="Tests.Feature.Modules.Veiculo.VeiculoTest" assertions="1" time="0.164674"/>
        <testcase name="test_veiculo_service_tem_metodo_remocao" file="/var/www/html/tests/Unit/VeiculoTest.php" line="285" class="Tests\Feature\Modules\Veiculo\VeiculoTest" classname="Tests.Feature.Modules.Veiculo.VeiculoTest" assertions="1" time="0.145653"/>
        <testcase name="test_veiculo_service_tem_metodo_atualizacao" file="/var/www/html/tests/Unit/VeiculoTest.php" line="293" class="Tests\Feature\Modules\Veiculo\VeiculoTest" classname="Tests.Feature.Modules.Veiculo.VeiculoTest" assertions="1" time="0.149592"/>
        <testcase name="test_veiculo_service_recebe_dependencias_construtor" file="/var/www/html/tests/Unit/VeiculoTest.php" line="301" class="Tests\Feature\Modules\Veiculo\VeiculoTest" classname="Tests.Feature.Modules.Veiculo.VeiculoTest" assertions="1" time="0.147358"/>
        <testcase name="test_veiculo_controller_pode_ser_instanciado" file="/var/www/html/tests/Unit/VeiculoTest.php" line="322" class="Tests\Feature\Modules\Veiculo\VeiculoTest" classname="Tests.Feature.Modules.Veiculo.VeiculoTest" assertions="1" time="0.176439"/>
        <testcase name="test_veiculo_controller_herda_controller_base" file="/var/www/html/tests/Unit/VeiculoTest.php" line="333" class="Tests\Feature\Modules\Veiculo\VeiculoTest" classname="Tests.Feature.Modules.Veiculo.VeiculoTest" assertions="1" time="0.148594"/>
        <testcase name="test_veiculo_controller_tem_metodo_listagem" file="/var/www/html/tests/Unit/VeiculoTest.php" line="344" class="Tests\Feature\Modules\Veiculo\VeiculoTest" classname="Tests.Feature.Modules.Veiculo.VeiculoTest" assertions="1" time="0.147905"/>
        <testcase name="test_veiculo_controller_tem_metodo_cadastro" file="/var/www/html/tests/Unit/VeiculoTest.php" line="352" class="Tests\Feature\Modules\Veiculo\VeiculoTest" classname="Tests.Feature.Modules.Veiculo.VeiculoTest" assertions="1" time="0.142903"/>
        <testcase name="test_veiculo_controller_tem_metodo_obter_um_por_uuid" file="/var/www/html/tests/Unit/VeiculoTest.php" line="360" class="Tests\Feature\Modules\Veiculo\VeiculoTest" classname="Tests.Feature.Modules.Veiculo.VeiculoTest" assertions="1" time="0.170807"/>
        <testcase name="test_veiculo_controller_tem_metodo_remocao" file="/var/www/html/tests/Unit/VeiculoTest.php" line="368" class="Tests\Feature\Modules\Veiculo\VeiculoTest" classname="Tests.Feature.Modules.Veiculo.VeiculoTest" assertions="1" time="0.163924"/>
        <testcase name="test_veiculo_controller_tem_metodo_atualizacao" file="/var/www/html/tests/Unit/VeiculoTest.php" line="376" class="Tests\Feature\Modules\Veiculo\VeiculoTest" classname="Tests.Feature.Modules.Veiculo.VeiculoTest" assertions="1" time="0.145858"/>
        <testcase name="test_veiculo_controller_recebe_service_construtor" file="/var/www/html/tests/Unit/VeiculoTest.php" line="384" class="Tests\Feature\Modules\Veiculo\VeiculoTest" classname="Tests.Feature.Modules.Veiculo.VeiculoTest" assertions="1" time="0.139002"/>
        <testcase name="test_veiculo_cadastro_request_pode_ser_instanciado" file="/var/www/html/tests/Unit/VeiculoTest.php" line="397" class="Tests\Feature\Modules\Veiculo\VeiculoTest" classname="Tests.Feature.Modules.Veiculo.VeiculoTest" assertions="1" time="0.166200"/>
        <testcase name="test_veiculo_cadastro_request_herda_form_request" file="/var/www/html/tests/Unit/VeiculoTest.php" line="407" class="Tests\Feature\Modules\Veiculo\VeiculoTest" classname="Tests.Feature.Modules.Veiculo.VeiculoTest" assertions="1" time="0.164181"/>
        <testcase name="test_veiculo_cadastro_request_tem_metodo_rules" file="/var/www/html/tests/Unit/VeiculoTest.php" line="417" class="Tests\Feature\Modules\Veiculo\VeiculoTest" classname="Tests.Feature.Modules.Veiculo.VeiculoTest" assertions="1" time="0.166078"/>
        <testcase name="test_veiculo_cadastro_request_tem_metodo_to_dto" file="/var/www/html/tests/Unit/VeiculoTest.php" line="425" class="Tests\Feature\Modules\Veiculo\VeiculoTest" classname="Tests.Feature.Modules.Veiculo.VeiculoTest" assertions="1" time="0.145381"/>
        <testcase name="test_veiculo_listagem_request_pode_ser_instanciado" file="/var/www/html/tests/Unit/VeiculoTest.php" line="433" class="Tests\Feature\Modules\Veiculo\VeiculoTest" classname="Tests.Feature.Modules.Veiculo.VeiculoTest" assertions="1" time="0.151180"/>
        <testcase name="test_veiculo_obter_um_por_uuid_request_pode_ser_instanciado" file="/var/www/html/tests/Unit/VeiculoTest.php" line="443" class="Tests\Feature\Modules\Veiculo\VeiculoTest" classname="Tests.Feature.Modules.Veiculo.VeiculoTest" assertions="1" time="0.142220"/>
        <testcase name="test_veiculo_atualizacao_request_pode_ser_instanciado" file="/var/www/html/tests/Unit/VeiculoTest.php" line="453" class="Tests\Feature\Modules\Veiculo\VeiculoTest" classname="Tests.Feature.Modules.Veiculo.VeiculoTest" assertions="1" time="0.157991"/>
        <testcase name="test_veiculo_pode_definir_rotas" file="/var/www/html/tests/Unit/VeiculoTest.php" line="465" class="Tests\Feature\Modules\Veiculo\VeiculoTest" classname="Tests.Feature.Modules.Veiculo.VeiculoTest" assertions="2" time="0.142696"/>
        <testcase name="test_veiculo_controller_namespace_correto" file="/var/www/html/tests/Unit/VeiculoTest.php" line="475" class="Tests\Feature\Modules\Veiculo\VeiculoTest" classname="Tests.Feature.Modules.Veiculo.VeiculoTest" assertions="1" time="0.144940"/>
        <testcase name="test_veiculo_controller_tem_metodos_para_rotas" file="/var/www/html/tests/Unit/VeiculoTest.php" line="486" class="Tests\Feature\Modules\Veiculo\VeiculoTest" classname="Tests.Feature.Modules.Veiculo.VeiculoTest" assertions="5" time="0.146375"/>
        <testcase name="test_veiculo_constantes_http_disponiveis" file="/var/www/html/tests/Unit/VeiculoTest.php" line="500" class="Tests\Feature\Modules\Veiculo\VeiculoTest" classname="Tests.Feature.Modules.Veiculo.VeiculoTest" assertions="3" time="0.142929"/>
        <testcase name="test_veiculo_controller_tem_anotacoes_openapi" file="/var/www/html/tests/Unit/VeiculoTest.php" line="512" class="Tests\Feature\Modules\Veiculo\VeiculoTest" classname="Tests.Feature.Modules.Veiculo.VeiculoTest" assertions="1" time="0.149973"/>
        <testcase name="test_veiculo_controller_listagem_tem_swagger" file="/var/www/html/tests/Unit/VeiculoTest.php" line="532" class="Tests\Feature\Modules\Veiculo\VeiculoTest" classname="Tests.Feature.Modules.Veiculo.VeiculoTest" assertions="3" time="0.140808"/>
      </testsuite>
    </testsuite>
    <testsuite name="Feature" tests="209" assertions="921" errors="2" failures="16" skipped="0" time="61.856453">
      <testsuite name="Tests\Feature\Modules\Auth\AuthTest" file="/var/www/html/tests/Feature/Modules/Auth/AuthTest.php" tests="3" assertions="8" errors="0" failures="0" skipped="0" time="1.326821">
        <testcase name="test_login_com_usuario_valido" file="/var/www/html/tests/Feature/Modules/Auth/AuthTest.php" line="15" class="Tests\Feature\Modules\Auth\AuthTest" classname="Tests.Feature.Modules.Auth.AuthTest" assertions="4" time="0.939751"/>
        <testcase name="test_login_com_email_do_usuario_nao_existente" file="/var/www/html/tests/Feature/Modules/Auth/AuthTest.php" line="36" class="Tests\Feature\Modules\Auth\AuthTest" classname="Tests.Feature.Modules.Auth.AuthTest" assertions="1" time="0.192693"/>
        <testcase name="test_retorna_dados_do_usuario_logado_pelo_jwt" file="/var/www/html/tests/Feature/Modules/Auth/AuthTest.php" line="53" class="Tests\Feature\Modules\Auth\AuthTest" classname="Tests.Feature.Modules.Auth.AuthTest" assertions="3" time="0.194377"/>
      </testsuite>
      <testsuite name="Tests\Feature\Modules\Cliente\ClienteAtualizacaoTest" file="/var/www/html/tests/Feature/Modules/Cliente/ClienteAtualizacaoTest.php" tests="6" assertions="26" errors="0" failures="3" skipped="0" time="3.003644">
        <testcase name="test_cliente_pode_ser_atualizado" file="/var/www/html/tests/Feature/Modules/Cliente/ClienteAtualizacaoTest.php" line="42" class="Tests\Feature\Modules\Cliente\ClienteAtualizacaoTest" classname="Tests.Feature.Modules.Cliente.ClienteAtualizacaoTest" assertions="2" time="1.010408">
          <failure type="PHPUnit\Framework\ExpectationFailedException">Tests\Feature\Modules\Cliente\ClienteAtualizacaoTest::test_cliente_pode_ser_atualizado
Expected response status code [200] but received 500.
Failed asserting that 500 is identical to 200.

/var/www/html/vendor/laravel/framework/src/Illuminate/Testing/TestResponseAssert.php:45
/var/www/html/vendor/laravel/framework/src/Illuminate/Testing/TestResponse.php:174
/var/www/html/vendor/laravel/framework/src/Illuminate/Testing/Concerns/AssertsStatusCodes.php:16
/var/www/html/tests/Feature/Modules/Cliente/ClienteAtualizacaoTest.php:58</failure>
        </testcase>
        <testcase name="test_nome_do_cliente_pode_ser_atualizado" file="/var/www/html/tests/Feature/Modules/Cliente/ClienteAtualizacaoTest.php" line="61" class="Tests\Feature\Modules\Cliente\ClienteAtualizacaoTest" classname="Tests.Feature.Modules.Cliente.ClienteAtualizacaoTest" assertions="2" time="0.407472"/>
        <testcase name="test_endereco_do_cliente_pode_ser_atualizado" file="/var/www/html/tests/Feature/Modules/Cliente/ClienteAtualizacaoTest.php" line="78" class="Tests\Feature\Modules\Cliente\ClienteAtualizacaoTest" classname="Tests.Feature.Modules.Cliente.ClienteAtualizacaoTest" assertions="2" time="0.413178">
          <failure type="PHPUnit\Framework\ExpectationFailedException">Tests\Feature\Modules\Cliente\ClienteAtualizacaoTest::test_endereco_do_cliente_pode_ser_atualizado
Expected response status code [200] but received 500.
Failed asserting that 500 is identical to 200.

/var/www/html/vendor/laravel/framework/src/Illuminate/Testing/TestResponseAssert.php:45
/var/www/html/vendor/laravel/framework/src/Illuminate/Testing/TestResponse.php:174
/var/www/html/vendor/laravel/framework/src/Illuminate/Testing/Concerns/AssertsStatusCodes.php:16
/var/www/html/tests/Feature/Modules/Cliente/ClienteAtualizacaoTest.php:97</failure>
        </testcase>
        <testcase name="test_atualizacao_cliente_nao_encontrado_lanca_model_not_found_exception" file="/var/www/html/tests/Feature/Modules/Cliente/ClienteAtualizacaoTest.php" line="100" class="Tests\Feature\Modules\Cliente\ClienteAtualizacaoTest" classname="Tests.Feature.Modules.Cliente.ClienteAtualizacaoTest" assertions="7" time="0.416630">
          <failure type="PHPUnit\Framework\ExpectationFailedException">Tests\Feature\Modules\Cliente\ClienteAtualizacaoTest::test_atualizacao_cliente_nao_encontrado_lanca_model_not_found_exception
Failed asserting that a string is not empty.

/var/www/html/tests/Feature/Modules/Cliente/ClienteAtualizacaoTest.php:124</failure>
        </testcase>
        <testcase name="test_atualizacao_cliente_retorna_erro_de_regra_de_negocio" file="/var/www/html/tests/Feature/Modules/Cliente/ClienteAtualizacaoTest.php" line="127" class="Tests\Feature\Modules\Cliente\ClienteAtualizacaoTest" classname="Tests.Feature.Modules.Cliente.ClienteAtualizacaoTest" assertions="6" time="0.382351"/>
        <testcase name="test_atualizacao_cliente_retorna_erro_interno_em_excecao_generica" file="/var/www/html/tests/Feature/Modules/Cliente/ClienteAtualizacaoTest.php" line="154" class="Tests\Feature\Modules\Cliente\ClienteAtualizacaoTest" classname="Tests.Feature.Modules.Cliente.ClienteAtualizacaoTest" assertions="7" time="0.373606"/>
      </testsuite>
      <testsuite name="Tests\Feature\Modules\Cliente\ClienteCadastroTest" file="/var/www/html/tests/Feature/Modules/Cliente/ClienteCadastroTest.php" tests="4" assertions="15" errors="0" failures="0" skipped="0" time="1.767893">
        <testcase name="test_cliente_pode_ser_cadastrado" file="/var/www/html/tests/Feature/Modules/Cliente/ClienteCadastroTest.php" line="39" class="Tests\Feature\Modules\Cliente\ClienteCadastroTest" classname="Tests.Feature.Modules.Cliente.ClienteCadastroTest" assertions="2" time="0.414837"/>
        <testcase name="test_cliente_nao_pode_ser_cadastrado_sem_dados_obrigatorios" file="/var/www/html/tests/Feature/Modules/Cliente/ClienteCadastroTest.php" line="59" class="Tests\Feature\Modules\Cliente\ClienteCadastroTest" classname="Tests.Feature.Modules.Cliente.ClienteCadastroTest" assertions="2" time="0.478541"/>
        <testcase name="test_cadastro_de_cliente_retorna_erro_de_regra_de_negocio" file="/var/www/html/tests/Feature/Modules/Cliente/ClienteCadastroTest.php" line="80" class="Tests\Feature\Modules\Cliente\ClienteCadastroTest" classname="Tests.Feature.Modules.Cliente.ClienteCadastroTest" assertions="5" time="0.449175"/>
        <testcase name="test_cadastro_de_cliente_retorna_erro_interno_em_excecao_generica" file="/var/www/html/tests/Feature/Modules/Cliente/ClienteCadastroTest.php" line="103" class="Tests\Feature\Modules\Cliente\ClienteCadastroTest" classname="Tests.Feature.Modules.Cliente.ClienteCadastroTest" assertions="6" time="0.425340"/>
      </testsuite>
      <testsuite name="Tests\Feature\Modules\Cliente\ClienteListagemTest" file="/var/www/html/tests/Feature/Modules/Cliente/ClienteListagemTest.php" tests="5" assertions="22" errors="1" failures="1" skipped="0" time="2.326382">
        <testcase name="test_listagem_deve_retornar_erro_500_quando_service_lanca_excecao" file="/var/www/html/tests/Feature/Modules/Cliente/ClienteListagemTest.php" line="40" class="Tests\Feature\Modules\Cliente\ClienteListagemTest" classname="Tests.Feature.Modules.Cliente.ClienteListagemTest" assertions="5" time="0.437072"/>
        <testcase name="test_clientes_cadastrados_podem_ser_listados" file="/var/www/html/tests/Feature/Modules/Cliente/ClienteListagemTest.php" line="62" class="Tests\Feature\Modules\Cliente\ClienteListagemTest" classname="Tests.Feature.Modules.Cliente.ClienteListagemTest" assertions="3" time="0.459282"/>
        <testcase name="test_cliente_pode_ser_listado_informando_uuid_de_cadastro" file="/var/www/html/tests/Feature/Modules/Cliente/ClienteListagemTest.php" line="74" class="Tests\Feature\Modules\Cliente\ClienteListagemTest" classname="Tests.Feature.Modules.Cliente.ClienteListagemTest" assertions="4" time="0.449043"/>
        <testcase name="test_metodo_obter_um_por_uuid_no_controller_de_cliente_recupera_not_found_exception" file="/var/www/html/tests/Feature/Modules/Cliente/ClienteListagemTest.php" line="105" class="Tests\Feature\Modules\Cliente\ClienteListagemTest" classname="Tests.Feature.Modules.Cliente.ClienteListagemTest" assertions="5" time="0.497242">
          <error type="Mockery\Exception\InvalidCountException">Tests\Feature\Modules\Cliente\ClienteListagemTest::test_metodo_obter_um_por_uuid_no_controller_de_cliente_recupera_not_found_exception
Mockery\Exception\InvalidCountException: Method obterUmPorUuid('uuid-inexistente-1234') from Mockery_13_App_Modules_Cliente_Service_Service should be called
 exactly 1 times but called 0 times.

/var/www/html/vendor/mockery/mockery/library/Mockery/CountValidator/Exact.php:32
/var/www/html/vendor/mockery/mockery/library/Mockery/Expectation.php:739
/var/www/html/vendor/mockery/mockery/library/Mockery/ExpectationDirector.php:202
/var/www/html/vendor/mockery/mockery/library/Mockery/Container.php:583
/var/www/html/vendor/mockery/mockery/library/Mockery/Container.php:519
/var/www/html/vendor/mockery/mockery/library/Mockery.php:176
/var/www/html/vendor/laravel/framework/src/Illuminate/Foundation/Testing/Concerns/InteractsWithTestCaseLifecycle.php:142
/var/www/html/vendor/laravel/framework/src/Illuminate/Foundation/Testing/TestCase.php:66</error>
        </testcase>
        <testcase name="test_metodo_obter_um_por_uuid_no_controller_de_cliente_recupera_exception_generica" file="/var/www/html/tests/Feature/Modules/Cliente/ClienteListagemTest.php" line="134" class="Tests\Feature\Modules\Cliente\ClienteListagemTest" classname="Tests.Feature.Modules.Cliente.ClienteListagemTest" assertions="5" time="0.483743">
          <failure type="PHPUnit\Framework\ExpectationFailedException">Tests\Feature\Modules\Cliente\ClienteListagemTest::test_metodo_obter_um_por_uuid_no_controller_de_cliente_recupera_exception_generica
Failed asserting that two strings are equal.
--- Expected
+++ Actual
@@ @@
-'Erro interno'
+'Mockery_13_App_Modules_Cliente_Service_Service::obterUmPorUuid(): Argument #1 ($uuid) must be of type string, null given, called in /var/www/html/app/Modules/Cliente/Controller/ClienteController.php on line 144'

/var/www/html/tests/Feature/Modules/Cliente/ClienteListagemTest.php:157</failure>
        </testcase>
      </testsuite>
      <testsuite name="Tests\Feature\Modules\Cliente\ClienteRemocaoTest" file="/var/www/html/tests/Feature/Modules/Cliente/ClienteRemocaoTest.php" tests="5" assertions="19" errors="1" failures="2" skipped="0" time="2.102175">
        <testcase name="test_cliente_pode_ser_removido" file="/var/www/html/tests/Feature/Modules/Cliente/ClienteRemocaoTest.php" line="40" class="Tests\Feature\Modules\Cliente\ClienteRemocaoTest" classname="Tests.Feature.Modules.Cliente.ClienteRemocaoTest" assertions="4" time="0.434775"/>
        <testcase name="test_cliente_nao_pode_ser_removido_sem_um_uuid_valido" file="/var/www/html/tests/Feature/Modules/Cliente/ClienteRemocaoTest.php" line="65" class="Tests\Feature\Modules\Cliente\ClienteRemocaoTest" classname="Tests.Feature.Modules.Cliente.ClienteRemocaoTest" assertions="2" time="0.414071"/>
        <testcase name="test_remocao_cliente_inexistente_lanca_model_not_found" file="/var/www/html/tests/Feature/Modules/Cliente/ClienteRemocaoTest.php" line="74" class="Tests\Feature\Modules\Cliente\ClienteRemocaoTest" classname="Tests.Feature.Modules.Cliente.ClienteRemocaoTest" assertions="5" time="0.426580">
          <error type="Mockery\Exception\InvalidCountException">Tests\Feature\Modules\Cliente\ClienteRemocaoTest::test_remocao_cliente_inexistente_lanca_model_not_found
Mockery\Exception\InvalidCountException: Method remocao('inexistente-uuid-1234') from Mockery_13_App_Modules_Cliente_Service_Service should be called
 exactly 1 times but called 0 times.

/var/www/html/vendor/mockery/mockery/library/Mockery/CountValidator/Exact.php:32
/var/www/html/vendor/mockery/mockery/library/Mockery/Expectation.php:739
/var/www/html/vendor/mockery/mockery/library/Mockery/ExpectationDirector.php:202
/var/www/html/vendor/mockery/mockery/library/Mockery/Container.php:583
/var/www/html/vendor/mockery/mockery/library/Mockery/Container.php:519
/var/www/html/vendor/mockery/mockery/library/Mockery.php:176
/var/www/html/vendor/laravel/framework/src/Illuminate/Foundation/Testing/Concerns/InteractsWithTestCaseLifecycle.php:142
/var/www/html/vendor/laravel/framework/src/Illuminate/Foundation/Testing/TestCase.php:66</error>
        </testcase>
        <testcase name="test_remocao_cliente_lanca_excecao_generica" file="/var/www/html/tests/Feature/Modules/Cliente/ClienteRemocaoTest.php" line="99" class="Tests\Feature\Modules\Cliente\ClienteRemocaoTest" classname="Tests.Feature.Modules.Cliente.ClienteRemocaoTest" assertions="5" time="0.404229">
          <failure type="PHPUnit\Framework\ExpectationFailedException">Tests\Feature\Modules\Cliente\ClienteRemocaoTest::test_remocao_cliente_lanca_excecao_generica
Failed asserting that two strings are equal.
--- Expected
+++ Actual
@@ @@
-'Erro interno'
+'Mockery_13_App_Modules_Cliente_Service_Service::remocao(): Argument #1 ($uuid) must be of type string, null given, called in /var/www/html/app/Modules/Cliente/Controller/ClienteController.php on line 192'

/var/www/html/tests/Feature/Modules/Cliente/ClienteRemocaoTest.php:121</failure>
        </testcase>
        <testcase name="test_remocao_cliente_sucesso" file="/var/www/html/tests/Feature/Modules/Cliente/ClienteRemocaoTest.php" line="124" class="Tests\Feature\Modules\Cliente\ClienteRemocaoTest" classname="Tests.Feature.Modules.Cliente.ClienteRemocaoTest" assertions="3" time="0.422520">
          <failure type="PHPUnit\Framework\ExpectationFailedException">Tests\Feature\Modules\Cliente\ClienteRemocaoTest::test_remocao_cliente_sucesso
Failed asserting that 500 matches expected 204.

/var/www/html/tests/Feature/Modules/Cliente/ClienteRemocaoTest.php:144</failure>
        </testcase>
      </testsuite>
      <testsuite name="Tests\Feature\Modules\OS\OrdemServicoAtualizacaoTest" file="/var/www/html/tests/Feature/Modules/OS/OrdemServicoAtualizacaoTest.php" tests="9" assertions="70" errors="0" failures="0" skipped="0" time="4.047218">
        <testcase name="test_ordem_de_servico_pode_ser_atualizada" file="/var/www/html/tests/Feature/Modules/OS/OrdemServicoAtualizacaoTest.php" line="38" class="Tests\Feature\Modules\OS\OrdemServicoAtualizacaoTest" classname="Tests.Feature.Modules.OS.OrdemServicoAtualizacaoTest" assertions="7" time="0.556890"/>
        <testcase name="test_veiculo_na_ordem_de_servico_pode_ser_corrigido" file="/var/www/html/tests/Feature/Modules/OS/OrdemServicoAtualizacaoTest.php" line="79" class="Tests\Feature\Modules\OS\OrdemServicoAtualizacaoTest" classname="Tests.Feature.Modules.OS.OrdemServicoAtualizacaoTest" assertions="7" time="0.467067"/>
        <testcase name="test_cliente_na_ordem_de_servico_pode_ser_corrigido" file="/var/www/html/tests/Feature/Modules/OS/OrdemServicoAtualizacaoTest.php" line="122" class="Tests\Feature\Modules\OS\OrdemServicoAtualizacaoTest" classname="Tests.Feature.Modules.OS.OrdemServicoAtualizacaoTest" assertions="7" time="0.450226"/>
        <testcase name="test_atendente_na_ordem_de_servico_pode_ser_corrigido" file="/var/www/html/tests/Feature/Modules/OS/OrdemServicoAtualizacaoTest.php" line="165" class="Tests\Feature\Modules\OS\OrdemServicoAtualizacaoTest" classname="Tests.Feature.Modules.OS.OrdemServicoAtualizacaoTest" assertions="7" time="0.472496"/>
        <testcase name="test_mecanico_na_ordem_de_servico_pode_ser_corrigido" file="/var/www/html/tests/Feature/Modules/OS/OrdemServicoAtualizacaoTest.php" line="209" class="Tests\Feature\Modules\OS\OrdemServicoAtualizacaoTest" classname="Tests.Feature.Modules.OS.OrdemServicoAtualizacaoTest" assertions="7" time="0.440590"/>
        <testcase name="test_usuario_nao_mecanico_nao_pode_ser_associado_como_mecanico_da_os" file="/var/www/html/tests/Feature/Modules/OS/OrdemServicoAtualizacaoTest.php" line="253" class="Tests\Feature\Modules\OS\OrdemServicoAtualizacaoTest" classname="Tests.Feature.Modules.OS.OrdemServicoAtualizacaoTest" assertions="7" time="0.433577"/>
        <testcase name="test_usuario_nao_atendente_nao_pode_ser_associado_como_atendente_da_os" file="/var/www/html/tests/Feature/Modules/OS/OrdemServicoAtualizacaoTest.php" line="294" class="Tests\Feature\Modules\OS\OrdemServicoAtualizacaoTest" classname="Tests.Feature.Modules.OS.OrdemServicoAtualizacaoTest" assertions="7" time="0.436275"/>
        <testcase name="test_atualizacao_os_nao_encontrada_lanca_model_not_found_exception" file="/var/www/html/tests/Feature/Modules/OS/OrdemServicoAtualizacaoTest.php" line="335" class="Tests\Feature\Modules\OS\OrdemServicoAtualizacaoTest" classname="Tests.Feature.Modules.OS.OrdemServicoAtualizacaoTest" assertions="11" time="0.396001"/>
        <testcase name="test_atualizacao_os_lanca_exception_generica" file="/var/www/html/tests/Feature/Modules/OS/OrdemServicoAtualizacaoTest.php" line="367" class="Tests\Feature\Modules\OS\OrdemServicoAtualizacaoTest" classname="Tests.Feature.Modules.OS.OrdemServicoAtualizacaoTest" assertions="10" time="0.394095"/>
      </testsuite>
      <testsuite name="Tests\Feature\Modules\OS\OrdemServicoCadastroTest" file="/var/www/html/tests/Feature/Modules/OS/OrdemServicoCadastroTest.php" tests="6" assertions="43" errors="0" failures="1" skipped="0" time="2.557926">
        <testcase name="test_ordem_de_servico_pode_ser_cadastrada" file="/var/www/html/tests/Feature/Modules/OS/OrdemServicoCadastroTest.php" line="46" class="Tests\Feature\Modules\OS\OrdemServicoCadastroTest" classname="Tests.Feature.Modules.OS.OrdemServicoCadastroTest" assertions="6" time="0.475376">
          <failure type="PHPUnit\Framework\ExpectationFailedException">Tests\Feature\Modules\OS\OrdemServicoCadastroTest::test_ordem_de_servico_pode_ser_cadastrada
Expected response status code [201] but received 500.
Failed asserting that 500 is identical to 201.

/var/www/html/vendor/laravel/framework/src/Illuminate/Testing/TestResponseAssert.php:45
/var/www/html/vendor/laravel/framework/src/Illuminate/Testing/TestResponse.php:174
/var/www/html/vendor/laravel/framework/src/Illuminate/Testing/Concerns/AssertsStatusCodes.php:26
/var/www/html/tests/Feature/Modules/OS/OrdemServicoCadastroTest.php:76</failure>
        </testcase>
        <testcase name="test_ordem_de_servico_nao_pode_ser_cadastrada_quando_um_atendente_eh_informado_incorretamente" file="/var/www/html/tests/Feature/Modules/OS/OrdemServicoCadastroTest.php" line="79" class="Tests\Feature\Modules\OS\OrdemServicoCadastroTest" classname="Tests.Feature.Modules.OS.OrdemServicoCadastroTest" assertions="6" time="0.466510"/>
        <testcase name="test_ordem_de_servico_nao_pode_ser_cadastrada_quando_um_mecanico_eh_informado_incorretamente" file="/var/www/html/tests/Feature/Modules/OS/OrdemServicoCadastroTest.php" line="112" class="Tests\Feature\Modules\OS\OrdemServicoCadastroTest" classname="Tests.Feature.Modules.OS.OrdemServicoCadastroTest" assertions="6" time="0.441741"/>
        <testcase name="test_ordem_de_servico_nao_pode_ser_cadastrada_sem_um_ou_mais_dados_obrigatorios" file="/var/www/html/tests/Feature/Modules/OS/OrdemServicoCadastroTest.php" line="145" class="Tests\Feature\Modules\OS\OrdemServicoCadastroTest" classname="Tests.Feature.Modules.OS.OrdemServicoCadastroTest" assertions="6" time="0.426807"/>
        <testcase name="test_cadastro_de_os_retorna_erro_de_regra_de_negocio" file="/var/www/html/tests/Feature/Modules/OS/OrdemServicoCadastroTest.php" line="178" class="Tests\Feature\Modules\OS\OrdemServicoCadastroTest" classname="Tests.Feature.Modules.OS.OrdemServicoCadastroTest" assertions="9" time="0.386125"/>
        <testcase name="test_cadastro_de_os_retorna_erro_interno_em_excecao_generica" file="/var/www/html/tests/Feature/Modules/OS/OrdemServicoCadastroTest.php" line="201" class="Tests\Feature\Modules\OS\OrdemServicoCadastroTest" classname="Tests.Feature.Modules.OS.OrdemServicoCadastroTest" assertions="10" time="0.361367"/>
      </testsuite>
      <testsuite name="Tests\Feature\Modules\OS\OrdemServicoEncerramentoTest" file="/var/www/html/tests/Feature/Modules/OS/OrdemServicoEncerramentoTest.php" tests="3" assertions="23" errors="0" failures="1" skipped="0" time="1.225642">
        <testcase name="test_ordem_de_servico_pode_ser_encerrada" file="/var/www/html/tests/Feature/Modules/OS/OrdemServicoEncerramentoTest.php" line="39" class="Tests\Feature\Modules\OS\OrdemServicoEncerramentoTest" classname="Tests.Feature.Modules.OS.OrdemServicoEncerramentoTest" assertions="6" time="0.439154">
          <failure type="PHPUnit\Framework\ExpectationFailedException">Tests\Feature\Modules\OS\OrdemServicoEncerramentoTest::test_ordem_de_servico_pode_ser_encerrada
Expected response status code [201] but received 500.
Failed asserting that 500 is identical to 201.

/var/www/html/vendor/laravel/framework/src/Illuminate/Testing/TestResponseAssert.php:45
/var/www/html/vendor/laravel/framework/src/Illuminate/Testing/TestResponse.php:174
/var/www/html/vendor/laravel/framework/src/Illuminate/Testing/Concerns/AssertsStatusCodes.php:26
/var/www/html/tests/Feature/Modules/OS/OrdemServicoEncerramentoTest.php:69</failure>
        </testcase>
        <testcase name="test_metodo_encerrar_no_controller_de_os_retorna_exception_generica" file="/var/www/html/tests/Feature/Modules/OS/OrdemServicoEncerramentoTest.php" line="80" class="Tests\Feature\Modules\OS\OrdemServicoEncerramentoTest" classname="Tests.Feature.Modules.OS.OrdemServicoEncerramentoTest" assertions="8" time="0.388842"/>
        <testcase name="test_metodo_encerrar_no_controller_de_os_lanca_model_not_found_exception" file="/var/www/html/tests/Feature/Modules/OS/OrdemServicoEncerramentoTest.php" line="108" class="Tests\Feature\Modules\OS\OrdemServicoEncerramentoTest" classname="Tests.Feature.Modules.OS.OrdemServicoEncerramentoTest" assertions="9" time="0.397646"/>
      </testsuite>
      <testsuite name="Tests\Feature\Modules\OS\OrdemServicoListagemTest" file="/var/www/html/tests/Feature/Modules/OS/OrdemServicoListagemTest.php" tests="5" assertions="41" errors="0" failures="0" skipped="0" time="2.039432">
        <testcase name="test_listagem_deve_retornar_erro_500_quando_service_lanca_excecao" file="/var/www/html/tests/Feature/Modules/OS/OrdemServicoListagemTest.php" line="44" class="Tests\Feature\Modules\OS\OrdemServicoListagemTest" classname="Tests.Feature.Modules.OS.OrdemServicoListagemTest" assertions="9" time="0.377794"/>
        <testcase name="test_ordens_de_servico_cadastradas_podem_ser_listadas" file="/var/www/html/tests/Feature/Modules/OS/OrdemServicoListagemTest.php" line="67" class="Tests\Feature\Modules\OS\OrdemServicoListagemTest" classname="Tests.Feature.Modules.OS.OrdemServicoListagemTest" assertions="7" time="0.394111"/>
        <testcase name="test_ordem_de_servico_pode_ser_listada_informando_uuid_de_cadastro" file="/var/www/html/tests/Feature/Modules/OS/OrdemServicoListagemTest.php" line="83" class="Tests\Feature\Modules\OS\OrdemServicoListagemTest" classname="Tests.Feature.Modules.OS.OrdemServicoListagemTest" assertions="8" time="0.488720"/>
        <testcase name="test_metodo_obter_um_por_uuid_no_controller_de_os_recupera_not_found_exception" file="/var/www/html/tests/Feature/Modules/OS/OrdemServicoListagemTest.php" line="125" class="Tests\Feature\Modules\OS\OrdemServicoListagemTest" classname="Tests.Feature.Modules.OS.OrdemServicoListagemTest" assertions="9" time="0.377834"/>
        <testcase name="test_metodo_obter_um_por_uuid_no_controller_de_os_recupera_exception_generica" file="/var/www/html/tests/Feature/Modules/OS/OrdemServicoListagemTest.php" line="157" class="Tests\Feature\Modules\OS\OrdemServicoListagemTest" classname="Tests.Feature.Modules.OS.OrdemServicoListagemTest" assertions="8" time="0.400974"/>
      </testsuite>
      <testsuite name="Tests\Feature\Modules\OS\OrdemServicoRemocaoTest" file="/var/www/html/tests/Feature/Modules/OS/OrdemServicoRemocaoTest.php" tests="5" assertions="37" errors="0" failures="1" skipped="0" time="2.043963">
        <testcase name="test_ordem_de_servico_pode_ser_removida" file="/var/www/html/tests/Feature/Modules/OS/OrdemServicoRemocaoTest.php" line="38" class="Tests\Feature\Modules\OS\OrdemServicoRemocaoTest" classname="Tests.Feature.Modules.OS.OrdemServicoRemocaoTest" assertions="6" time="0.450414">
          <failure type="PHPUnit\Framework\ExpectationFailedException">Tests\Feature\Modules\OS\OrdemServicoRemocaoTest::test_ordem_de_servico_pode_ser_removida
Expected response status code [201] but received 500.
Failed asserting that 500 is identical to 201.

/var/www/html/vendor/laravel/framework/src/Illuminate/Testing/TestResponseAssert.php:45
/var/www/html/vendor/laravel/framework/src/Illuminate/Testing/TestResponse.php:174
/var/www/html/vendor/laravel/framework/src/Illuminate/Testing/Concerns/AssertsStatusCodes.php:26
/var/www/html/tests/Feature/Modules/OS/OrdemServicoRemocaoTest.php:68</failure>
        </testcase>
        <testcase name="test_ordem_de_servico_nao_pode_ser_removida_sem_um_uuid_valido" file="/var/www/html/tests/Feature/Modules/OS/OrdemServicoRemocaoTest.php" line="76" class="Tests\Feature\Modules\OS\OrdemServicoRemocaoTest" classname="Tests.Feature.Modules.OS.OrdemServicoRemocaoTest" assertions="7" time="0.451667"/>
        <testcase name="test_remocao_ordem_inexistente_lanca_model_not_found" file="/var/www/html/tests/Feature/Modules/OS/OrdemServicoRemocaoTest.php" line="114" class="Tests\Feature\Modules\OS\OrdemServicoRemocaoTest" classname="Tests.Feature.Modules.OS.OrdemServicoRemocaoTest" assertions="8" time="0.380135"/>
        <testcase name="test_remocao_ordem_lanca_excecao_generica" file="/var/www/html/tests/Feature/Modules/OS/OrdemServicoRemocaoTest.php" line="146" class="Tests\Feature\Modules\OS\OrdemServicoRemocaoTest" classname="Tests.Feature.Modules.OS.OrdemServicoRemocaoTest" assertions="8" time="0.373712"/>
        <testcase name="test_remocao_ordem_sucesso" file="/var/www/html/tests/Feature/Modules/OS/OrdemServicoRemocaoTest.php" line="173" class="Tests\Feature\Modules\OS\OrdemServicoRemocaoTest" classname="Tests.Feature.Modules.OS.OrdemServicoRemocaoTest" assertions="8" time="0.388035"/>
      </testsuite>
      <testsuite name="Tests\Feature\Modules\OrdemDeServicoItem\OrdemDeServicoItemCadastroTest" file="/var/www/html/tests/Feature/Modules/OrdemDeServicoItem/OrdemDeServicoItemCadastroTest.php" tests="4" assertions="23" errors="0" failures="0" skipped="0" time="1.627660">
        <testcase name="test_ordem_de_servico_item_pode_ser_cadastrada" file="/var/www/html/tests/Feature/Modules/OrdemDeServicoItem/OrdemDeServicoItemCadastroTest.php" line="43" class="Tests\Feature\Modules\OrdemDeServicoItem\OrdemDeServicoItemCadastroTest" classname="Tests.Feature.Modules.OrdemDeServicoItem.OrdemDeServicoItemCadastroTest" assertions="4" time="0.455683"/>
        <testcase name="test_ordem_de_servico_item_nao_pode_ser_cadastrada_sem_um_ou_mais_dados_obrigatorios" file="/var/www/html/tests/Feature/Modules/OrdemDeServicoItem/OrdemDeServicoItemCadastroTest.php" line="62" class="Tests\Feature\Modules\OrdemDeServicoItem\OrdemDeServicoItemCadastroTest" classname="Tests.Feature.Modules.OrdemDeServicoItem.OrdemDeServicoItemCadastroTest" assertions="4" time="0.402487"/>
        <testcase name="test_cadastro_de_os_item_retorna_erro_de_regra_de_negocio" file="/var/www/html/tests/Feature/Modules/OrdemDeServicoItem/OrdemDeServicoItemCadastroTest.php" line="85" class="Tests\Feature\Modules\OrdemDeServicoItem\OrdemDeServicoItemCadastroTest" classname="Tests.Feature.Modules.OrdemDeServicoItem.OrdemDeServicoItemCadastroTest" assertions="7" time="0.400776"/>
        <testcase name="test_cadastro_de_os_item_retorna_erro_interno_em_excecao_generica" file="/var/www/html/tests/Feature/Modules/OrdemDeServicoItem/OrdemDeServicoItemCadastroTest.php" line="108" class="Tests\Feature\Modules\OrdemDeServicoItem\OrdemDeServicoItemCadastroTest" classname="Tests.Feature.Modules.OrdemDeServicoItem.OrdemDeServicoItemCadastroTest" assertions="8" time="0.368714"/>
      </testsuite>
      <testsuite name="Tests\Feature\Modules\OrdemDeServicoItem\OrdemServicoItemAtualizacaoTest" file="/var/www/html/tests/Feature/Modules/OrdemDeServicoItem/OrdemServicoItemAtualizacaoTest.php" tests="6" assertions="41" errors="0" failures="0" skipped="0" time="2.548561">
        <testcase name="test_ordem_de_servico_item_pode_ser_atualizada" file="/var/www/html/tests/Feature/Modules/OrdemDeServicoItem/OrdemServicoItemAtualizacaoTest.php" line="46" class="Tests\Feature\Modules\OrdemDeServicoItem\OrdemServicoItemAtualizacaoTest" classname="Tests.Feature.Modules.OrdemDeServicoItem.OrdemServicoItemAtualizacaoTest" assertions="5" time="0.457071"/>
        <testcase name="test_quantidade_do_item_pode_ser_atualizada" file="/var/www/html/tests/Feature/Modules/OrdemDeServicoItem/OrdemServicoItemAtualizacaoTest.php" line="73" class="Tests\Feature\Modules\OrdemDeServicoItem\OrdemServicoItemAtualizacaoTest" classname="Tests.Feature.Modules.OrdemDeServicoItem.OrdemServicoItemAtualizacaoTest" assertions="5" time="0.441441"/>
        <testcase name="test_valor_do_item_pode_ser_atualizado" file="/var/www/html/tests/Feature/Modules/OrdemDeServicoItem/OrdemServicoItemAtualizacaoTest.php" line="100" class="Tests\Feature\Modules\OrdemDeServicoItem\OrdemServicoItemAtualizacaoTest" classname="Tests.Feature.Modules.OrdemDeServicoItem.OrdemServicoItemAtualizacaoTest" assertions="5" time="0.438585"/>
        <testcase name="test_atualizacao_os_item_nao_encontrado_lanca_model_not_found_exception" file="/var/www/html/tests/Feature/Modules/OrdemDeServicoItem/OrdemServicoItemAtualizacaoTest.php" line="127" class="Tests\Feature\Modules\OrdemDeServicoItem\OrdemServicoItemAtualizacaoTest" classname="Tests.Feature.Modules.OrdemDeServicoItem.OrdemServicoItemAtualizacaoTest" assertions="9" time="0.410039"/>
        <testcase name="test_atualizacao_os_item_retorna_erro_de_regra_de_negocio" file="/var/www/html/tests/Feature/Modules/OrdemDeServicoItem/OrdemServicoItemAtualizacaoTest.php" line="154" class="Tests\Feature\Modules\OrdemDeServicoItem\OrdemServicoItemAtualizacaoTest" classname="Tests.Feature.Modules.OrdemDeServicoItem.OrdemServicoItemAtualizacaoTest" assertions="8" time="0.387737"/>
        <testcase name="test_atualizacao_os_item_retorna_erro_interno_em_excecao_generica" file="/var/www/html/tests/Feature/Modules/OrdemDeServicoItem/OrdemServicoItemAtualizacaoTest.php" line="181" class="Tests\Feature\Modules\OrdemDeServicoItem\OrdemServicoItemAtualizacaoTest" classname="Tests.Feature.Modules.OrdemDeServicoItem.OrdemServicoItemAtualizacaoTest" assertions="9" time="0.413688"/>
      </testsuite>
      <testsuite name="Tests\Feature\Modules\OrdemDeServicoItem\OrdemServicoItemListagemTest" file="/var/www/html/tests/Feature/Modules/OrdemDeServicoItem/OrdemServicoItemListagemTest.php" tests="5" assertions="32" errors="0" failures="0" skipped="0" time="2.151868">
        <testcase name="test_listagem_deve_retornar_erro_500_quando_service_lanca_excecao" file="/var/www/html/tests/Feature/Modules/OrdemDeServicoItem/OrdemServicoItemListagemTest.php" line="44" class="Tests\Feature\Modules\OrdemDeServicoItem\OrdemServicoItemListagemTest" classname="Tests.Feature.Modules.OrdemDeServicoItem.OrdemServicoItemListagemTest" assertions="7" time="0.454115"/>
        <testcase name="test_itens_de_ordem_de_servico_cadastrados_podem_ser_listados" file="/var/www/html/tests/Feature/Modules/OrdemDeServicoItem/OrdemServicoItemListagemTest.php" line="66" class="Tests\Feature\Modules\OrdemDeServicoItem\OrdemServicoItemListagemTest" classname="Tests.Feature.Modules.OrdemDeServicoItem.OrdemServicoItemListagemTest" assertions="5" time="0.454205"/>
        <testcase name="test_item_de_ordem_de_servico_pode_ser_listado_informando_uuid_de_cadastro" file="/var/www/html/tests/Feature/Modules/OrdemDeServicoItem/OrdemServicoItemListagemTest.php" line="78" class="Tests\Feature\Modules\OrdemDeServicoItem\OrdemServicoItemListagemTest" classname="Tests.Feature.Modules.OrdemDeServicoItem.OrdemServicoItemListagemTest" assertions="6" time="0.423227"/>
        <testcase name="test_metodo_obter_um_por_uuid_no_controller_de_os_item_recupera_not_found_exception" file="/var/www/html/tests/Feature/Modules/OrdemDeServicoItem/OrdemServicoItemListagemTest.php" line="107" class="Tests\Feature\Modules\OrdemDeServicoItem\OrdemServicoItemListagemTest" classname="Tests.Feature.Modules.OrdemDeServicoItem.OrdemServicoItemListagemTest" assertions="7" time="0.430107"/>
        <testcase name="test_metodo_obter_um_por_uuid_no_controller_de_os_item_recupera_exception_generica" file="/var/www/html/tests/Feature/Modules/OrdemDeServicoItem/OrdemServicoItemListagemTest.php" line="136" class="Tests\Feature\Modules\OrdemDeServicoItem\OrdemServicoItemListagemTest" classname="Tests.Feature.Modules.OrdemDeServicoItem.OrdemServicoItemListagemTest" assertions="7" time="0.390213"/>
      </testsuite>
      <testsuite name="Tests\Feature\Modules\OrdemDeServicoItem\OrdemServicoItemRemocaoTest" file="/var/www/html/tests/Feature/Modules/OrdemDeServicoItem/OrdemServicoItemRemocaoTest.php" tests="5" assertions="30" errors="0" failures="0" skipped="0" time="1.974739">
        <testcase name="test_ordem_de_servico_item_pode_ser_removida" file="/var/www/html/tests/Feature/Modules/OrdemDeServicoItem/OrdemServicoItemRemocaoTest.php" line="44" class="Tests\Feature\Modules\OrdemDeServicoItem\OrdemServicoItemRemocaoTest" classname="Tests.Feature.Modules.OrdemDeServicoItem.OrdemServicoItemRemocaoTest" assertions="6" time="0.430748"/>
        <testcase name="test_ordem_de_servico_item_nao_pode_ser_removida_sem_um_uuid_valido" file="/var/www/html/tests/Feature/Modules/OrdemDeServicoItem/OrdemServicoItemRemocaoTest.php" line="67" class="Tests\Feature\Modules\OrdemDeServicoItem\OrdemServicoItemRemocaoTest" classname="Tests.Feature.Modules.OrdemDeServicoItem.OrdemServicoItemRemocaoTest" assertions="4" time="0.413836"/>
        <testcase name="test_remocao_os_item_inexistente_lanca_model_not_found" file="/var/www/html/tests/Feature/Modules/OrdemDeServicoItem/OrdemServicoItemRemocaoTest.php" line="76" class="Tests\Feature\Modules\OrdemDeServicoItem\OrdemServicoItemRemocaoTest" classname="Tests.Feature.Modules.OrdemDeServicoItem.OrdemServicoItemRemocaoTest" assertions="7" time="0.370246"/>
        <testcase name="test_remocao_os_item_lanca_excecao_generica" file="/var/www/html/tests/Feature/Modules/OrdemDeServicoItem/OrdemServicoItemRemocaoTest.php" line="101" class="Tests\Feature\Modules\OrdemDeServicoItem\OrdemServicoItemRemocaoTest" classname="Tests.Feature.Modules.OrdemDeServicoItem.OrdemServicoItemRemocaoTest" assertions="7" time="0.389294"/>
        <testcase name="test_remocao_os_item_sucesso" file="/var/www/html/tests/Feature/Modules/OrdemDeServicoItem/OrdemServicoItemRemocaoTest.php" line="126" class="Tests\Feature\Modules\OrdemDeServicoItem\OrdemServicoItemRemocaoTest" classname="Tests.Feature.Modules.OrdemDeServicoItem.OrdemServicoItemRemocaoTest" assertions="6" time="0.370615"/>
      </testsuite>
      <testsuite name="Tests\Feature\Modules\OrdemDeServicoServico\OrdemDeServicoServicoAtualizacaoTest" file="/var/www/html/tests/Feature/Modules/OrdemDeServicoServico/OrdemDeServicoServicoAtualizacaoTest.php" tests="6" assertions="41" errors="0" failures="0" skipped="0" time="2.511723">
        <testcase name="test_ordem_de_servico_servico_pode_ser_atualizada" file="/var/www/html/tests/Feature/Modules/OrdemDeServicoServico/OrdemDeServicoServicoAtualizacaoTest.php" line="46" class="Tests\Feature\Modules\OrdemDeServicoServico\OrdemDeServicoServicoAtualizacaoTest" classname="Tests.Feature.Modules.OrdemDeServicoServico.OrdemDeServicoServicoAtualizacaoTest" assertions="5" time="0.474489"/>
        <testcase name="test_quantidade_do_servico_pode_ser_atualizada" file="/var/www/html/tests/Feature/Modules/OrdemDeServicoServico/OrdemDeServicoServicoAtualizacaoTest.php" line="73" class="Tests\Feature\Modules\OrdemDeServicoServico\OrdemDeServicoServicoAtualizacaoTest" classname="Tests.Feature.Modules.OrdemDeServicoServico.OrdemDeServicoServicoAtualizacaoTest" assertions="5" time="0.458246"/>
        <testcase name="test_valor_do_servico_pode_ser_atualizado" file="/var/www/html/tests/Feature/Modules/OrdemDeServicoServico/OrdemDeServicoServicoAtualizacaoTest.php" line="100" class="Tests\Feature\Modules\OrdemDeServicoServico\OrdemDeServicoServicoAtualizacaoTest" classname="Tests.Feature.Modules.OrdemDeServicoServico.OrdemDeServicoServicoAtualizacaoTest" assertions="5" time="0.418685"/>
        <testcase name="test_atualizacao_os_servico_nao_encontrado_lanca_model_not_found_exception" file="/var/www/html/tests/Feature/Modules/OrdemDeServicoServico/OrdemDeServicoServicoAtualizacaoTest.php" line="127" class="Tests\Feature\Modules\OrdemDeServicoServico\OrdemDeServicoServicoAtualizacaoTest" classname="Tests.Feature.Modules.OrdemDeServicoServico.OrdemDeServicoServicoAtualizacaoTest" assertions="9" time="0.377547"/>
        <testcase name="test_atualizacao_os_servico_retorna_erro_de_regra_de_negocio" file="/var/www/html/tests/Feature/Modules/OrdemDeServicoServico/OrdemDeServicoServicoAtualizacaoTest.php" line="154" class="Tests\Feature\Modules\OrdemDeServicoServico\OrdemDeServicoServicoAtualizacaoTest" classname="Tests.Feature.Modules.OrdemDeServicoServico.OrdemDeServicoServicoAtualizacaoTest" assertions="8" time="0.387695"/>
        <testcase name="test_atualizacao_os_servico_retorna_erro_interno_em_excecao_generica" file="/var/www/html/tests/Feature/Modules/OrdemDeServicoServico/OrdemDeServicoServicoAtualizacaoTest.php" line="181" class="Tests\Feature\Modules\OrdemDeServicoServico\OrdemDeServicoServicoAtualizacaoTest" classname="Tests.Feature.Modules.OrdemDeServicoServico.OrdemDeServicoServicoAtualizacaoTest" assertions="9" time="0.395061"/>
      </testsuite>
      <testsuite name="Tests\Feature\Modules\OrdemDeServicoServico\OrdemDeServicoServicoCadastroTest" file="/var/www/html/tests/Feature/Modules/OrdemDeServicoServico/OrdemDeServicoServicoCadastroTest.php" tests="4" assertions="23" errors="0" failures="0" skipped="0" time="1.645049">
        <testcase name="test_ordem_de_servico_servico_pode_ser_cadastrada" file="/var/www/html/tests/Feature/Modules/OrdemDeServicoServico/OrdemDeServicoServicoCadastroTest.php" line="43" class="Tests\Feature\Modules\OrdemDeServicoServico\OrdemDeServicoServicoCadastroTest" classname="Tests.Feature.Modules.OrdemDeServicoServico.OrdemDeServicoServicoCadastroTest" assertions="4" time="0.436009"/>
        <testcase name="test_ordem_de_servico_servico_nao_pode_ser_cadastrada_sem_um_ou_mais_dados_obrigatorios" file="/var/www/html/tests/Feature/Modules/OrdemDeServicoServico/OrdemDeServicoServicoCadastroTest.php" line="61" class="Tests\Feature\Modules\OrdemDeServicoServico\OrdemDeServicoServicoCadastroTest" classname="Tests.Feature.Modules.OrdemDeServicoServico.OrdemDeServicoServicoCadastroTest" assertions="4" time="0.405748"/>
        <testcase name="test_cadastro_de_os_servico_retorna_erro_de_regra_de_negocio" file="/var/www/html/tests/Feature/Modules/OrdemDeServicoServico/OrdemDeServicoServicoCadastroTest.php" line="82" class="Tests\Feature\Modules\OrdemDeServicoServico\OrdemDeServicoServicoCadastroTest" classname="Tests.Feature.Modules.OrdemDeServicoServico.OrdemDeServicoServicoCadastroTest" assertions="7" time="0.407060"/>
        <testcase name="test_cadastro_de_os_servico_retorna_erro_interno_em_excecao_generica" file="/var/www/html/tests/Feature/Modules/OrdemDeServicoServico/OrdemDeServicoServicoCadastroTest.php" line="105" class="Tests\Feature\Modules\OrdemDeServicoServico\OrdemDeServicoServicoCadastroTest" classname="Tests.Feature.Modules.OrdemDeServicoServico.OrdemDeServicoServicoCadastroTest" assertions="8" time="0.396233"/>
      </testsuite>
      <testsuite name="Tests\Feature\Modules\OrdemDeServicoServico\OrdemDeServicoServicoListagemTest" file="/var/www/html/tests/Feature/Modules/OrdemDeServicoServico/OrdemDeServicoServicoListagemTest.php" tests="5" assertions="30" errors="0" failures="1" skipped="0" time="2.071946">
        <testcase name="test_listagem_deve_retornar_erro_500_quando_service_lanca_excecao" file="/var/www/html/tests/Feature/Modules/OrdemDeServicoServico/OrdemDeServicoServicoListagemTest.php" line="43" class="Tests\Feature\Modules\OrdemDeServicoServico\OrdemDeServicoServicoListagemTest" classname="Tests.Feature.Modules.OrdemDeServicoServico.OrdemDeServicoServicoListagemTest" assertions="7" time="0.394165"/>
        <testcase name="test_servicos_de_ordem_de_servico_cadastrados_podem_ser_listados" file="/var/www/html/tests/Feature/Modules/OrdemDeServicoServico/OrdemDeServicoServicoListagemTest.php" line="62" class="Tests\Feature\Modules\OrdemDeServicoServico\OrdemDeServicoServicoListagemTest" classname="Tests.Feature.Modules.OrdemDeServicoServico.OrdemDeServicoServicoListagemTest" assertions="5" time="0.452837"/>
        <testcase name="test_servico_de_ordem_de_servico_pode_ser_listado_informando_uuid_de_cadastro" file="/var/www/html/tests/Feature/Modules/OrdemDeServicoServico/OrdemDeServicoServicoListagemTest.php" line="74" class="Tests\Feature\Modules\OrdemDeServicoServico\OrdemDeServicoServicoListagemTest" classname="Tests.Feature.Modules.OrdemDeServicoServico.OrdemDeServicoServicoListagemTest" assertions="4" time="0.435713">
          <failure type="PHPUnit\Framework\ExpectationFailedException">Tests\Feature\Modules\OrdemDeServicoServico\OrdemDeServicoServicoListagemTest::test_servico_de_ordem_de_servico_pode_ser_listado_informando_uuid_de_cadastro
Expected response status code [201] but received 401.
Failed asserting that 401 is identical to 201.

/var/www/html/vendor/laravel/framework/src/Illuminate/Testing/TestResponseAssert.php:45
/var/www/html/vendor/laravel/framework/src/Illuminate/Testing/TestResponse.php:174
/var/www/html/vendor/laravel/framework/src/Illuminate/Testing/Concerns/AssertsStatusCodes.php:26
/var/www/html/tests/Feature/Modules/OrdemDeServicoServico/OrdemDeServicoServicoListagemTest.php:90</failure>
        </testcase>
        <testcase name="test_metodo_obter_um_por_uuid_no_controller_de_os_servico_recupera_not_found_exception" file="/var/www/html/tests/Feature/Modules/OrdemDeServicoServico/OrdemDeServicoServicoListagemTest.php" line="103" class="Tests\Feature\Modules\OrdemDeServicoServico\OrdemDeServicoServicoListagemTest" classname="Tests.Feature.Modules.OrdemDeServicoServico.OrdemDeServicoServicoListagemTest" assertions="7" time="0.411858"/>
        <testcase name="test_metodo_obter_um_por_uuid_no_controller_de_os_servico_recupera_exception_generica" file="/var/www/html/tests/Feature/Modules/OrdemDeServicoServico/OrdemDeServicoServicoListagemTest.php" line="132" class="Tests\Feature\Modules\OrdemDeServicoServico\OrdemDeServicoServicoListagemTest" classname="Tests.Feature.Modules.OrdemDeServicoServico.OrdemDeServicoServicoListagemTest" assertions="7" time="0.377374"/>
      </testsuite>
      <testsuite name="Tests\Feature\Modules\OrdemDeServicoServico\OrdemDeServicoServicoRemocaoTest" file="/var/www/html/tests/Feature/Modules/OrdemDeServicoServico/OrdemDeServicoServicoRemocaoTest.php" tests="5" assertions="30" errors="0" failures="0" skipped="0" time="2.023318">
        <testcase name="test_ordem_de_servico_servico_pode_ser_removida" file="/var/www/html/tests/Feature/Modules/OrdemDeServicoServico/OrdemDeServicoServicoRemocaoTest.php" line="44" class="Tests\Feature\Modules\OrdemDeServicoServico\OrdemDeServicoServicoRemocaoTest" classname="Tests.Feature.Modules.OrdemDeServicoServico.OrdemDeServicoServicoRemocaoTest" assertions="6" time="0.451376"/>
        <testcase name="test_ordem_de_servico_servico_nao_pode_ser_removida_sem_um_uuid_valido" file="/var/www/html/tests/Feature/Modules/OrdemDeServicoServico/OrdemDeServicoServicoRemocaoTest.php" line="67" class="Tests\Feature\Modules\OrdemDeServicoServico\OrdemDeServicoServicoRemocaoTest" classname="Tests.Feature.Modules.OrdemDeServicoServico.OrdemDeServicoServicoRemocaoTest" assertions="4" time="0.409206"/>
        <testcase name="test_remocao_os_servico_inexistente_lanca_model_not_found" file="/var/www/html/tests/Feature/Modules/OrdemDeServicoServico/OrdemDeServicoServicoRemocaoTest.php" line="76" class="Tests\Feature\Modules\OrdemDeServicoServico\OrdemDeServicoServicoRemocaoTest" classname="Tests.Feature.Modules.OrdemDeServicoServico.OrdemDeServicoServicoRemocaoTest" assertions="7" time="0.369066"/>
        <testcase name="test_remocao_os_servico_lanca_excecao_generica" file="/var/www/html/tests/Feature/Modules/OrdemDeServicoServico/OrdemDeServicoServicoRemocaoTest.php" line="101" class="Tests\Feature\Modules\OrdemDeServicoServico\OrdemDeServicoServicoRemocaoTest" classname="Tests.Feature.Modules.OrdemDeServicoServico.OrdemDeServicoServicoRemocaoTest" assertions="7" time="0.421305"/>
        <testcase name="test_remocao_os_servico_sucesso" file="/var/www/html/tests/Feature/Modules/OrdemDeServicoServico/OrdemDeServicoServicoRemocaoTest.php" line="126" class="Tests\Feature\Modules\OrdemDeServicoServico\OrdemDeServicoServicoRemocaoTest" classname="Tests.Feature.Modules.OrdemDeServicoServico.OrdemDeServicoServicoRemocaoTest" assertions="6" time="0.372365"/>
      </testsuite>
      <testsuite name="Tests\Feature\Modules\PecaInsumo\PecaInsumoAtualizacaoTest" file="/var/www/html/tests/Feature/Modules/PecaInsumo/PecaInsumoAtualizacaoTest.php" tests="7" assertions="27" errors="0" failures="0" skipped="0" time="1.407993">
        <testcase name="test_atualizar_peca_insumo_por_uuid" file="/var/www/html/tests/Feature/Modules/PecaInsumo/PecaInsumoAtualizacaoTest.php" line="34" class="Tests\Feature\Modules\PecaInsumo\PecaInsumoAtualizacaoTest" classname="Tests.Feature.Modules.PecaInsumo.PecaInsumoAtualizacaoTest" assertions="10" time="0.250344"/>
        <testcase name="test_atualizar_servico_por_uuid_que_nao_existe" file="/var/www/html/tests/Feature/Modules/PecaInsumo/PecaInsumoAtualizacaoTest.php" line="64" class="Tests\Feature\Modules\PecaInsumo\PecaInsumoAtualizacaoTest" classname="Tests.Feature.Modules.PecaInsumo.PecaInsumoAtualizacaoTest" assertions="2" time="0.204683"/>
        <testcase name="test_atualizar_peca_insumo_com_dados_invalidos" file="/var/www/html/tests/Feature/Modules/PecaInsumo/PecaInsumoAtualizacaoTest.php" line="75" class="Tests\Feature\Modules\PecaInsumo\PecaInsumoAtualizacaoTest" classname="Tests.Feature.Modules.PecaInsumo.PecaInsumoAtualizacaoTest" assertions="2" time="0.200182"/>
        <testcase name="test_atualizar_peca_insumo_com_uuid_mal_formado" file="/var/www/html/tests/Feature/Modules/PecaInsumo/PecaInsumoAtualizacaoTest.php" line="94" class="Tests\Feature\Modules\PecaInsumo\PecaInsumoAtualizacaoTest" classname="Tests.Feature.Modules.PecaInsumo.PecaInsumoAtualizacaoTest" assertions="2" time="0.184737"/>
        <testcase name="test_atualizar_peca_insumo_sem_payload" file="/var/www/html/tests/Feature/Modules/PecaInsumo/PecaInsumoAtualizacaoTest.php" line="103" class="Tests\Feature\Modules\PecaInsumo\PecaInsumoAtualizacaoTest" classname="Tests.Feature.Modules.PecaInsumo.PecaInsumoAtualizacaoTest" assertions="2" time="0.185453"/>
        <testcase name="test_atualizar_peca_insumo_com_erro_interno" file="/var/www/html/tests/Feature/Modules/PecaInsumo/PecaInsumoAtualizacaoTest.php" line="112" class="Tests\Feature\Modules\PecaInsumo\PecaInsumoAtualizacaoTest" classname="Tests.Feature.Modules.PecaInsumo.PecaInsumoAtualizacaoTest" assertions="3" time="0.174236"/>
        <testcase name="test_atualizar_peca_insumo_com_database_exception" file="/var/www/html/tests/Feature/Modules/PecaInsumo/PecaInsumoAtualizacaoTest.php" line="127" class="Tests\Feature\Modules\PecaInsumo\PecaInsumoAtualizacaoTest" classname="Tests.Feature.Modules.PecaInsumo.PecaInsumoAtualizacaoTest" assertions="6" time="0.208359"/>
      </testsuite>
      <testsuite name="Tests\Feature\Modules\PecaInsumo\PecaInsumoCadastroTest" file="/var/www/html/tests/Feature/Modules/PecaInsumo/PecaInsumoCadastroTest.php" tests="5" assertions="11" errors="0" failures="1" skipped="0" time="0.904218">
        <testcase name="test_cadastrar_peca_insumo" file="/var/www/html/tests/Feature/Modules/PecaInsumo/PecaInsumoCadastroTest.php" line="33" class="Tests\Feature\Modules\PecaInsumo\PecaInsumoCadastroTest" classname="Tests.Feature.Modules.PecaInsumo.PecaInsumoCadastroTest" assertions="2" time="0.184642">
          <failure type="PHPUnit\Framework\ExpectationFailedException">Tests\Feature\Modules\PecaInsumo\PecaInsumoCadastroTest::test_cadastrar_peca_insumo
Expected response status code [201] but received 401.
Failed asserting that 401 is identical to 201.

/var/www/html/vendor/laravel/framework/src/Illuminate/Testing/TestResponseAssert.php:45
/var/www/html/vendor/laravel/framework/src/Illuminate/Testing/TestResponse.php:174
/var/www/html/vendor/laravel/framework/src/Illuminate/Testing/Concerns/AssertsStatusCodes.php:26
/var/www/html/tests/Feature/Modules/PecaInsumo/PecaInsumoCadastroTest.php:37</failure>
        </testcase>
        <testcase name="test_descricao_eh_obrigatoria_e_deve_ter_minimo_3_caracteres" file="/var/www/html/tests/Feature/Modules/PecaInsumo/PecaInsumoCadastroTest.php" line="41" class="Tests\Feature\Modules\PecaInsumo\PecaInsumoCadastroTest" classname="Tests.Feature.Modules.PecaInsumo.PecaInsumoCadastroTest" assertions="2" time="0.179061"/>
        <testcase name="test_valor_do_peca_insumo_deve_ser_maior_que_zero" file="/var/www/html/tests/Feature/Modules/PecaInsumo/PecaInsumoCadastroTest.php" line="49" class="Tests\Feature\Modules\PecaInsumo\PecaInsumoCadastroTest" classname="Tests.Feature.Modules.PecaInsumo.PecaInsumoCadastroTest" assertions="2" time="0.181005"/>
        <testcase name="test_status_do_peca_insumo_deve_ser_ativo_ou_inativo" file="/var/www/html/tests/Feature/Modules/PecaInsumo/PecaInsumoCadastroTest.php" line="58" class="Tests\Feature\Modules\PecaInsumo\PecaInsumoCadastroTest" classname="Tests.Feature.Modules.PecaInsumo.PecaInsumoCadastroTest" assertions="2" time="0.166998"/>
        <testcase name="test_cadastrar_peca_insumo_com_erro_interno" file="/var/www/html/tests/Feature/Modules/PecaInsumo/PecaInsumoCadastroTest.php" line="67" class="Tests\Feature\Modules\PecaInsumo\PecaInsumoCadastroTest" classname="Tests.Feature.Modules.PecaInsumo.PecaInsumoCadastroTest" assertions="3" time="0.192512"/>
      </testsuite>
      <testsuite name="Tests\Feature\Modules\PecaInsumo\PecaInsumoListagemTest" file="/var/www/html/tests/Feature/Modules/PecaInsumo/PecaInsumoListagemTest.php" tests="2" assertions="5" errors="0" failures="0" skipped="0" time="0.370449">
        <testcase name="test_listar_todos_peca_insumos" file="/var/www/html/tests/Feature/Modules/PecaInsumo/PecaInsumoListagemTest.php" line="20" class="Tests\Feature\Modules\PecaInsumo\PecaInsumoListagemTest" classname="Tests.Feature.Modules.PecaInsumo.PecaInsumoListagemTest" assertions="2" time="0.202584"/>
        <testcase name="test_listar_peca_insumos_com_erro_interno" file="/var/www/html/tests/Feature/Modules/PecaInsumo/PecaInsumoListagemTest.php" line="28" class="Tests\Feature\Modules\PecaInsumo\PecaInsumoListagemTest" classname="Tests.Feature.Modules.PecaInsumo.PecaInsumoListagemTest" assertions="3" time="0.167864"/>
      </testsuite>
      <testsuite name="Tests\Feature\Modules\PecaInsumo\PecaInsumoObterPorUuidTest" file="/var/www/html/tests/Feature/Modules/PecaInsumo/PecaInsumoObterPorUuidTest.php" tests="4" assertions="10" errors="0" failures="0" skipped="0" time="0.925628">
        <testcase name="test_obter_peca_insumo_por_uuid_que_nao_existe" file="/var/www/html/tests/Feature/Modules/PecaInsumo/PecaInsumoObterPorUuidTest.php" line="20" class="Tests\Feature\Modules\PecaInsumo\PecaInsumoObterPorUuidTest" classname="Tests.Feature.Modules.PecaInsumo.PecaInsumoObterPorUuidTest" assertions="2" time="0.199374"/>
        <testcase name="test_obter_peca_insumo_por_uuid" file="/var/www/html/tests/Feature/Modules/PecaInsumo/PecaInsumoObterPorUuidTest.php" line="29" class="Tests\Feature\Modules\PecaInsumo\PecaInsumoObterPorUuidTest" classname="Tests.Feature.Modules.PecaInsumo.PecaInsumoObterPorUuidTest" assertions="2" time="0.172517"/>
        <testcase name="test_obter_peca_insumo_com_encoding_error" file="/var/www/html/tests/Feature/Modules/PecaInsumo/PecaInsumoObterPorUuidTest.php" line="36" class="Tests\Feature\Modules\PecaInsumo\PecaInsumoObterPorUuidTest" classname="Tests.Feature.Modules.PecaInsumo.PecaInsumoObterPorUuidTest" assertions="3" time="0.367889"/>
        <testcase name="test_obter_peca_insumo_com_erro_generico" file="/var/www/html/tests/Feature/Modules/PecaInsumo/PecaInsumoObterPorUuidTest.php" line="54" class="Tests\Feature\Modules\PecaInsumo\PecaInsumoObterPorUuidTest" classname="Tests.Feature.Modules.PecaInsumo.PecaInsumoObterPorUuidTest" assertions="3" time="0.185849"/>
      </testsuite>
      <testsuite name="Tests\Feature\Modules\PecaInsumo\PecaInsumoRemocaoTest" file="/var/www/html/tests/Feature/Modules/PecaInsumo/PecaInsumoRemocaoTest.php" tests="3" assertions="8" errors="0" failures="0" skipped="0" time="0.559337">
        <testcase name="test_remocao_logica_do_peca_insumo_por_uuid" file="/var/www/html/tests/Feature/Modules/PecaInsumo/PecaInsumoRemocaoTest.php" line="20" class="Tests\Feature\Modules\PecaInsumo\PecaInsumoRemocaoTest" classname="Tests.Feature.Modules.PecaInsumo.PecaInsumoRemocaoTest" assertions="3" time="0.203666"/>
        <testcase name="test_remocao_logica_do_peca_insumo_por_uuid_que_nao_existe" file="/var/www/html/tests/Feature/Modules/PecaInsumo/PecaInsumoRemocaoTest.php" line="30" class="Tests\Feature\Modules\PecaInsumo\PecaInsumoRemocaoTest" classname="Tests.Feature.Modules.PecaInsumo.PecaInsumoRemocaoTest" assertions="2" time="0.189962"/>
        <testcase name="test_remocao_peca_insumo_com_erro_interno" file="/var/www/html/tests/Feature/Modules/PecaInsumo/PecaInsumoRemocaoTest.php" line="37" class="Tests\Feature\Modules\PecaInsumo\PecaInsumoRemocaoTest" classname="Tests.Feature.Modules.PecaInsumo.PecaInsumoRemocaoTest" assertions="3" time="0.165709"/>
      </testsuite>
      <testsuite name="Tests\Feature\Modules\Servico\ServicoAtualizacaoTest" file="/var/www/html/tests/Feature/Modules/Servico/ServicoAtualizacaoTest.php" tests="4" assertions="18" errors="0" failures="0" skipped="0" time="0.736598">
        <testcase name="test_atualizar_servico_por_uuid" file="/var/www/html/tests/Feature/Modules/Servico/ServicoAtualizacaoTest.php" line="32" class="Tests\Feature\Modules\Servico\ServicoAtualizacaoTest" classname="Tests.Feature.Modules.Servico.ServicoAtualizacaoTest" assertions="12" time="0.209289"/>
        <testcase name="test_atualizar_servico_por_uuid_que_nao_existe" file="/var/www/html/tests/Feature/Modules/Servico/ServicoAtualizacaoTest.php" line="59" class="Tests\Feature\Modules\Servico\ServicoAtualizacaoTest" classname="Tests.Feature.Modules.Servico.ServicoAtualizacaoTest" assertions="2" time="0.164761"/>
        <testcase name="test_atualizar_servico_por_uuid_com_formato_invalido" file="/var/www/html/tests/Feature/Modules/Servico/ServicoAtualizacaoTest.php" line="70" class="Tests\Feature\Modules\Servico\ServicoAtualizacaoTest" classname="Tests.Feature.Modules.Servico.ServicoAtualizacaoTest" assertions="2" time="0.178532"/>
        <testcase name="test_atualizar_servico_usando_mock_com_erro_500_interno" file="/var/www/html/tests/Feature/Modules/Servico/ServicoAtualizacaoTest.php" line="81" class="Tests\Feature\Modules\Servico\ServicoAtualizacaoTest" classname="Tests.Feature.Modules.Servico.ServicoAtualizacaoTest" assertions="2" time="0.184016"/>
      </testsuite>
      <testsuite name="Tests\Feature\Modules\Servico\ServicoCadastroTest" file="/var/www/html/tests/Feature/Modules/Servico/ServicoCadastroTest.php" tests="6" assertions="18" errors="0" failures="0" skipped="0" time="1.147213">
        <testcase name="test_cadastrar_servico" file="/var/www/html/tests/Feature/Modules/Servico/ServicoCadastroTest.php" line="30" class="Tests\Feature\Modules\Servico\ServicoCadastroTest" classname="Tests.Feature.Modules.Servico.ServicoCadastroTest" assertions="3" time="0.179003"/>
        <testcase name="test_descricao_eh_obrigatoria_e_deve_ter_minimo_3_caracteres" file="/var/www/html/tests/Feature/Modules/Servico/ServicoCadastroTest.php" line="38" class="Tests\Feature\Modules\Servico\ServicoCadastroTest" classname="Tests.Feature.Modules.Servico.ServicoCadastroTest" assertions="3" time="0.189185"/>
        <testcase name="test_descricao_do_servico_deve_ser_unica" file="/var/www/html/tests/Feature/Modules/Servico/ServicoCadastroTest.php" line="46" class="Tests\Feature\Modules\Servico\ServicoCadastroTest" classname="Tests.Feature.Modules.Servico.ServicoCadastroTest" assertions="4" time="0.203656"/>
        <testcase name="test_valor_do_servico_deve_ser_maior_que_zero" file="/var/www/html/tests/Feature/Modules/Servico/ServicoCadastroTest.php" line="63" class="Tests\Feature\Modules\Servico\ServicoCadastroTest" classname="Tests.Feature.Modules.Servico.ServicoCadastroTest" assertions="3" time="0.194275"/>
        <testcase name="test_status_do_servico_deve_ser_ativo_ou_inativo" file="/var/www/html/tests/Feature/Modules/Servico/ServicoCadastroTest.php" line="72" class="Tests\Feature\Modules\Servico\ServicoCadastroTest" classname="Tests.Feature.Modules.Servico.ServicoCadastroTest" assertions="3" time="0.203465"/>
        <testcase name="test_cadastro_servico_usando_mock_com_erro_500_interno" file="/var/www/html/tests/Feature/Modules/Servico/ServicoCadastroTest.php" line="81" class="Tests\Feature\Modules\Servico\ServicoCadastroTest" classname="Tests.Feature.Modules.Servico.ServicoCadastroTest" assertions="2" time="0.177628"/>
      </testsuite>
      <testsuite name="Tests\Feature\Modules\Servico\ServicoListagemTest" file="/var/www/html/tests/Feature/Modules/Servico/ServicoListagemTest.php" tests="6" assertions="36" errors="0" failures="0" skipped="0" time="1.110312">
        <testcase name="test_listar_todos_servicos" file="/var/www/html/tests/Feature/Modules/Servico/ServicoListagemTest.php" line="21" class="Tests\Feature\Modules\Servico\ServicoListagemTest" classname="Tests.Feature.Modules.Servico.ServicoListagemTest" assertions="14" time="0.232698"/>
        <testcase name="test_listar_todos_servicos_com_erro_500_interno" file="/var/www/html/tests/Feature/Modules/Servico/ServicoListagemTest.php" line="45" class="Tests\Feature\Modules\Servico\ServicoListagemTest" classname="Tests.Feature.Modules.Servico.ServicoListagemTest" assertions="3" time="0.198692"/>
        <testcase name="test_listar_servico_por_uuid" file="/var/www/html/tests/Feature/Modules/Servico/ServicoListagemTest.php" line="62" class="Tests\Feature\Modules\Servico\ServicoListagemTest" classname="Tests.Feature.Modules.Servico.ServicoListagemTest" assertions="12" time="0.163224"/>
        <testcase name="test_listar_servico_por_uuid_com_erro_500_interno" file="/var/www/html/tests/Feature/Modules/Servico/ServicoListagemTest.php" line="84" class="Tests\Feature\Modules\Servico\ServicoListagemTest" classname="Tests.Feature.Modules.Servico.ServicoListagemTest" assertions="3" time="0.176094"/>
        <testcase name="test_listar_servico_por_uuid_que_nao_existe" file="/var/www/html/tests/Feature/Modules/Servico/ServicoListagemTest.php" line="105" class="Tests\Feature\Modules\Servico\ServicoListagemTest" classname="Tests.Feature.Modules.Servico.ServicoListagemTest" assertions="2" time="0.166402"/>
        <testcase name="test_listar_servico_por_uuid_com_formato_invalido" file="/var/www/html/tests/Feature/Modules/Servico/ServicoListagemTest.php" line="112" class="Tests\Feature\Modules\Servico\ServicoListagemTest" classname="Tests.Feature.Modules.Servico.ServicoListagemTest" assertions="2" time="0.173202"/>
      </testsuite>
      <testsuite name="Tests\Feature\Modules\Servico\ServicoRemocaoTest" file="/var/www/html/tests/Feature/Modules/Servico/ServicoRemocaoTest.php" tests="5" assertions="12" errors="0" failures="0" skipped="0" time="0.929538">
        <testcase name="test_exclusao_logica_do_servico_por_uuid" file="/var/www/html/tests/Feature/Modules/Servico/ServicoRemocaoTest.php" line="22" class="Tests\Feature\Modules\Servico\ServicoRemocaoTest" classname="Tests.Feature.Modules.Servico.ServicoRemocaoTest" assertions="4" time="0.206211"/>
        <testcase name="test_exclusao_logica_do_servico_via_api_por_uuid_que_nao_existe" file="/var/www/html/tests/Feature/Modules/Servico/ServicoRemocaoTest.php" line="32" class="Tests\Feature\Modules\Servico\ServicoRemocaoTest" classname="Tests.Feature.Modules.Servico.ServicoRemocaoTest" assertions="2" time="0.185022"/>
        <testcase name="test_exclusao_logica_do_servico_via_api_por_uuid_com_formato_invalido" file="/var/www/html/tests/Feature/Modules/Servico/ServicoRemocaoTest.php" line="39" class="Tests\Feature\Modules\Servico\ServicoRemocaoTest" classname="Tests.Feature.Modules.Servico.ServicoRemocaoTest" assertions="2" time="0.201436"/>
        <testcase name="test_exclusao_logica_do_servico_com_mock_com_erro_500_interno" file="/var/www/html/tests/Feature/Modules/Servico/ServicoRemocaoTest.php" line="46" class="Tests\Feature\Modules\Servico\ServicoRemocaoTest" classname="Tests.Feature.Modules.Servico.ServicoRemocaoTest" assertions="2" time="0.167700"/>
        <testcase name="test_exclusao_logica_do_servico_com_mock_com_erro_404_interno" file="/var/www/html/tests/Feature/Modules/Servico/ServicoRemocaoTest.php" line="63" class="Tests\Feature\Modules\Servico\ServicoRemocaoTest" classname="Tests.Feature.Modules.Servico.ServicoRemocaoTest" assertions="2" time="0.169168"/>
      </testsuite>
      <testsuite name="Tests\Feature\Modules\Usuario\UsuarioAtualizacaoTest" file="/var/www/html/tests/Feature/Modules/Usuario/UsuarioAtualizacaoTest.php" tests="5" assertions="24" errors="0" failures="1" skipped="0" time="1.074043">
        <testcase name="test_usuario_pode_ter_o_nome_atualizado" file="/var/www/html/tests/Feature/Modules/Usuario/UsuarioAtualizacaoTest.php" line="38" class="Tests\Feature\Modules\Usuario\UsuarioAtualizacaoTest" classname="Tests.Feature.Modules.Usuario.UsuarioAtualizacaoTest" assertions="4" time="0.294652"/>
        <testcase name="test_usuario_pode_ter_papel_atualizado" file="/var/www/html/tests/Feature/Modules/Usuario/UsuarioAtualizacaoTest.php" line="64" class="Tests\Feature\Modules\Usuario\UsuarioAtualizacaoTest" classname="Tests.Feature.Modules.Usuario.UsuarioAtualizacaoTest" assertions="3" time="0.211817"/>
        <testcase name="test_usuario_pode_ter_status_atualizado" file="/var/www/html/tests/Feature/Modules/Usuario/UsuarioAtualizacaoTest.php" line="91" class="Tests\Feature\Modules\Usuario\UsuarioAtualizacaoTest" classname="Tests.Feature.Modules.Usuario.UsuarioAtualizacaoTest" assertions="3" time="0.214049">
          <failure type="PHPUnit\Framework\ExpectationFailedException">Tests\Feature\Modules\Usuario\UsuarioAtualizacaoTest::test_usuario_pode_ter_status_atualizado
Expected response status code [200] but received 400.
Failed asserting that 400 is identical to 200.

/var/www/html/vendor/laravel/framework/src/Illuminate/Testing/TestResponseAssert.php:45
/var/www/html/vendor/laravel/framework/src/Illuminate/Testing/TestResponse.php:174
/var/www/html/vendor/laravel/framework/src/Illuminate/Testing/Concerns/AssertsStatusCodes.php:16
/var/www/html/tests/Feature/Modules/Usuario/UsuarioAtualizacaoTest.php:113</failure>
        </testcase>
        <testcase name="test_atualizacao_usuario_nao_encontrado_lanca_model_not_found_exception" file="/var/www/html/tests/Feature/Modules/Usuario/UsuarioAtualizacaoTest.php" line="116" class="Tests\Feature\Modules\Usuario\UsuarioAtualizacaoTest" classname="Tests.Feature.Modules.Usuario.UsuarioAtualizacaoTest" assertions="7" time="0.186129"/>
        <testcase name="test_atualizacao_usuario_lanca_exception_generica" file="/var/www/html/tests/Feature/Modules/Usuario/UsuarioAtualizacaoTest.php" line="144" class="Tests\Feature\Modules\Usuario\UsuarioAtualizacaoTest" classname="Tests.Feature.Modules.Usuario.UsuarioAtualizacaoTest" assertions="7" time="0.167396"/>
      </testsuite>
      <testsuite name="Tests\Feature\Modules\Usuario\UsuarioCadastroTest" file="/var/www/html/tests/Feature/Modules/Usuario/UsuarioCadastroTest.php" tests="10" assertions="32" errors="0" failures="4" skipped="0" time="2.145788">
        <testcase name="test_usuario_pode_ser_cadastrado_como_comercial" file="/var/www/html/tests/Feature/Modules/Usuario/UsuarioCadastroTest.php" line="36" class="Tests\Feature\Modules\Usuario\UsuarioCadastroTest" classname="Tests.Feature.Modules.Usuario.UsuarioCadastroTest" assertions="3" time="0.252455">
          <failure type="PHPUnit\Framework\ExpectationFailedException">Tests\Feature\Modules\Usuario\UsuarioCadastroTest::test_usuario_pode_ser_cadastrado_como_comercial
Expected response status code [201] but received 400.
Failed asserting that 400 is identical to 201.

/var/www/html/vendor/laravel/framework/src/Illuminate/Testing/TestResponseAssert.php:45
/var/www/html/vendor/laravel/framework/src/Illuminate/Testing/TestResponse.php:174
/var/www/html/vendor/laravel/framework/src/Illuminate/Testing/Concerns/AssertsStatusCodes.php:26
/var/www/html/tests/Feature/Modules/Usuario/UsuarioCadastroTest.php:48</failure>
        </testcase>
        <testcase name="test_usuario_pode_ser_cadastrado_como_mecanico" file="/var/www/html/tests/Feature/Modules/Usuario/UsuarioCadastroTest.php" line="51" class="Tests\Feature\Modules\Usuario\UsuarioCadastroTest" classname="Tests.Feature.Modules.Usuario.UsuarioCadastroTest" assertions="3" time="0.243282">
          <failure type="PHPUnit\Framework\ExpectationFailedException">Tests\Feature\Modules\Usuario\UsuarioCadastroTest::test_usuario_pode_ser_cadastrado_como_mecanico
Expected response status code [201] but received 400.
Failed asserting that 400 is identical to 201.

/var/www/html/vendor/laravel/framework/src/Illuminate/Testing/TestResponseAssert.php:45
/var/www/html/vendor/laravel/framework/src/Illuminate/Testing/TestResponse.php:174
/var/www/html/vendor/laravel/framework/src/Illuminate/Testing/Concerns/AssertsStatusCodes.php:26
/var/www/html/tests/Feature/Modules/Usuario/UsuarioCadastroTest.php:63</failure>
        </testcase>
        <testcase name="test_usuario_pode_ser_cadastrado_como_atendente" file="/var/www/html/tests/Feature/Modules/Usuario/UsuarioCadastroTest.php" line="66" class="Tests\Feature\Modules\Usuario\UsuarioCadastroTest" classname="Tests.Feature.Modules.Usuario.UsuarioCadastroTest" assertions="3" time="0.224157">
          <failure type="PHPUnit\Framework\ExpectationFailedException">Tests\Feature\Modules\Usuario\UsuarioCadastroTest::test_usuario_pode_ser_cadastrado_como_atendente
Expected response status code [201] but received 400.
Failed asserting that 400 is identical to 201.

/var/www/html/vendor/laravel/framework/src/Illuminate/Testing/TestResponseAssert.php:45
/var/www/html/vendor/laravel/framework/src/Illuminate/Testing/TestResponse.php:174
/var/www/html/vendor/laravel/framework/src/Illuminate/Testing/Concerns/AssertsStatusCodes.php:26
/var/www/html/tests/Feature/Modules/Usuario/UsuarioCadastroTest.php:78</failure>
        </testcase>
        <testcase name="test_usuario_pode_ser_cadastrado_como_gestor_de_estoque" file="/var/www/html/tests/Feature/Modules/Usuario/UsuarioCadastroTest.php" line="81" class="Tests\Feature\Modules\Usuario\UsuarioCadastroTest" classname="Tests.Feature.Modules.Usuario.UsuarioCadastroTest" assertions="3" time="0.207289">
          <failure type="PHPUnit\Framework\ExpectationFailedException">Tests\Feature\Modules\Usuario\UsuarioCadastroTest::test_usuario_pode_ser_cadastrado_como_gestor_de_estoque
Expected response status code [201] but received 400.
Failed asserting that 400 is identical to 201.

/var/www/html/vendor/laravel/framework/src/Illuminate/Testing/TestResponseAssert.php:45
/var/www/html/vendor/laravel/framework/src/Illuminate/Testing/TestResponse.php:174
/var/www/html/vendor/laravel/framework/src/Illuminate/Testing/Concerns/AssertsStatusCodes.php:26
/var/www/html/tests/Feature/Modules/Usuario/UsuarioCadastroTest.php:93</failure>
        </testcase>
        <testcase name="test_usuario_atendente_nao_pode_ser_cadastrado_sem_um_nome" file="/var/www/html/tests/Feature/Modules/Usuario/UsuarioCadastroTest.php" line="96" class="Tests\Feature\Modules\Usuario\UsuarioCadastroTest" classname="Tests.Feature.Modules.Usuario.UsuarioCadastroTest" assertions="3" time="0.209747"/>
        <testcase name="test_usuario_mecanico_nao_pode_ser_cadastrado_sem_um_nome" file="/var/www/html/tests/Feature/Modules/Usuario/UsuarioCadastroTest.php" line="108" class="Tests\Feature\Modules\Usuario\UsuarioCadastroTest" classname="Tests.Feature.Modules.Usuario.UsuarioCadastroTest" assertions="3" time="0.206452"/>
        <testcase name="test_usuario_comercial_nao_pode_ser_cadastrado_sem_um_nome" file="/var/www/html/tests/Feature/Modules/Usuario/UsuarioCadastroTest.php" line="120" class="Tests\Feature\Modules\Usuario\UsuarioCadastroTest" classname="Tests.Feature.Modules.Usuario.UsuarioCadastroTest" assertions="3" time="0.205850"/>
        <testcase name="test_usuario_gestor_estoque_nao_pode_ser_cadastrado_sem_um_nome" file="/var/www/html/tests/Feature/Modules/Usuario/UsuarioCadastroTest.php" line="132" class="Tests\Feature\Modules\Usuario\UsuarioCadastroTest" classname="Tests.Feature.Modules.Usuario.UsuarioCadastroTest" assertions="3" time="0.198146"/>
        <testcase name="test_usuario_nao_pode_ser_cadastrado_sem_dados_obrigatorios" file="/var/www/html/tests/Feature/Modules/Usuario/UsuarioCadastroTest.php" line="144" class="Tests\Feature\Modules\Usuario\UsuarioCadastroTest" classname="Tests.Feature.Modules.Usuario.UsuarioCadastroTest" assertions="3" time="0.197603"/>
        <testcase name="test_cadastro_de_usuario_lanca_exception" file="/var/www/html/tests/Feature/Modules/Usuario/UsuarioCadastroTest.php" line="153" class="Tests\Feature\Modules\Usuario\UsuarioCadastroTest" classname="Tests.Feature.Modules.Usuario.UsuarioCadastroTest" assertions="5" time="0.200808"/>
      </testsuite>
      <testsuite name="Tests\Feature\Modules\Usuario\UsuarioListagemTest" file="/var/www/html/tests/Feature/Modules/Usuario/UsuarioListagemTest.php" tests="5" assertions="20" errors="0" failures="0" skipped="0" time="1.011748">
        <testcase name="test_usuarios_cadastrados_podem_ser_listados" file="/var/www/html/tests/Feature/Modules/Usuario/UsuarioListagemTest.php" line="37" class="Tests\Feature\Modules\Usuario\UsuarioListagemTest" classname="Tests.Feature.Modules.Usuario.UsuarioListagemTest" assertions="3" time="0.250360"/>
        <testcase name="test_usuario_pode_ser_listado_informando_uuid" file="/var/www/html/tests/Feature/Modules/Usuario/UsuarioListagemTest.php" line="52" class="Tests\Feature\Modules\Usuario\UsuarioListagemTest" classname="Tests.Feature.Modules.Usuario.UsuarioListagemTest" assertions="3" time="0.200480"/>
        <testcase name="test_listagem_de_usuario_lanca_exception" file="/var/www/html/tests/Feature/Modules/Usuario/UsuarioListagemTest.php" line="72" class="Tests\Feature\Modules\Usuario\UsuarioListagemTest" classname="Tests.Feature.Modules.Usuario.UsuarioListagemTest" assertions="4" time="0.180314"/>
        <testcase name="test_metodo_obter_um_por_uuid_no_controller_de_usuario_recupera_not_found_exception" file="/var/www/html/tests/Feature/Modules/Usuario/UsuarioListagemTest.php" line="90" class="Tests\Feature\Modules\Usuario\UsuarioListagemTest" classname="Tests.Feature.Modules.Usuario.UsuarioListagemTest" assertions="5" time="0.188723"/>
        <testcase name="test_metodo_obter_um_por_uuid_no_controller_de_usuario_recupera_exception_generica" file="/var/www/html/tests/Feature/Modules/Usuario/UsuarioListagemTest.php" line="118" class="Tests\Feature\Modules\Usuario\UsuarioListagemTest" classname="Tests.Feature.Modules.Usuario.UsuarioListagemTest" assertions="5" time="0.191872"/>
      </testsuite>
      <testsuite name="Tests\Feature\Modules\Usuario\UsuarioRemocaoTest" file="/var/www/html/tests/Feature/Modules/Usuario/UsuarioRemocaoTest.php" tests="3" assertions="12" errors="0" failures="0" skipped="0" time="0.568507">
        <testcase name="test_usuario_pode_ser_removido" file="/var/www/html/tests/Feature/Modules/Usuario/UsuarioRemocaoTest.php" line="37" class="Tests\Feature\Modules\Usuario\UsuarioRemocaoTest" classname="Tests.Feature.Modules.Usuario.UsuarioRemocaoTest" assertions="4" time="0.208256"/>
        <testcase name="test_remocao_usuario_inexistente_lanca_model_not_found_exception" file="/var/www/html/tests/Feature/Modules/Usuario/UsuarioRemocaoTest.php" line="57" class="Tests\Feature\Modules\Usuario\UsuarioRemocaoTest" classname="Tests.Feature.Modules.Usuario.UsuarioRemocaoTest" assertions="4" time="0.176745"/>
        <testcase name="test_remocao_usuario_lanca_exception_generica" file="/var/www/html/tests/Feature/Modules/Usuario/UsuarioRemocaoTest.php" line="77" class="Tests\Feature\Modules\Usuario\UsuarioRemocaoTest" classname="Tests.Feature.Modules.Usuario.UsuarioRemocaoTest" assertions="4" time="0.183506"/>
      </testsuite>
      <testsuite name="Tests\Feature\Modules\Veiculo\VeiculoAtualizacaoTest" file="/var/www/html/tests/Feature/Modules/Veiculo/VeiculoAtualizacaoTest.php" tests="9" assertions="20" errors="0" failures="0" skipped="0" time="1.691296">
        <testcase name="test_atualizar_veiculo_por_uuid" file="/var/www/html/tests/Feature/Modules/Veiculo/VeiculoAtualizacaoTest.php" line="32" class="Tests\Feature\Modules\Veiculo\VeiculoAtualizacaoTest" classname="Tests.Feature.Modules.Veiculo.VeiculoAtualizacaoTest" assertions="2" time="0.188677"/>
        <testcase name="test_atualizar_veiculo_por_uuid_que_nao_existe" file="/var/www/html/tests/Feature/Modules/Veiculo/VeiculoAtualizacaoTest.php" line="46" class="Tests\Feature\Modules\Veiculo\VeiculoAtualizacaoTest" classname="Tests.Feature.Modules.Veiculo.VeiculoAtualizacaoTest" assertions="2" time="0.189523"/>
        <testcase name="test_atualizar_veiculo_com_dados_invalidos" file="/var/www/html/tests/Feature/Modules/Veiculo/VeiculoAtualizacaoTest.php" line="56" class="Tests\Feature\Modules\Veiculo\VeiculoAtualizacaoTest" classname="Tests.Feature.Modules.Veiculo.VeiculoAtualizacaoTest" assertions="2" time="0.193805"/>
        <testcase name="test_atualizar_veiculo_com_uuid_mal_formado" file="/var/www/html/tests/Feature/Modules/Veiculo/VeiculoAtualizacaoTest.php" line="71" class="Tests\Feature\Modules\Veiculo\VeiculoAtualizacaoTest" classname="Tests.Feature.Modules.Veiculo.VeiculoAtualizacaoTest" assertions="2" time="0.178564"/>
        <testcase name="test_atualizar_veiculo_sem_payload" file="/var/www/html/tests/Feature/Modules/Veiculo/VeiculoAtualizacaoTest.php" line="80" class="Tests\Feature\Modules\Veiculo\VeiculoAtualizacaoTest" classname="Tests.Feature.Modules.Veiculo.VeiculoAtualizacaoTest" assertions="2" time="0.184326"/>
        <testcase name="test_atualizar_veiculo_com_erro_interno" file="/var/www/html/tests/Feature/Modules/Veiculo/VeiculoAtualizacaoTest.php" line="89" class="Tests\Feature\Modules\Veiculo\VeiculoAtualizacaoTest" classname="Tests.Feature.Modules.Veiculo.VeiculoAtualizacaoTest" assertions="3" time="0.184838"/>
        <testcase name="test_atualizar_veiculo_com_database_exception" file="/var/www/html/tests/Feature/Modules/Veiculo/VeiculoAtualizacaoTest.php" line="105" class="Tests\Feature\Modules\Veiculo\VeiculoAtualizacaoTest" classname="Tests.Feature.Modules.Veiculo.VeiculoAtualizacaoTest" assertions="3" time="0.169269"/>
        <testcase name="test_atualizar_veiculo_com_cliente_uuid" file="/var/www/html/tests/Feature/Modules/Veiculo/VeiculoAtualizacaoTest.php" line="127" class="Tests\Feature\Modules\Veiculo\VeiculoAtualizacaoTest" classname="Tests.Feature.Modules.Veiculo.VeiculoAtualizacaoTest" assertions="2" time="0.214033"/>
        <testcase name="test_atualizar_veiculo_com_placa_duplicada" file="/var/www/html/tests/Feature/Modules/Veiculo/VeiculoAtualizacaoTest.php" line="143" class="Tests\Feature\Modules\Veiculo\VeiculoAtualizacaoTest" classname="Tests.Feature.Modules.Veiculo.VeiculoAtualizacaoTest" assertions="2" time="0.188262"/>
      </testsuite>
      <testsuite name="Tests\Feature\Modules\Veiculo\VeiculoCadastroTest" file="/var/www/html/tests/Feature/Modules/Veiculo/VeiculoCadastroTest.php" tests="15" assertions="35" errors="0" failures="0" skipped="0" time="2.811468">
        <testcase name="test_cadastrar_veiculo" file="/var/www/html/tests/Feature/Modules/Veiculo/VeiculoCadastroTest.php" line="44" class="Tests\Feature\Modules\Veiculo\VeiculoCadastroTest" classname="Tests.Feature.Modules.Veiculo.VeiculoCadastroTest" assertions="3" time="0.194195"/>
        <testcase name="test_marca_eh_obrigatoria_e_deve_ter_minimo_2_caracteres" file="/var/www/html/tests/Feature/Modules/Veiculo/VeiculoCadastroTest.php" line="52" class="Tests\Feature\Modules\Veiculo\VeiculoCadastroTest" classname="Tests.Feature.Modules.Veiculo.VeiculoCadastroTest" assertions="5" time="0.185231"/>
        <testcase name="test_ano_do_veiculo_deve_ser_valido" file="/var/www/html/tests/Feature/Modules/Veiculo/VeiculoCadastroTest.php" line="61" class="Tests\Feature\Modules\Veiculo\VeiculoCadastroTest" classname="Tests.Feature.Modules.Veiculo.VeiculoCadastroTest" assertions="2" time="0.175465"/>
        <testcase name="test_placa_do_veiculo_deve_ter_formato_valido" file="/var/www/html/tests/Feature/Modules/Veiculo/VeiculoCadastroTest.php" line="70" class="Tests\Feature\Modules\Veiculo\VeiculoCadastroTest" classname="Tests.Feature.Modules.Veiculo.VeiculoCadastroTest" assertions="2" time="0.204614"/>
        <testcase name="test_cadastrar_veiculo_com_erro_interno" file="/var/www/html/tests/Feature/Modules/Veiculo/VeiculoCadastroTest.php" line="81" class="Tests\Feature\Modules\Veiculo\VeiculoCadastroTest" classname="Tests.Feature.Modules.Veiculo.VeiculoCadastroTest" assertions="3" time="0.167155"/>
        <testcase name="test_modelo_eh_obrigatorio_e_deve_ter_minimo_2_caracteres" file="/var/www/html/tests/Feature/Modules/Veiculo/VeiculoCadastroTest.php" line="95" class="Tests\Feature\Modules\Veiculo\VeiculoCadastroTest" classname="Tests.Feature.Modules.Veiculo.VeiculoCadastroTest" assertions="2" time="0.203733"/>
        <testcase name="test_chassi_eh_obrigatorio_e_deve_ter_17_caracteres" file="/var/www/html/tests/Feature/Modules/Veiculo/VeiculoCadastroTest.php" line="105" class="Tests\Feature\Modules\Veiculo\VeiculoCadastroTest" classname="Tests.Feature.Modules.Veiculo.VeiculoCadastroTest" assertions="2" time="0.180889"/>
        <testcase name="test_cor_eh_obrigatoria" file="/var/www/html/tests/Feature/Modules/Veiculo/VeiculoCadastroTest.php" line="115" class="Tests\Feature\Modules\Veiculo\VeiculoCadastroTest" classname="Tests.Feature.Modules.Veiculo.VeiculoCadastroTest" assertions="2" time="0.178311"/>
        <testcase name="test_cadastrar_veiculo_com_placa_duplicada" file="/var/www/html/tests/Feature/Modules/Veiculo/VeiculoCadastroTest.php" line="123" class="Tests\Feature\Modules\Veiculo\VeiculoCadastroTest" classname="Tests.Feature.Modules.Veiculo.VeiculoCadastroTest" assertions="2" time="0.192684"/>
        <testcase name="test_cadastrar_veiculo_com_chassi_duplicado" file="/var/www/html/tests/Feature/Modules/Veiculo/VeiculoCadastroTest.php" line="137" class="Tests\Feature\Modules\Veiculo\VeiculoCadastroTest" classname="Tests.Feature.Modules.Veiculo.VeiculoCadastroTest" assertions="2" time="0.210281"/>
        <testcase name="test_cadastrar_veiculo_com_cliente_uuid" file="/var/www/html/tests/Feature/Modules/Veiculo/VeiculoCadastroTest.php" line="151" class="Tests\Feature\Modules\Veiculo\VeiculoCadastroTest" classname="Tests.Feature.Modules.Veiculo.VeiculoCadastroTest" assertions="2" time="0.177858"/>
        <testcase name="test_cadastrar_veiculo_com_cliente_uuid_inexistente" file="/var/www/html/tests/Feature/Modules/Veiculo/VeiculoCadastroTest.php" line="160" class="Tests\Feature\Modules\Veiculo\VeiculoCadastroTest" classname="Tests.Feature.Modules.Veiculo.VeiculoCadastroTest" assertions="2" time="0.189931"/>
        <testcase name="test_cadastrar_veiculo_com_placa_formato_mercosul" file="/var/www/html/tests/Feature/Modules/Veiculo/VeiculoCadastroTest.php" line="170" class="Tests\Feature\Modules\Veiculo\VeiculoCadastroTest" classname="Tests.Feature.Modules.Veiculo.VeiculoCadastroTest" assertions="2" time="0.173035"/>
        <testcase name="test_ano_futuro_permitido" file="/var/www/html/tests/Feature/Modules/Veiculo/VeiculoCadastroTest.php" line="180" class="Tests\Feature\Modules\Veiculo\VeiculoCadastroTest" classname="Tests.Feature.Modules.Veiculo.VeiculoCadastroTest" assertions="2" time="0.172031"/>
        <testcase name="test_ano_muito_futuro_nao_permitido" file="/var/www/html/tests/Feature/Modules/Veiculo/VeiculoCadastroTest.php" line="189" class="Tests\Feature\Modules\Veiculo\VeiculoCadastroTest" classname="Tests.Feature.Modules.Veiculo.VeiculoCadastroTest" assertions="2" time="0.206052"/>
      </testsuite>
      <testsuite name="Tests\Feature\Modules\Veiculo\VeiculoListagemTest" file="/var/www/html/tests/Feature/Modules/Veiculo/VeiculoListagemTest.php" tests="13" assertions="29" errors="0" failures="0" skipped="0" time="2.516370">
        <testcase name="test_listar_todos_veiculos" file="/var/www/html/tests/Feature/Modules/Veiculo/VeiculoListagemTest.php" line="21" class="Tests\Feature\Modules\Veiculo\VeiculoListagemTest" classname="Tests.Feature.Modules.Veiculo.VeiculoListagemTest" assertions="2" time="0.222987"/>
        <testcase name="test_listar_veiculo_por_uuid_que_nao_existe" file="/var/www/html/tests/Feature/Modules/Veiculo/VeiculoListagemTest.php" line="29" class="Tests\Feature\Modules\Veiculo\VeiculoListagemTest" classname="Tests.Feature.Modules.Veiculo.VeiculoListagemTest" assertions="2" time="0.205423"/>
        <testcase name="test_listar_veiculos_com_erro_interno" file="/var/www/html/tests/Feature/Modules/Veiculo/VeiculoListagemTest.php" line="36" class="Tests\Feature\Modules\Veiculo\VeiculoListagemTest" classname="Tests.Feature.Modules.Veiculo.VeiculoListagemTest" assertions="3" time="0.175706"/>
        <testcase name="test_obter_veiculo_por_uuid_existente" file="/var/www/html/tests/Feature/Modules/Veiculo/VeiculoListagemTest.php" line="49" class="Tests\Feature\Modules\Veiculo\VeiculoListagemTest" classname="Tests.Feature.Modules.Veiculo.VeiculoListagemTest" assertions="2" time="0.183908"/>
        <testcase name="test_listar_veiculos_vazios" file="/var/www/html/tests/Feature/Modules/Veiculo/VeiculoListagemTest.php" line="58" class="Tests\Feature\Modules\Veiculo\VeiculoListagemTest" classname="Tests.Feature.Modules.Veiculo.VeiculoListagemTest" assertions="3" time="0.209435"/>
        <testcase name="test_listar_veiculos_com_paginacao" file="/var/www/html/tests/Feature/Modules/Veiculo/VeiculoListagemTest.php" line="66" class="Tests\Feature\Modules\Veiculo\VeiculoListagemTest" classname="Tests.Feature.Modules.Veiculo.VeiculoListagemTest" assertions="2" time="0.216785"/>
        <testcase name="test_listar_veiculos_filtrados_por_cliente" file="/var/www/html/tests/Feature/Modules/Veiculo/VeiculoListagemTest.php" line="75" class="Tests\Feature\Modules\Veiculo\VeiculoListagemTest" classname="Tests.Feature.Modules.Veiculo.VeiculoListagemTest" assertions="2" time="0.197182"/>
        <testcase name="test_listar_veiculos_com_cliente_uuid_inexistente" file="/var/www/html/tests/Feature/Modules/Veiculo/VeiculoListagemTest.php" line="92" class="Tests\Feature\Modules\Veiculo\VeiculoListagemTest" classname="Tests.Feature.Modules.Veiculo.VeiculoListagemTest" assertions="2" time="0.184531"/>
        <testcase name="test_listar_veiculos_com_parametros_paginacao_invalidos" file="/var/www/html/tests/Feature/Modules/Veiculo/VeiculoListagemTest.php" line="101" class="Tests\Feature\Modules\Veiculo\VeiculoListagemTest" classname="Tests.Feature.Modules.Veiculo.VeiculoListagemTest" assertions="2" time="0.176050"/>
        <testcase name="test_obter_veiculo_com_uuid_malformado" file="/var/www/html/tests/Feature/Modules/Veiculo/VeiculoListagemTest.php" line="108" class="Tests\Feature\Modules\Veiculo\VeiculoListagemTest" classname="Tests.Feature.Modules.Veiculo.VeiculoListagemTest" assertions="2" time="0.201366"/>
        <testcase name="test_listar_veiculos_com_estrutura_json_correta" file="/var/www/html/tests/Feature/Modules/Veiculo/VeiculoListagemTest.php" line="117" class="Tests\Feature\Modules\Veiculo\VeiculoListagemTest" classname="Tests.Feature.Modules.Veiculo.VeiculoListagemTest" assertions="2" time="0.190727"/>
        <testcase name="test_obter_veiculo_com_erro_interno" file="/var/www/html/tests/Feature/Modules/Veiculo/VeiculoListagemTest.php" line="126" class="Tests\Feature\Modules\Veiculo\VeiculoListagemTest" classname="Tests.Feature.Modules.Veiculo.VeiculoListagemTest" assertions="3" time="0.166016"/>
        <testcase name="test_listar_veiculos_com_filtro_cliente_uuid_valido" file="/var/www/html/tests/Feature/Modules/Veiculo/VeiculoListagemTest.php" line="141" class="Tests\Feature\Modules\Veiculo\VeiculoListagemTest" classname="Tests.Feature.Modules.Veiculo.VeiculoListagemTest" assertions="2" time="0.186252"/>
      </testsuite>
      <testsuite name="Tests\Feature\Modules\Veiculo\VeiculoObterPorUuidTest" file="/var/www/html/tests/Feature/Modules/Veiculo/VeiculoObterPorUuidTest.php" tests="9" assertions="31" errors="0" failures="0" skipped="0" time="1.684025">
        <testcase name="test_obter_veiculo_por_uuid" file="/var/www/html/tests/Feature/Modules/Veiculo/VeiculoObterPorUuidTest.php" line="20" class="Tests\Feature\Modules\Veiculo\VeiculoObterPorUuidTest" classname="Tests.Feature.Modules.Veiculo.VeiculoObterPorUuidTest" assertions="2" time="0.189735"/>
        <testcase name="test_obter_veiculo_com_encoding_error" file="/var/www/html/tests/Feature/Modules/Veiculo/VeiculoObterPorUuidTest.php" line="29" class="Tests\Feature\Modules\Veiculo\VeiculoObterPorUuidTest" classname="Tests.Feature.Modules.Veiculo.VeiculoObterPorUuidTest" assertions="3" time="0.200727"/>
        <testcase name="test_obter_veiculo_por_uuid_inexistente" file="/var/www/html/tests/Feature/Modules/Veiculo/VeiculoObterPorUuidTest.php" line="47" class="Tests\Feature\Modules\Veiculo\VeiculoObterPorUuidTest" classname="Tests.Feature.Modules.Veiculo.VeiculoObterPorUuidTest" assertions="2" time="0.212815"/>
        <testcase name="test_obter_veiculo_com_uuid_malformado" file="/var/www/html/tests/Feature/Modules/Veiculo/VeiculoObterPorUuidTest.php" line="56" class="Tests\Feature\Modules\Veiculo\VeiculoObterPorUuidTest" classname="Tests.Feature.Modules.Veiculo.VeiculoObterPorUuidTest" assertions="2" time="0.190448"/>
        <testcase name="test_obter_veiculo_com_uuid_vazio" file="/var/www/html/tests/Feature/Modules/Veiculo/VeiculoObterPorUuidTest.php" line="65" class="Tests\Feature\Modules\Veiculo\VeiculoObterPorUuidTest" classname="Tests.Feature.Modules.Veiculo.VeiculoObterPorUuidTest" assertions="2" time="0.173992"/>
        <testcase name="test_obter_veiculo_com_erro_interno" file="/var/www/html/tests/Feature/Modules/Veiculo/VeiculoObterPorUuidTest.php" line="77" class="Tests\Feature\Modules\Veiculo\VeiculoObterPorUuidTest" classname="Tests.Feature.Modules.Veiculo.VeiculoObterPorUuidTest" assertions="3" time="0.172979"/>
        <testcase name="test_obter_veiculo_com_database_exception" file="/var/www/html/tests/Feature/Modules/Veiculo/VeiculoObterPorUuidTest.php" line="92" class="Tests\Feature\Modules\Veiculo\VeiculoObterPorUuidTest" classname="Tests.Feature.Modules.Veiculo.VeiculoObterPorUuidTest" assertions="3" time="0.170043"/>
        <testcase name="test_obter_veiculo_estrutura_response_completa" file="/var/www/html/tests/Feature/Modules/Veiculo/VeiculoObterPorUuidTest.php" line="112" class="Tests\Feature\Modules\Veiculo\VeiculoObterPorUuidTest" classname="Tests.Feature.Modules.Veiculo.VeiculoObterPorUuidTest" assertions="12" time="0.186902"/>
        <testcase name="test_obter_veiculo_com_relacionamentos" file="/var/www/html/tests/Feature/Modules/Veiculo/VeiculoObterPorUuidTest.php" line="133" class="Tests\Feature\Modules\Veiculo\VeiculoObterPorUuidTest" classname="Tests.Feature.Modules.Veiculo.VeiculoObterPorUuidTest" assertions="2" time="0.186384"/>
      </testsuite>
      <testsuite name="Tests\Feature\Modules\Veiculo\VeiculoRemocaoTest" file="/var/www/html/tests/Feature/Modules/Veiculo/VeiculoRemocaoTest.php" tests="7" assertions="19" errors="0" failures="0" skipped="0" time="1.265962">
        <testcase name="test_remocao_do_veiculo_por_uuid" file="/var/www/html/tests/Feature/Modules/Veiculo/VeiculoRemocaoTest.php" line="20" class="Tests\Feature\Modules\Veiculo\VeiculoRemocaoTest" classname="Tests.Feature.Modules.Veiculo.VeiculoRemocaoTest" assertions="2" time="0.184477"/>
        <testcase name="test_remocao_do_veiculo_por_uuid_que_nao_existe" file="/var/www/html/tests/Feature/Modules/Veiculo/VeiculoRemocaoTest.php" line="27" class="Tests\Feature\Modules\Veiculo\VeiculoRemocaoTest" classname="Tests.Feature.Modules.Veiculo.VeiculoRemocaoTest" assertions="2" time="0.178888"/>
        <testcase name="test_remocao_veiculo_com_erro_interno" file="/var/www/html/tests/Feature/Modules/Veiculo/VeiculoRemocaoTest.php" line="34" class="Tests\Feature\Modules\Veiculo\VeiculoRemocaoTest" classname="Tests.Feature.Modules.Veiculo.VeiculoRemocaoTest" assertions="3" time="0.166780"/>
        <testcase name="test_remocao_veiculo_com_uuid_malformado" file="/var/www/html/tests/Feature/Modules/Veiculo/VeiculoRemocaoTest.php" line="49" class="Tests\Feature\Modules\Veiculo\VeiculoRemocaoTest" classname="Tests.Feature.Modules.Veiculo.VeiculoRemocaoTest" assertions="4" time="0.172810"/>
        <testcase name="test_remocao_veiculo_com_relacionamentos" file="/var/www/html/tests/Feature/Modules/Veiculo/VeiculoRemocaoTest.php" line="59" class="Tests\Feature\Modules\Veiculo\VeiculoRemocaoTest" classname="Tests.Feature.Modules.Veiculo.VeiculoRemocaoTest" assertions="2" time="0.191317"/>
        <testcase name="test_remocao_veiculo_com_database_exception" file="/var/www/html/tests/Feature/Modules/Veiculo/VeiculoRemocaoTest.php" line="75" class="Tests\Feature\Modules\Veiculo\VeiculoRemocaoTest" classname="Tests.Feature.Modules.Veiculo.VeiculoRemocaoTest" assertions="3" time="0.190724"/>
        <testcase name="test_remocao_veiculo_com_constraint_violation" file="/var/www/html/tests/Feature/Modules/Veiculo/VeiculoRemocaoTest.php" line="96" class="Tests\Feature\Modules\Veiculo\VeiculoRemocaoTest" classname="Tests.Feature.Modules.Veiculo.VeiculoRemocaoTest" assertions="3" time="0.180966"/>
      </testsuite>
    </testsuite>
  </testsuite>
</testsuites>
