<?xml version="1.0" encoding="UTF-8"?>
<testsuites>
  <testsuite name="/var/www/html/phpunit.xml" tests="391" assertions="1227" errors="0" failures="0" skipped="0" time="98.634294">
    <testsuite name="Unit" tests="183" assertions="325" errors="0" failures="0" skipped="0" time="37.867766">
      <testsuite name="Tests\Unit\AuthTest" file="/var/www/html/tests/Unit/AuthTest.php" tests="2" assertions="5" errors="0" failures="0" skipped="0" time="7.334992">
        <testcase name="test_auth_usuario_service_pode_ser_instanciado" file="/var/www/html/tests/Unit/AuthTest.php" line="19" class="Tests\Unit\AuthTest" classname="Tests.Unit.AuthTest" assertions="1" time="6.891949"/>
        <testcase name="test_auth_usuario_service_autenticar_funciona" file="/var/www/html/tests/Unit/AuthTest.php" line="28" class="Tests\Unit\AuthTest" classname="Tests.Unit.AuthTest" assertions="4" time="0.443043"/>
      </testsuite>
      <testsuite name="Tests\Unit\ClienteTest" file="/var/www/html/tests/Unit/ClienteTest.php" tests="9" assertions="11" errors="0" failures="0" skipped="0" time="2.021631">
        <testcase name="test_listagem_dto_retorna_array_vazio_inicialmente" file="/var/www/html/tests/Unit/ClienteTest.php" line="23" class="Tests\Unit\ClienteTest" classname="Tests.Unit.ClienteTest" assertions="1" time="0.313870"/>
        <testcase name="test_cadastro_dto_aceita_dados_cliente" file="/var/www/html/tests/Unit/ClienteTest.php" line="32" class="Tests\Unit\ClienteTest" classname="Tests.Unit.ClienteTest" assertions="3" time="0.155755"/>
        <testcase name="test_atualizacao_dto_retorna_array_vazio_com_dados_vazios" file="/var/www/html/tests/Unit/ClienteTest.php" line="59" class="Tests\Unit\ClienteTest" classname="Tests.Unit.ClienteTest" assertions="1" time="0.161933"/>
        <testcase name="test_cliente_model_pode_ser_instanciado" file="/var/www/html/tests/Unit/ClienteTest.php" line="70" class="Tests\Unit\ClienteTest" classname="Tests.Unit.ClienteTest" assertions="1" time="0.260912"/>
        <testcase name="test_cliente_model_tem_tabela_correta" file="/var/www/html/tests/Unit/ClienteTest.php" line="79" class="Tests\Unit\ClienteTest" classname="Tests.Unit.ClienteTest" assertions="1" time="0.172183"/>
        <testcase name="test_cliente_model_tem_fillable_corretos" file="/var/www/html/tests/Unit/ClienteTest.php" line="88" class="Tests\Unit\ClienteTest" classname="Tests.Unit.ClienteTest" assertions="1" time="0.150024"/>
        <testcase name="test_cliente_repository_pode_ser_instanciado" file="/var/www/html/tests/Unit/ClienteTest.php" line="118" class="Tests\Unit\ClienteTest" classname="Tests.Unit.ClienteTest" assertions="1" time="0.200994"/>
        <testcase name="test_cliente_repository_tem_model_correto" file="/var/www/html/tests/Unit/ClienteTest.php" line="127" class="Tests\Unit\ClienteTest" classname="Tests.Unit.ClienteTest" assertions="1" time="0.159907"/>
        <testcase name="test_cliente_service_pode_ser_instanciado" file="/var/www/html/tests/Unit/ClienteTest.php" line="138" class="Tests\Unit\ClienteTest" classname="Tests.Unit.ClienteTest" assertions="1" time="0.446054"/>
      </testsuite>
      <testsuite name="Tests\Unit\ClienteVeiculoTest" file="/var/www/html/tests/Unit/ClienteVeiculoTest.php" tests="7" assertions="9" errors="0" failures="0" skipped="0" time="1.279093">
        <testcase name="test_cadastro_dto_aceita_dados_cliente_veiculo" file="/var/www/html/tests/Unit/ClienteVeiculoTest.php" line="22" class="Tests\Unit\ClienteVeiculoTest" classname="Tests.Unit.ClienteVeiculoTest" assertions="3" time="0.230212"/>
        <testcase name="test_cliente_veiculo_model_pode_ser_instanciado" file="/var/www/html/tests/Unit/ClienteVeiculoTest.php" line="41" class="Tests\Unit\ClienteVeiculoTest" classname="Tests.Unit.ClienteVeiculoTest" assertions="1" time="0.181979"/>
        <testcase name="test_cliente_veiculo_model_tem_tabela_correta" file="/var/www/html/tests/Unit/ClienteVeiculoTest.php" line="50" class="Tests\Unit\ClienteVeiculoTest" classname="Tests.Unit.ClienteVeiculoTest" assertions="1" time="0.148404"/>
        <testcase name="test_cliente_veiculo_model_tem_fillable_corretos" file="/var/www/html/tests/Unit/ClienteVeiculoTest.php" line="59" class="Tests\Unit\ClienteVeiculoTest" classname="Tests.Unit.ClienteVeiculoTest" assertions="1" time="0.168489"/>
        <testcase name="test_cliente_veiculo_repository_pode_ser_instanciado" file="/var/www/html/tests/Unit/ClienteVeiculoTest.php" line="76" class="Tests\Unit\ClienteVeiculoTest" classname="Tests.Unit.ClienteVeiculoTest" assertions="1" time="0.179901"/>
        <testcase name="test_cliente_veiculo_repository_tem_model_correto" file="/var/www/html/tests/Unit/ClienteVeiculoTest.php" line="85" class="Tests\Unit\ClienteVeiculoTest" classname="Tests.Unit.ClienteVeiculoTest" assertions="1" time="0.171454"/>
        <testcase name="test_cliente_veiculo_service_pode_ser_instanciado" file="/var/www/html/tests/Unit/ClienteVeiculoTest.php" line="96" class="Tests\Unit\ClienteVeiculoTest" classname="Tests.Unit.ClienteVeiculoTest" assertions="1" time="0.198654"/>
      </testsuite>
      <testsuite name="Tests\Unit\OrdemDeServicoItemTest" file="/var/www/html/tests/Unit/OrdemDeServicoItemTest.php" tests="6" assertions="20" errors="0" failures="0" skipped="0" time="1.037760">
        <testcase name="test_listagem_dto" file="/var/www/html/tests/Unit/OrdemDeServicoItemTest.php" line="20" class="Tests\Unit\OrdemDeServicoItemTest" classname="Tests.Unit.OrdemDeServicoItemTest" assertions="2" time="0.183880"/>
        <testcase name="test_cadastro_dto" file="/var/www/html/tests/Unit/OrdemDeServicoItemTest.php" line="32" class="Tests\Unit\OrdemDeServicoItemTest" classname="Tests.Unit.OrdemDeServicoItemTest" assertions="13" time="0.155444"/>
        <testcase name="test_model_instanciacao" file="/var/www/html/tests/Unit/OrdemDeServicoItemTest.php" line="66" class="Tests\Unit\OrdemDeServicoItemTest" classname="Tests.Unit.OrdemDeServicoItemTest" assertions="2" time="0.177265"/>
        <testcase name="test_model_fillable" file="/var/www/html/tests/Unit/OrdemDeServicoItemTest.php" line="77" class="Tests\Unit\OrdemDeServicoItemTest" classname="Tests.Unit.OrdemDeServicoItemTest" assertions="1" time="0.143845"/>
        <testcase name="test_repository_instanciacao" file="/var/www/html/tests/Unit/OrdemDeServicoItemTest.php" line="99" class="Tests\Unit\OrdemDeServicoItemTest" classname="Tests.Unit.OrdemDeServicoItemTest" assertions="1" time="0.165576"/>
        <testcase name="test_service_instanciacao" file="/var/www/html/tests/Unit/OrdemDeServicoItemTest.php" line="111" class="Tests\Unit\OrdemDeServicoItemTest" classname="Tests.Unit.OrdemDeServicoItemTest" assertions="1" time="0.211749"/>
      </testsuite>
      <testsuite name="Tests\Unit\OrdemDeServicoServicoTest" file="/var/www/html/tests/Unit/OrdemDeServicoServicoTest.php" tests="10" assertions="18" errors="0" failures="0" skipped="0" time="1.635645">
        <testcase name="test_listagem_dto_retorna_nulo_inicialmente" file="/var/www/html/tests/Unit/OrdemDeServicoServicoTest.php" line="23" class="Tests\Unit\OrdemDeServicoServicoTest" classname="Tests.Unit.OrdemDeServicoServicoTest" assertions="2" time="0.162603"/>
        <testcase name="test_listagem_dto_aceita_parametros" file="/var/www/html/tests/Unit/OrdemDeServicoServicoTest.php" line="35" class="Tests\Unit\OrdemDeServicoServicoTest" classname="Tests.Unit.OrdemDeServicoServicoTest" assertions="1" time="0.157733"/>
        <testcase name="test_cadastro_dto_aceita_dados_servico_ordem_de_servico" file="/var/www/html/tests/Unit/OrdemDeServicoServicoTest.php" line="46" class="Tests\Unit\OrdemDeServicoServicoTest" classname="Tests.Unit.OrdemDeServicoServicoTest" assertions="8" time="0.170671"/>
        <testcase name="test_atualizacao_dto_retorna_array_vazio_inicialmente" file="/var/www/html/tests/Unit/OrdemDeServicoServicoTest.php" line="73" class="Tests\Unit\OrdemDeServicoServicoTest" classname="Tests.Unit.OrdemDeServicoServicoTest" assertions="1" time="0.153093"/>
        <testcase name="test_ordem_de_servico_servico_model_pode_ser_instanciado" file="/var/www/html/tests/Unit/OrdemDeServicoServicoTest.php" line="84" class="Tests\Unit\OrdemDeServicoServicoTest" classname="Tests.Unit.OrdemDeServicoServicoTest" assertions="1" time="0.165744"/>
        <testcase name="test_ordem_de_servico_servico_model_tem_tabela_correta" file="/var/www/html/tests/Unit/OrdemDeServicoServicoTest.php" line="93" class="Tests\Unit\OrdemDeServicoServicoTest" classname="Tests.Unit.OrdemDeServicoServicoTest" assertions="1" time="0.144890"/>
        <testcase name="test_ordem_de_servico_servico_model_tem_fillable_corretos" file="/var/www/html/tests/Unit/OrdemDeServicoServicoTest.php" line="102" class="Tests\Unit\OrdemDeServicoServicoTest" classname="Tests.Unit.OrdemDeServicoServicoTest" assertions="1" time="0.141819"/>
        <testcase name="test_ordem_de_servico_servico_repository_pode_ser_instanciado" file="/var/www/html/tests/Unit/OrdemDeServicoServicoTest.php" line="124" class="Tests\Unit\OrdemDeServicoServicoTest" classname="Tests.Unit.OrdemDeServicoServicoTest" assertions="1" time="0.160905"/>
        <testcase name="test_ordem_de_servico_servico_repository_tem_model_correto" file="/var/www/html/tests/Unit/OrdemDeServicoServicoTest.php" line="133" class="Tests\Unit\OrdemDeServicoServicoTest" classname="Tests.Unit.OrdemDeServicoServicoTest" assertions="1" time="0.170601"/>
        <testcase name="test_ordem_de_servico_servico_service_pode_ser_instanciado" file="/var/www/html/tests/Unit/OrdemDeServicoServicoTest.php" line="144" class="Tests\Unit\OrdemDeServicoServicoTest" classname="Tests.Unit.OrdemDeServicoServicoTest" assertions="1" time="0.207586"/>
      </testsuite>
      <testsuite name="Tests\Unit\OrdemDeServicoTest" file="/var/www/html/tests/Unit/OrdemDeServicoTest.php" tests="6" assertions="19" errors="0" failures="0" skipped="0" time="0.999130">
        <testcase name="test_listagem_dto" file="/var/www/html/tests/Unit/OrdemDeServicoTest.php" line="23" class="Tests\Unit\OrdemDeServicoTest" classname="Tests.Unit.OrdemDeServicoTest" assertions="2" time="0.156084"/>
        <testcase name="test_cadastro_dto" file="/var/www/html/tests/Unit/OrdemDeServicoTest.php" line="35" class="Tests\Unit\OrdemDeServicoTest" classname="Tests.Unit.OrdemDeServicoTest" assertions="12" time="0.131667"/>
        <testcase name="test_model_instanciacao" file="/var/www/html/tests/Unit/OrdemDeServicoTest.php" line="69" class="Tests\Unit\OrdemDeServicoTest" classname="Tests.Unit.OrdemDeServicoTest" assertions="2" time="0.160438"/>
        <testcase name="test_model_fillable" file="/var/www/html/tests/Unit/OrdemDeServicoTest.php" line="80" class="Tests\Unit\OrdemDeServicoTest" classname="Tests.Unit.OrdemDeServicoTest" assertions="1" time="0.146401"/>
        <testcase name="test_repository_instanciacao" file="/var/www/html/tests/Unit/OrdemDeServicoTest.php" line="106" class="Tests\Unit\OrdemDeServicoTest" classname="Tests.Unit.OrdemDeServicoTest" assertions="1" time="0.154333"/>
        <testcase name="test_service_instanciacao" file="/var/www/html/tests/Unit/OrdemDeServicoTest.php" line="118" class="Tests\Unit\OrdemDeServicoTest" classname="Tests.Unit.OrdemDeServicoTest" assertions="1" time="0.250207"/>
      </testsuite>
      <testsuite name="Tests\Feature\Modules\PecaInsumo\PecaInsumoTest" file="/var/www/html/tests/Unit/PecaInsumoTest.php" tests="41" assertions="67" errors="0" failures="0" skipped="0" time="6.727477">
        <testcase name="test_listagem_dto_retorna_array_vazio_inicialmente" file="/var/www/html/tests/Unit/PecaInsumoTest.php" line="23" class="Tests\Feature\Modules\PecaInsumo\PecaInsumoTest" classname="Tests.Feature.Modules.PecaInsumo.PecaInsumoTest" assertions="2" time="0.172609"/>
        <testcase name="test_cadastro_dto_aceita_dados_peca_Insumo" file="/var/www/html/tests/Unit/PecaInsumoTest.php" line="36" class="Tests\Feature\Modules\PecaInsumo\PecaInsumoTest" classname="Tests.Feature.Modules.PecaInsumo.PecaInsumoTest" assertions="5" time="0.140144"/>
        <testcase name="test_peca_Insumo_model_pode_ser_instanciado" file="/var/www/html/tests/Unit/PecaInsumoTest.php" line="62" class="Tests\Feature\Modules\PecaInsumo\PecaInsumoTest" classname="Tests.Feature.Modules.PecaInsumo.PecaInsumoTest" assertions="1" time="0.163001"/>
        <testcase name="test_peca_Insumo_model_tem_tabela_correta" file="/var/www/html/tests/Unit/PecaInsumoTest.php" line="71" class="Tests\Feature\Modules\PecaInsumo\PecaInsumoTest" classname="Tests.Feature.Modules.PecaInsumo.PecaInsumoTest" assertions="1" time="0.142963"/>
        <testcase name="test_peca_Insumo_model_tem_fillable_corretos" file="/var/www/html/tests/Unit/PecaInsumoTest.php" line="81" class="Tests\Feature\Modules\PecaInsumo\PecaInsumoTest" classname="Tests.Feature.Modules.PecaInsumo.PecaInsumoTest" assertions="1" time="0.165405"/>
        <testcase name="test_peca_Insumo_model_pode_receber_dados_construtor" file="/var/www/html/tests/Unit/PecaInsumoTest.php" line="105" class="Tests\Feature\Modules\PecaInsumo\PecaInsumoTest" classname="Tests.Feature.Modules.PecaInsumo.PecaInsumoTest" assertions="5" time="0.168667"/>
        <testcase name="test_peca_Insumo_model_timestamps_desabilitados" file="/var/www/html/tests/Unit/PecaInsumoTest.php" line="130" class="Tests\Feature\Modules\PecaInsumo\PecaInsumoTest" classname="Tests.Feature.Modules.PecaInsumo.PecaInsumoTest" assertions="1" time="0.157268"/>
        <testcase name="test_peca_Insumo_repository_pode_ser_instanciado" file="/var/www/html/tests/Unit/PecaInsumoTest.php" line="142" class="Tests\Feature\Modules\PecaInsumo\PecaInsumoTest" classname="Tests.Feature.Modules.PecaInsumo.PecaInsumoTest" assertions="1" time="0.146332"/>
        <testcase name="test_peca_Insumo_repository_herda_abstract_repository" file="/var/www/html/tests/Unit/PecaInsumoTest.php" line="152" class="Tests\Feature\Modules\PecaInsumo\PecaInsumoTest" classname="Tests.Feature.Modules.PecaInsumo.PecaInsumoTest" assertions="1" time="0.144188"/>
        <testcase name="test_peca_Insumo_repository_implementa_interface" file="/var/www/html/tests/Unit/PecaInsumoTest.php" line="162" class="Tests\Feature\Modules\PecaInsumo\PecaInsumoTest" classname="Tests.Feature.Modules.PecaInsumo.PecaInsumoTest" assertions="1" time="0.144601"/>
        <testcase name="test_peca_Insumo_repository_tem_model_correto" file="/var/www/html/tests/Unit/PecaInsumoTest.php" line="172" class="Tests\Feature\Modules\PecaInsumo\PecaInsumoTest" classname="Tests.Feature.Modules.PecaInsumo.PecaInsumoTest" assertions="1" time="0.165222"/>
        <testcase name="test_peca_Insumo_repository_tem_metodos_obrigatorios" file="/var/www/html/tests/Unit/PecaInsumoTest.php" line="182" class="Tests\Feature\Modules\PecaInsumo\PecaInsumoTest" classname="Tests.Feature.Modules.PecaInsumo.PecaInsumoTest" assertions="6" time="0.168569"/>
        <testcase name="test_peca_Insumo_service_pode_ser_instanciado" file="/var/www/html/tests/Unit/PecaInsumoTest.php" line="197" class="Tests\Feature\Modules\PecaInsumo\PecaInsumoTest" classname="Tests.Feature.Modules.PecaInsumo.PecaInsumoTest" assertions="1" time="0.165518"/>
        <testcase name="test_atualizacao_retorna_array_vazio_quando_dados_vazios" file="/var/www/html/tests/Unit/PecaInsumoTest.php" line="205" class="Tests\Feature\Modules\PecaInsumo\PecaInsumoTest" classname="Tests.Feature.Modules.PecaInsumo.PecaInsumoTest" assertions="4" time="0.525665"/>
        <testcase name="test_peca_Insumo_service_tem_metodo_listagem" file="/var/www/html/tests/Unit/PecaInsumoTest.php" line="230" class="Tests\Feature\Modules\PecaInsumo\PecaInsumoTest" classname="Tests.Feature.Modules.PecaInsumo.PecaInsumoTest" assertions="1" time="0.155907"/>
        <testcase name="test_peca_Insumo_service_tem_metodo_cadastro" file="/var/www/html/tests/Unit/PecaInsumoTest.php" line="238" class="Tests\Feature\Modules\PecaInsumo\PecaInsumoTest" classname="Tests.Feature.Modules.PecaInsumo.PecaInsumoTest" assertions="1" time="0.153197"/>
        <testcase name="test_peca_Insumo_service_tem_metodo_obter_um_por_uuid" file="/var/www/html/tests/Unit/PecaInsumoTest.php" line="246" class="Tests\Feature\Modules\PecaInsumo\PecaInsumoTest" classname="Tests.Feature.Modules.PecaInsumo.PecaInsumoTest" assertions="1" time="0.142633"/>
        <testcase name="test_peca_Insumo_service_tem_metodo_remocao" file="/var/www/html/tests/Unit/PecaInsumoTest.php" line="254" class="Tests\Feature\Modules\PecaInsumo\PecaInsumoTest" classname="Tests.Feature.Modules.PecaInsumo.PecaInsumoTest" assertions="1" time="0.156753"/>
        <testcase name="test_peca_Insumo_service_tem_metodo_atualizacao" file="/var/www/html/tests/Unit/PecaInsumoTest.php" line="262" class="Tests\Feature\Modules\PecaInsumo\PecaInsumoTest" classname="Tests.Feature.Modules.PecaInsumo.PecaInsumoTest" assertions="1" time="0.150886"/>
        <testcase name="test_peca_Insumo_service_recebe_repository_construtor" file="/var/www/html/tests/Unit/PecaInsumoTest.php" line="270" class="Tests\Feature\Modules\PecaInsumo\PecaInsumoTest" classname="Tests.Feature.Modules.PecaInsumo.PecaInsumoTest" assertions="1" time="0.148876"/>
        <testcase name="test_peca_Insumo_controller_pode_ser_instanciado" file="/var/www/html/tests/Unit/PecaInsumoTest.php" line="284" class="Tests\Feature\Modules\PecaInsumo\PecaInsumoTest" classname="Tests.Feature.Modules.PecaInsumo.PecaInsumoTest" assertions="1" time="0.209456"/>
        <testcase name="test_peca_Insumo_controller_herda_controller_base" file="/var/www/html/tests/Unit/PecaInsumoTest.php" line="296" class="Tests\Feature\Modules\PecaInsumo\PecaInsumoTest" classname="Tests.Feature.Modules.PecaInsumo.PecaInsumoTest" assertions="1" time="0.154997"/>
        <testcase name="test_peca_Insumo_controller_tem_metodo_listagem" file="/var/www/html/tests/Unit/PecaInsumoTest.php" line="308" class="Tests\Feature\Modules\PecaInsumo\PecaInsumoTest" classname="Tests.Feature.Modules.PecaInsumo.PecaInsumoTest" assertions="1" time="0.142635"/>
        <testcase name="test_peca_Insumo_controller_tem_metodo_cadastro" file="/var/www/html/tests/Unit/PecaInsumoTest.php" line="316" class="Tests\Feature\Modules\PecaInsumo\PecaInsumoTest" classname="Tests.Feature.Modules.PecaInsumo.PecaInsumoTest" assertions="1" time="0.151861"/>
        <testcase name="test_peca_Insumo_controller_tem_metodo_obter_um_por_uuid" file="/var/www/html/tests/Unit/PecaInsumoTest.php" line="324" class="Tests\Feature\Modules\PecaInsumo\PecaInsumoTest" classname="Tests.Feature.Modules.PecaInsumo.PecaInsumoTest" assertions="1" time="0.157393"/>
        <testcase name="test_peca_Insumo_controller_tem_metodo_remocao" file="/var/www/html/tests/Unit/PecaInsumoTest.php" line="332" class="Tests\Feature\Modules\PecaInsumo\PecaInsumoTest" classname="Tests.Feature.Modules.PecaInsumo.PecaInsumoTest" assertions="1" time="0.162119"/>
        <testcase name="test_peca_Insumo_controller_tem_metodo_atualizacao" file="/var/www/html/tests/Unit/PecaInsumoTest.php" line="340" class="Tests\Feature\Modules\PecaInsumo\PecaInsumoTest" classname="Tests.Feature.Modules.PecaInsumo.PecaInsumoTest" assertions="1" time="0.150828"/>
        <testcase name="test_peca_Insumo_controller_recebe_service_construtor" file="/var/www/html/tests/Unit/PecaInsumoTest.php" line="348" class="Tests\Feature\Modules\PecaInsumo\PecaInsumoTest" classname="Tests.Feature.Modules.PecaInsumo.PecaInsumoTest" assertions="1" time="0.151080"/>
        <testcase name="test_peca_Insumo_cadastro_request_pode_ser_instanciado" file="/var/www/html/tests/Unit/PecaInsumoTest.php" line="363" class="Tests\Feature\Modules\PecaInsumo\PecaInsumoTest" classname="Tests.Feature.Modules.PecaInsumo.PecaInsumoTest" assertions="1" time="0.187821"/>
        <testcase name="test_peca_Insumo_cadastro_request_herda_form_request" file="/var/www/html/tests/Unit/PecaInsumoTest.php" line="373" class="Tests\Feature\Modules\PecaInsumo\PecaInsumoTest" classname="Tests.Feature.Modules.PecaInsumo.PecaInsumoTest" assertions="1" time="0.169958"/>
        <testcase name="test_peca_Insumo_cadastro_request_tem_metodo_rules" file="/var/www/html/tests/Unit/PecaInsumoTest.php" line="383" class="Tests\Feature\Modules\PecaInsumo\PecaInsumoTest" classname="Tests.Feature.Modules.PecaInsumo.PecaInsumoTest" assertions="1" time="0.137754"/>
        <testcase name="test_peca_Insumo_cadastro_request_tem_metodo_to_dto" file="/var/www/html/tests/Unit/PecaInsumoTest.php" line="391" class="Tests\Feature\Modules\PecaInsumo\PecaInsumoTest" classname="Tests.Feature.Modules.PecaInsumo.PecaInsumoTest" assertions="1" time="0.138452"/>
        <testcase name="test_peca_Insumo_listagem_request_pode_ser_instanciado" file="/var/www/html/tests/Unit/PecaInsumoTest.php" line="399" class="Tests\Feature\Modules\PecaInsumo\PecaInsumoTest" classname="Tests.Feature.Modules.PecaInsumo.PecaInsumoTest" assertions="1" time="0.139094"/>
        <testcase name="test_peca_Insumo_obter_um_por_uuid_request_pode_ser_instanciado" file="/var/www/html/tests/Unit/PecaInsumoTest.php" line="409" class="Tests\Feature\Modules\PecaInsumo\PecaInsumoTest" classname="Tests.Feature.Modules.PecaInsumo.PecaInsumoTest" assertions="1" time="0.154740"/>
        <testcase name="test_peca_Insumo_atualizacao_request_pode_ser_instanciado" file="/var/www/html/tests/Unit/PecaInsumoTest.php" line="419" class="Tests\Feature\Modules\PecaInsumo\PecaInsumoTest" classname="Tests.Feature.Modules.PecaInsumo.PecaInsumoTest" assertions="1" time="0.171612"/>
        <testcase name="test_peca_Insumo_pode_definir_rotas" file="/var/www/html/tests/Unit/PecaInsumoTest.php" line="431" class="Tests\Feature\Modules\PecaInsumo\PecaInsumoTest" classname="Tests.Feature.Modules.PecaInsumo.PecaInsumoTest" assertions="2" time="0.136826"/>
        <testcase name="test_peca_Insumo_controller_namespace_correto" file="/var/www/html/tests/Unit/PecaInsumoTest.php" line="441" class="Tests\Feature\Modules\PecaInsumo\PecaInsumoTest" classname="Tests.Feature.Modules.PecaInsumo.PecaInsumoTest" assertions="1" time="0.139337"/>
        <testcase name="test_peca_Insumo_controller_tem_metodos_para_rotas" file="/var/www/html/tests/Unit/PecaInsumoTest.php" line="452" class="Tests\Feature\Modules\PecaInsumo\PecaInsumoTest" classname="Tests.Feature.Modules.PecaInsumo.PecaInsumoTest" assertions="5" time="0.139292"/>
        <testcase name="test_peca_Insumo_constantes_http_disponiveis" file="/var/www/html/tests/Unit/PecaInsumoTest.php" line="466" class="Tests\Feature\Modules\PecaInsumo\PecaInsumoTest" classname="Tests.Feature.Modules.PecaInsumo.PecaInsumoTest" assertions="3" time="0.149309"/>
        <testcase name="test_peca_Insumo_controller_tem_anotacoes_openapi" file="/var/www/html/tests/Unit/PecaInsumoTest.php" line="478" class="Tests\Feature\Modules\PecaInsumo\PecaInsumoTest" classname="Tests.Feature.Modules.PecaInsumo.PecaInsumoTest" assertions="1" time="0.145775"/>
        <testcase name="test_peca_Insumo_controller_listagem_tem_swagger" file="/var/www/html/tests/Unit/PecaInsumoTest.php" line="498" class="Tests\Feature\Modules\PecaInsumo\PecaInsumoTest" classname="Tests.Feature.Modules.PecaInsumo.PecaInsumoTest" assertions="3" time="0.158734"/>
      </testsuite>
      <testsuite name="Tests\Feature\ServicoTest" file="/var/www/html/tests/Unit/ServicoTest.php" tests="41" assertions="64" errors="0" failures="0" skipped="0" time="6.404836">
        <testcase name="test_servico_dto_retorna_array_vazio_inicialmente" file="/var/www/html/tests/Unit/ServicoTest.php" line="15" class="Tests\Feature\ServicoTest" classname="Tests.Feature.ServicoTest" assertions="2" time="0.223060"/>
        <testcase name="test_cadastro_dto_aceita_dados_servico" file="/var/www/html/tests/Unit/ServicoTest.php" line="25" class="Tests\Feature\ServicoTest" classname="Tests.Feature.ServicoTest" assertions="4" time="0.178217"/>
        <testcase name="test_servico_model_pode_ser_instanciado" file="/var/www/html/tests/Unit/ServicoTest.php" line="43" class="Tests\Feature\ServicoTest" classname="Tests.Feature.ServicoTest" assertions="1" time="0.191229"/>
        <testcase name="test_servico_model_tem_tabela_correta" file="/var/www/html/tests/Unit/ServicoTest.php" line="49" class="Tests\Feature\ServicoTest" classname="Tests.Feature.ServicoTest" assertions="1" time="0.163558"/>
        <testcase name="test_servico_model_tem_fillable_corretos" file="/var/www/html/tests/Unit/ServicoTest.php" line="56" class="Tests\Feature\ServicoTest" classname="Tests.Feature.ServicoTest" assertions="1" time="0.161171"/>
        <testcase name="test_servico_model_pode_receber_dados_construtor" file="/var/www/html/tests/Unit/ServicoTest.php" line="73" class="Tests\Feature\ServicoTest" classname="Tests.Feature.ServicoTest" assertions="3" time="0.182662"/>
        <testcase name="test_servico_model_timestamps_desabilitados" file="/var/www/html/tests/Unit/ServicoTest.php" line="88" class="Tests\Feature\ServicoTest" classname="Tests.Feature.ServicoTest" assertions="1" time="0.147083"/>
        <testcase name="test_servico_repository_pode_ser_instanciado" file="/var/www/html/tests/Unit/ServicoTest.php" line="97" class="Tests\Feature\ServicoTest" classname="Tests.Feature.ServicoTest" assertions="1" time="0.142256"/>
        <testcase name="test_servico_repository_herda_abstract_repository" file="/var/www/html/tests/Unit/ServicoTest.php" line="104" class="Tests\Feature\ServicoTest" classname="Tests.Feature.ServicoTest" assertions="1" time="0.146805"/>
        <testcase name="test_servico_repository_implementa_interface" file="/var/www/html/tests/Unit/ServicoTest.php" line="111" class="Tests\Feature\ServicoTest" classname="Tests.Feature.ServicoTest" assertions="1" time="0.140982"/>
        <testcase name="test_servico_repository_tem_model_correto" file="/var/www/html/tests/Unit/ServicoTest.php" line="118" class="Tests\Feature\ServicoTest" classname="Tests.Feature.ServicoTest" assertions="1" time="0.137790"/>
        <testcase name="test_servico_repository_tem_metodos_obrigatorios" file="/var/www/html/tests/Unit/ServicoTest.php" line="125" class="Tests\Feature\ServicoTest" classname="Tests.Feature.ServicoTest" assertions="6" time="0.140721"/>
        <testcase name="test_servico_service_pode_ser_instanciado" file="/var/www/html/tests/Unit/ServicoTest.php" line="137" class="Tests\Feature\ServicoTest" classname="Tests.Feature.ServicoTest" assertions="1" time="0.193951"/>
        <testcase name="test_atualizacao_retorna_array_vazio_quando_dados_vazios" file="/var/www/html/tests/Unit/ServicoTest.php" line="145" class="Tests\Feature\ServicoTest" classname="Tests.Feature.ServicoTest" assertions="4" time="0.180596"/>
        <testcase name="test_servico_service_tem_metodo_listagem" file="/var/www/html/tests/Unit/ServicoTest.php" line="167" class="Tests\Feature\ServicoTest" classname="Tests.Feature.ServicoTest" assertions="1" time="0.160993"/>
        <testcase name="test_servico_service_tem_metodo_cadastro" file="/var/www/html/tests/Unit/ServicoTest.php" line="172" class="Tests\Feature\ServicoTest" classname="Tests.Feature.ServicoTest" assertions="1" time="0.149789"/>
        <testcase name="test_servico_service_tem_metodo_obter_um_por_uuid" file="/var/www/html/tests/Unit/ServicoTest.php" line="177" class="Tests\Feature\ServicoTest" classname="Tests.Feature.ServicoTest" assertions="1" time="0.152588"/>
        <testcase name="test_servico_service_tem_metodo_remocao" file="/var/www/html/tests/Unit/ServicoTest.php" line="182" class="Tests\Feature\ServicoTest" classname="Tests.Feature.ServicoTest" assertions="1" time="0.142516"/>
        <testcase name="test_servico_service_tem_metodo_atualizacao" file="/var/www/html/tests/Unit/ServicoTest.php" line="187" class="Tests\Feature\ServicoTest" classname="Tests.Feature.ServicoTest" assertions="1" time="0.158691"/>
        <testcase name="test_servico_service_recebe_repository_construtor" file="/var/www/html/tests/Unit/ServicoTest.php" line="192" class="Tests\Feature\ServicoTest" classname="Tests.Feature.ServicoTest" assertions="1" time="0.161963"/>
        <testcase name="test_servico_controller_pode_ser_instanciado" file="/var/www/html/tests/Unit/ServicoTest.php" line="203" class="Tests\Feature\ServicoTest" classname="Tests.Feature.ServicoTest" assertions="1" time="0.174075"/>
        <testcase name="test_servico_controller_herda_controller_base" file="/var/www/html/tests/Unit/ServicoTest.php" line="212" class="Tests\Feature\ServicoTest" classname="Tests.Feature.ServicoTest" assertions="1" time="0.145456"/>
        <testcase name="test_servico_controller_tem_metodo_listagem" file="/var/www/html/tests/Unit/ServicoTest.php" line="221" class="Tests\Feature\ServicoTest" classname="Tests.Feature.ServicoTest" assertions="1" time="0.147977"/>
        <testcase name="test_servico_controller_tem_metodo_cadastro" file="/var/www/html/tests/Unit/ServicoTest.php" line="226" class="Tests\Feature\ServicoTest" classname="Tests.Feature.ServicoTest" assertions="1" time="0.142191"/>
        <testcase name="test_servico_controller_tem_metodo_obter_um_por_uuid" file="/var/www/html/tests/Unit/ServicoTest.php" line="231" class="Tests\Feature\ServicoTest" classname="Tests.Feature.ServicoTest" assertions="1" time="0.156001"/>
        <testcase name="test_servico_controller_tem_metodo_remocao" file="/var/www/html/tests/Unit/ServicoTest.php" line="236" class="Tests\Feature\ServicoTest" classname="Tests.Feature.ServicoTest" assertions="1" time="0.163062"/>
        <testcase name="test_servico_controller_tem_metodo_atualizacao" file="/var/www/html/tests/Unit/ServicoTest.php" line="241" class="Tests\Feature\ServicoTest" classname="Tests.Feature.ServicoTest" assertions="1" time="0.151896"/>
        <testcase name="test_servico_controller_recebe_service_construtor" file="/var/www/html/tests/Unit/ServicoTest.php" line="246" class="Tests\Feature\ServicoTest" classname="Tests.Feature.ServicoTest" assertions="1" time="0.141973"/>
        <testcase name="test_servico_cadastro_request_pode_ser_instanciado" file="/var/www/html/tests/Unit/ServicoTest.php" line="257" class="Tests\Feature\ServicoTest" classname="Tests.Feature.ServicoTest" assertions="1" time="0.150228"/>
        <testcase name="test_servico_cadastro_request_herda_form_request" file="/var/www/html/tests/Unit/ServicoTest.php" line="264" class="Tests\Feature\ServicoTest" classname="Tests.Feature.ServicoTest" assertions="1" time="0.146679"/>
        <testcase name="test_servico_cadastro_request_tem_metodo_rules" file="/var/www/html/tests/Unit/ServicoTest.php" line="271" class="Tests\Feature\ServicoTest" classname="Tests.Feature.ServicoTest" assertions="1" time="0.139878"/>
        <testcase name="test_servico_cadastro_request_tem_metodo_to_dto" file="/var/www/html/tests/Unit/ServicoTest.php" line="276" class="Tests\Feature\ServicoTest" classname="Tests.Feature.ServicoTest" assertions="1" time="0.158085"/>
        <testcase name="test_servico_listagem_request_pode_ser_instanciado" file="/var/www/html/tests/Unit/ServicoTest.php" line="281" class="Tests\Feature\ServicoTest" classname="Tests.Feature.ServicoTest" assertions="1" time="0.170137"/>
        <testcase name="test_servico_obter_um_por_uuid_request_pode_ser_instanciado" file="/var/www/html/tests/Unit/ServicoTest.php" line="288" class="Tests\Feature\ServicoTest" classname="Tests.Feature.ServicoTest" assertions="1" time="0.140184"/>
        <testcase name="test_servico_atualizacao_request_pode_ser_instanciado" file="/var/www/html/tests/Unit/ServicoTest.php" line="295" class="Tests\Feature\ServicoTest" classname="Tests.Feature.ServicoTest" assertions="1" time="0.141462"/>
        <testcase name="test_servico_pode_definir_rotas" file="/var/www/html/tests/Unit/ServicoTest.php" line="304" class="Tests\Feature\ServicoTest" classname="Tests.Feature.ServicoTest" assertions="2" time="0.142396"/>
        <testcase name="test_servico_controller_namespace_correto" file="/var/www/html/tests/Unit/ServicoTest.php" line="311" class="Tests\Feature\ServicoTest" classname="Tests.Feature.ServicoTest" assertions="1" time="0.138434"/>
        <testcase name="test_servico_controller_tem_metodos_para_rotas" file="/var/www/html/tests/Unit/ServicoTest.php" line="319" class="Tests\Feature\ServicoTest" classname="Tests.Feature.ServicoTest" assertions="5" time="0.132787"/>
        <testcase name="test_servico_constantes_http_disponiveis" file="/var/www/html/tests/Unit/ServicoTest.php" line="330" class="Tests\Feature\ServicoTest" classname="Tests.Feature.ServicoTest" assertions="3" time="0.163556"/>
        <testcase name="test_servico_controller_tem_anotacoes_openapi" file="/var/www/html/tests/Unit/ServicoTest.php" line="339" class="Tests\Feature\ServicoTest" classname="Tests.Feature.ServicoTest" assertions="1" time="0.162892"/>
        <testcase name="test_servico_controller_listagem_tem_swagger" file="/var/www/html/tests/Unit/ServicoTest.php" line="356" class="Tests\Feature\ServicoTest" classname="Tests.Feature.ServicoTest" assertions="3" time="0.138867"/>
      </testsuite>
      <testsuite name="Tests\Unit\StatusDisponiveisTest" file="/var/www/html/tests/Unit/StatusDisponiveisTest.php" tests="6" assertions="12" errors="0" failures="0" skipped="0" time="0.964576">
        <testcase name="test_listagem_dto" file="/var/www/html/tests/Unit/StatusDisponiveisTest.php" line="20" class="Tests\Unit\StatusDisponiveisTest" classname="Tests.Unit.StatusDisponiveisTest" assertions="2" time="0.190308"/>
        <testcase name="test_cadastro_dto" file="/var/www/html/tests/Unit/StatusDisponiveisTest.php" line="32" class="Tests\Unit\StatusDisponiveisTest" classname="Tests.Unit.StatusDisponiveisTest" assertions="5" time="0.134549"/>
        <testcase name="test_model_instanciacao" file="/var/www/html/tests/Unit/StatusDisponiveisTest.php" line="53" class="Tests\Unit\StatusDisponiveisTest" classname="Tests.Unit.StatusDisponiveisTest" assertions="2" time="0.149241"/>
        <testcase name="test_model_fillable" file="/var/www/html/tests/Unit/StatusDisponiveisTest.php" line="64" class="Tests\Unit\StatusDisponiveisTest" classname="Tests.Unit.StatusDisponiveisTest" assertions="1" time="0.144252"/>
        <testcase name="test_repository_instanciacao" file="/var/www/html/tests/Unit/StatusDisponiveisTest.php" line="81" class="Tests\Unit\StatusDisponiveisTest" classname="Tests.Unit.StatusDisponiveisTest" assertions="1" time="0.182676"/>
        <testcase name="test_service_instanciacao" file="/var/www/html/tests/Unit/StatusDisponiveisTest.php" line="93" class="Tests\Unit\StatusDisponiveisTest" classname="Tests.Unit.StatusDisponiveisTest" assertions="1" time="0.163550"/>
      </testsuite>
      <testsuite name="Tests\Unit\UsuarioTest" file="/var/www/html/tests/Unit/UsuarioTest.php" tests="12" assertions="22" errors="0" failures="0" skipped="0" time="2.238706">
        <testcase name="test_listagem_dto_retorna_array_vazio_inicialmente" file="/var/www/html/tests/Unit/UsuarioTest.php" line="24" class="Tests\Unit\UsuarioTest" classname="Tests.Unit.UsuarioTest" assertions="1" time="0.165089"/>
        <testcase name="test_cadastro_dto_aceita_dados_usuario" file="/var/www/html/tests/Unit/UsuarioTest.php" line="33" class="Tests\Unit\UsuarioTest" classname="Tests.Unit.UsuarioTest" assertions="6" time="0.160158"/>
        <testcase name="test_atualizacao_dto_pode_ser_instanciado" file="/var/www/html/tests/Unit/UsuarioTest.php" line="54" class="Tests\Unit\UsuarioTest" classname="Tests.Unit.UsuarioTest" assertions="1" time="0.142085"/>
        <testcase name="test_enum_papel_tem_valores_corretos" file="/var/www/html/tests/Unit/UsuarioTest.php" line="64" class="Tests\Unit\UsuarioTest" classname="Tests.Unit.UsuarioTest" assertions="4" time="0.149172"/>
        <testcase name="test_usuario_model_pode_ser_instanciado" file="/var/www/html/tests/Unit/UsuarioTest.php" line="78" class="Tests\Unit\UsuarioTest" classname="Tests.Unit.UsuarioTest" assertions="1" time="0.277562"/>
        <testcase name="test_usuario_model_tem_tabela_correta" file="/var/www/html/tests/Unit/UsuarioTest.php" line="87" class="Tests\Unit\UsuarioTest" classname="Tests.Unit.UsuarioTest" assertions="1" time="0.173942"/>
        <testcase name="test_usuario_model_tem_fillable_corretos" file="/var/www/html/tests/Unit/UsuarioTest.php" line="96" class="Tests\Unit\UsuarioTest" classname="Tests.Unit.UsuarioTest" assertions="1" time="0.199449"/>
        <testcase name="test_usuario_model_get_auth_password_retorna_senha" file="/var/www/html/tests/Unit/UsuarioTest.php" line="117" class="Tests\Unit\UsuarioTest" classname="Tests.Unit.UsuarioTest" assertions="1" time="0.228977"/>
        <testcase name="test_usuario_model_role_retorna_belongs_to" file="/var/www/html/tests/Unit/UsuarioTest.php" line="128" class="Tests\Unit\UsuarioTest" classname="Tests.Unit.UsuarioTest" assertions="3" time="0.194859"/>
        <testcase name="test_usuario_repository_pode_ser_instanciado" file="/var/www/html/tests/Unit/UsuarioTest.php" line="143" class="Tests\Unit\UsuarioTest" classname="Tests.Unit.UsuarioTest" assertions="1" time="0.176661"/>
        <testcase name="test_usuario_repository_tem_model_correto" file="/var/www/html/tests/Unit/UsuarioTest.php" line="152" class="Tests\Unit\UsuarioTest" classname="Tests.Unit.UsuarioTest" assertions="1" time="0.175094"/>
        <testcase name="test_usuario_service_pode_ser_instanciado" file="/var/www/html/tests/Unit/UsuarioTest.php" line="163" class="Tests\Unit\UsuarioTest" classname="Tests.Unit.UsuarioTest" assertions="1" time="0.195658"/>
      </testsuite>
      <testsuite name="Tests\Feature\Modules\Veiculo\VeiculoTest" file="/var/www/html/tests/Unit/VeiculoTest.php" tests="43" assertions="78" errors="0" failures="0" skipped="0" time="7.223921">
        <testcase name="test_listagem_dto_retorna_array_vazio_inicialmente" file="/var/www/html/tests/Unit/VeiculoTest.php" line="23" class="Tests\Feature\Modules\Veiculo\VeiculoTest" classname="Tests.Feature.Modules.Veiculo.VeiculoTest" assertions="3" time="0.188734"/>
        <testcase name="test_listagem_dto_aceita_parametros_veiculo" file="/var/www/html/tests/Unit/VeiculoTest.php" line="34" class="Tests\Feature\Modules\Veiculo\VeiculoTest" classname="Tests.Feature.Modules.Veiculo.VeiculoTest" assertions="3" time="0.169874"/>
        <testcase name="test_cadastro_dto_aceita_dados_veiculo" file="/var/www/html/tests/Unit/VeiculoTest.php" line="51" class="Tests\Feature\Modules\Veiculo\VeiculoTest" classname="Tests.Feature.Modules.Veiculo.VeiculoTest" assertions="7" time="0.187280"/>
        <testcase name="test_veiculo_model_pode_ser_instanciado" file="/var/www/html/tests/Unit/VeiculoTest.php" line="79" class="Tests\Feature\Modules\Veiculo\VeiculoTest" classname="Tests.Feature.Modules.Veiculo.VeiculoTest" assertions="1" time="0.218094"/>
        <testcase name="test_veiculo_model_tem_tabela_correta" file="/var/www/html/tests/Unit/VeiculoTest.php" line="88" class="Tests\Feature\Modules\Veiculo\VeiculoTest" classname="Tests.Feature.Modules.Veiculo.VeiculoTest" assertions="1" time="0.159097"/>
        <testcase name="test_veiculo_model_tem_fillable_corretos" file="/var/www/html/tests/Unit/VeiculoTest.php" line="98" class="Tests\Feature\Modules\Veiculo\VeiculoTest" classname="Tests.Feature.Modules.Veiculo.VeiculoTest" assertions="1" time="0.165473"/>
        <testcase name="test_veiculo_model_pode_receber_dados_construtor" file="/var/www/html/tests/Unit/VeiculoTest.php" line="122" class="Tests\Feature\Modules\Veiculo\VeiculoTest" classname="Tests.Feature.Modules.Veiculo.VeiculoTest" assertions="6" time="0.198210"/>
        <testcase name="test_veiculo_model_timestamps_desabilitados" file="/var/www/html/tests/Unit/VeiculoTest.php" line="147" class="Tests\Feature\Modules\Veiculo\VeiculoTest" classname="Tests.Feature.Modules.Veiculo.VeiculoTest" assertions="1" time="0.178540"/>
        <testcase name="test_veiculo_model_tem_relacionamento_cliente_veiculos" file="/var/www/html/tests/Unit/VeiculoTest.php" line="157" class="Tests\Feature\Modules\Veiculo\VeiculoTest" classname="Tests.Feature.Modules.Veiculo.VeiculoTest" assertions="3" time="0.190784"/>
        <testcase name="test_veiculo_model_tem_relacionamento_clientes" file="/var/www/html/tests/Unit/VeiculoTest.php" line="170" class="Tests\Feature\Modules\Veiculo\VeiculoTest" classname="Tests.Feature.Modules.Veiculo.VeiculoTest" assertions="5" time="0.195096"/>
        <testcase name="test_veiculo_repository_pode_ser_instanciado" file="/var/www/html/tests/Unit/VeiculoTest.php" line="188" class="Tests\Feature\Modules\Veiculo\VeiculoTest" classname="Tests.Feature.Modules.Veiculo.VeiculoTest" assertions="1" time="0.161168"/>
        <testcase name="test_veiculo_repository_herda_abstract_repository" file="/var/www/html/tests/Unit/VeiculoTest.php" line="198" class="Tests\Feature\Modules\Veiculo\VeiculoTest" classname="Tests.Feature.Modules.Veiculo.VeiculoTest" assertions="1" time="0.157570"/>
        <testcase name="test_veiculo_repository_implementa_interface" file="/var/www/html/tests/Unit/VeiculoTest.php" line="208" class="Tests\Feature\Modules\Veiculo\VeiculoTest" classname="Tests.Feature.Modules.Veiculo.VeiculoTest" assertions="1" time="0.160874"/>
        <testcase name="test_veiculo_repository_tem_model_correto" file="/var/www/html/tests/Unit/VeiculoTest.php" line="218" class="Tests\Feature\Modules\Veiculo\VeiculoTest" classname="Tests.Feature.Modules.Veiculo.VeiculoTest" assertions="1" time="0.161356"/>
        <testcase name="test_veiculo_repository_tem_metodos_obrigatorios" file="/var/www/html/tests/Unit/VeiculoTest.php" line="228" class="Tests\Feature\Modules\Veiculo\VeiculoTest" classname="Tests.Feature.Modules.Veiculo.VeiculoTest" assertions="6" time="0.164469"/>
        <testcase name="test_veiculo_service_pode_ser_instanciado" file="/var/www/html/tests/Unit/VeiculoTest.php" line="243" class="Tests\Feature\Modules\Veiculo\VeiculoTest" classname="Tests.Feature.Modules.Veiculo.VeiculoTest" assertions="1" time="0.211619"/>
        <testcase name="test_veiculo_service_tem_metodo_listagem" file="/var/www/html/tests/Unit/VeiculoTest.php" line="261" class="Tests\Feature\Modules\Veiculo\VeiculoTest" classname="Tests.Feature.Modules.Veiculo.VeiculoTest" assertions="1" time="0.160734"/>
        <testcase name="test_veiculo_service_tem_metodo_cadastro" file="/var/www/html/tests/Unit/VeiculoTest.php" line="269" class="Tests\Feature\Modules\Veiculo\VeiculoTest" classname="Tests.Feature.Modules.Veiculo.VeiculoTest" assertions="1" time="0.163558"/>
        <testcase name="test_veiculo_service_tem_metodo_obter_um_por_uuid" file="/var/www/html/tests/Unit/VeiculoTest.php" line="277" class="Tests\Feature\Modules\Veiculo\VeiculoTest" classname="Tests.Feature.Modules.Veiculo.VeiculoTest" assertions="1" time="0.157486"/>
        <testcase name="test_veiculo_service_tem_metodo_remocao" file="/var/www/html/tests/Unit/VeiculoTest.php" line="285" class="Tests\Feature\Modules\Veiculo\VeiculoTest" classname="Tests.Feature.Modules.Veiculo.VeiculoTest" assertions="1" time="0.161914"/>
        <testcase name="test_veiculo_service_tem_metodo_atualizacao" file="/var/www/html/tests/Unit/VeiculoTest.php" line="293" class="Tests\Feature\Modules\Veiculo\VeiculoTest" classname="Tests.Feature.Modules.Veiculo.VeiculoTest" assertions="1" time="0.162697"/>
        <testcase name="test_veiculo_service_recebe_dependencias_construtor" file="/var/www/html/tests/Unit/VeiculoTest.php" line="301" class="Tests\Feature\Modules\Veiculo\VeiculoTest" classname="Tests.Feature.Modules.Veiculo.VeiculoTest" assertions="1" time="0.158156"/>
        <testcase name="test_veiculo_controller_pode_ser_instanciado" file="/var/www/html/tests/Unit/VeiculoTest.php" line="322" class="Tests\Feature\Modules\Veiculo\VeiculoTest" classname="Tests.Feature.Modules.Veiculo.VeiculoTest" assertions="1" time="0.182127"/>
        <testcase name="test_veiculo_controller_herda_controller_base" file="/var/www/html/tests/Unit/VeiculoTest.php" line="333" class="Tests\Feature\Modules\Veiculo\VeiculoTest" classname="Tests.Feature.Modules.Veiculo.VeiculoTest" assertions="1" time="0.153116"/>
        <testcase name="test_veiculo_controller_tem_metodo_listagem" file="/var/www/html/tests/Unit/VeiculoTest.php" line="344" class="Tests\Feature\Modules\Veiculo\VeiculoTest" classname="Tests.Feature.Modules.Veiculo.VeiculoTest" assertions="1" time="0.169706"/>
        <testcase name="test_veiculo_controller_tem_metodo_cadastro" file="/var/www/html/tests/Unit/VeiculoTest.php" line="352" class="Tests\Feature\Modules\Veiculo\VeiculoTest" classname="Tests.Feature.Modules.Veiculo.VeiculoTest" assertions="1" time="0.202945"/>
        <testcase name="test_veiculo_controller_tem_metodo_obter_um_por_uuid" file="/var/www/html/tests/Unit/VeiculoTest.php" line="360" class="Tests\Feature\Modules\Veiculo\VeiculoTest" classname="Tests.Feature.Modules.Veiculo.VeiculoTest" assertions="1" time="0.186877"/>
        <testcase name="test_veiculo_controller_tem_metodo_remocao" file="/var/www/html/tests/Unit/VeiculoTest.php" line="368" class="Tests\Feature\Modules\Veiculo\VeiculoTest" classname="Tests.Feature.Modules.Veiculo.VeiculoTest" assertions="1" time="0.172976"/>
        <testcase name="test_veiculo_controller_tem_metodo_atualizacao" file="/var/www/html/tests/Unit/VeiculoTest.php" line="376" class="Tests\Feature\Modules\Veiculo\VeiculoTest" classname="Tests.Feature.Modules.Veiculo.VeiculoTest" assertions="1" time="0.161177"/>
        <testcase name="test_veiculo_controller_recebe_service_construtor" file="/var/www/html/tests/Unit/VeiculoTest.php" line="384" class="Tests\Feature\Modules\Veiculo\VeiculoTest" classname="Tests.Feature.Modules.Veiculo.VeiculoTest" assertions="1" time="0.169269"/>
        <testcase name="test_veiculo_cadastro_request_pode_ser_instanciado" file="/var/www/html/tests/Unit/VeiculoTest.php" line="397" class="Tests\Feature\Modules\Veiculo\VeiculoTest" classname="Tests.Feature.Modules.Veiculo.VeiculoTest" assertions="1" time="0.150858"/>
        <testcase name="test_veiculo_cadastro_request_herda_form_request" file="/var/www/html/tests/Unit/VeiculoTest.php" line="407" class="Tests\Feature\Modules\Veiculo\VeiculoTest" classname="Tests.Feature.Modules.Veiculo.VeiculoTest" assertions="1" time="0.166099"/>
        <testcase name="test_veiculo_cadastro_request_tem_metodo_rules" file="/var/www/html/tests/Unit/VeiculoTest.php" line="417" class="Tests\Feature\Modules\Veiculo\VeiculoTest" classname="Tests.Feature.Modules.Veiculo.VeiculoTest" assertions="1" time="0.162251"/>
        <testcase name="test_veiculo_cadastro_request_tem_metodo_to_dto" file="/var/www/html/tests/Unit/VeiculoTest.php" line="425" class="Tests\Feature\Modules\Veiculo\VeiculoTest" classname="Tests.Feature.Modules.Veiculo.VeiculoTest" assertions="1" time="0.159093"/>
        <testcase name="test_veiculo_listagem_request_pode_ser_instanciado" file="/var/www/html/tests/Unit/VeiculoTest.php" line="433" class="Tests\Feature\Modules\Veiculo\VeiculoTest" classname="Tests.Feature.Modules.Veiculo.VeiculoTest" assertions="1" time="0.156540"/>
        <testcase name="test_veiculo_obter_um_por_uuid_request_pode_ser_instanciado" file="/var/www/html/tests/Unit/VeiculoTest.php" line="443" class="Tests\Feature\Modules\Veiculo\VeiculoTest" classname="Tests.Feature.Modules.Veiculo.VeiculoTest" assertions="1" time="0.141790"/>
        <testcase name="test_veiculo_atualizacao_request_pode_ser_instanciado" file="/var/www/html/tests/Unit/VeiculoTest.php" line="453" class="Tests\Feature\Modules\Veiculo\VeiculoTest" classname="Tests.Feature.Modules.Veiculo.VeiculoTest" assertions="1" time="0.144153"/>
        <testcase name="test_veiculo_pode_definir_rotas" file="/var/www/html/tests/Unit/VeiculoTest.php" line="465" class="Tests\Feature\Modules\Veiculo\VeiculoTest" classname="Tests.Feature.Modules.Veiculo.VeiculoTest" assertions="2" time="0.159785"/>
        <testcase name="test_veiculo_controller_namespace_correto" file="/var/www/html/tests/Unit/VeiculoTest.php" line="475" class="Tests\Feature\Modules\Veiculo\VeiculoTest" classname="Tests.Feature.Modules.Veiculo.VeiculoTest" assertions="1" time="0.155916"/>
        <testcase name="test_veiculo_controller_tem_metodos_para_rotas" file="/var/www/html/tests/Unit/VeiculoTest.php" line="486" class="Tests\Feature\Modules\Veiculo\VeiculoTest" classname="Tests.Feature.Modules.Veiculo.VeiculoTest" assertions="5" time="0.159767"/>
        <testcase name="test_veiculo_constantes_http_disponiveis" file="/var/www/html/tests/Unit/VeiculoTest.php" line="500" class="Tests\Feature\Modules\Veiculo\VeiculoTest" classname="Tests.Feature.Modules.Veiculo.VeiculoTest" assertions="3" time="0.144252"/>
        <testcase name="test_veiculo_controller_tem_anotacoes_openapi" file="/var/www/html/tests/Unit/VeiculoTest.php" line="512" class="Tests\Feature\Modules\Veiculo\VeiculoTest" classname="Tests.Feature.Modules.Veiculo.VeiculoTest" assertions="1" time="0.147391"/>
        <testcase name="test_veiculo_controller_listagem_tem_swagger" file="/var/www/html/tests/Unit/VeiculoTest.php" line="532" class="Tests\Feature\Modules\Veiculo\VeiculoTest" classname="Tests.Feature.Modules.Veiculo.VeiculoTest" assertions="3" time="0.145050"/>
      </testsuite>
    </testsuite>
    <testsuite name="Feature" tests="208" assertions="902" errors="0" failures="0" skipped="0" time="60.766528">
      <testsuite name="Tests\Feature\Modules\Auth\AuthTest" file="/var/www/html/tests/Feature/Modules/Auth/AuthTest.php" tests="3" assertions="8" errors="0" failures="0" skipped="0" time="1.627215">
        <testcase name="test_login_com_usuario_valido" file="/var/www/html/tests/Feature/Modules/Auth/AuthTest.php" line="16" class="Tests\Feature\Modules\Auth\AuthTest" classname="Tests.Feature.Modules.Auth.AuthTest" assertions="4" time="1.088733"/>
        <testcase name="test_login_com_email_do_usuario_nao_existente" file="/var/www/html/tests/Feature/Modules/Auth/AuthTest.php" line="37" class="Tests\Feature\Modules\Auth\AuthTest" classname="Tests.Feature.Modules.Auth.AuthTest" assertions="1" time="0.285084"/>
        <testcase name="test_retorna_dados_do_usuario_logado_pelo_jwt" file="/var/www/html/tests/Feature/Modules/Auth/AuthTest.php" line="54" class="Tests\Feature\Modules\Auth\AuthTest" classname="Tests.Feature.Modules.Auth.AuthTest" assertions="3" time="0.253398"/>
      </testsuite>
      <testsuite name="Tests\Feature\Modules\Cliente\ClienteAtualizacaoTest" file="/var/www/html/tests/Feature/Modules/Cliente/ClienteAtualizacaoTest.php" tests="6" assertions="14" errors="0" failures="0" skipped="0" time="1.438717">
        <testcase name="test_atualizar_cliente_por_uuid" file="/var/www/html/tests/Feature/Modules/Cliente/ClienteAtualizacaoTest.php" line="39" class="Tests\Feature\Modules\Cliente\ClienteAtualizacaoTest" classname="Tests.Feature.Modules.Cliente.ClienteAtualizacaoTest" assertions="2" time="0.322288"/>
        <testcase name="test_atualizar_cliente_por_uuid_que_nao_existe" file="/var/www/html/tests/Feature/Modules/Cliente/ClienteAtualizacaoTest.php" line="61" class="Tests\Feature\Modules\Cliente\ClienteAtualizacaoTest" classname="Tests.Feature.Modules.Cliente.ClienteAtualizacaoTest" assertions="2" time="0.203803"/>
        <testcase name="test_atualizar_cliente_com_dados_invalidos" file="/var/www/html/tests/Feature/Modules/Cliente/ClienteAtualizacaoTest.php" line="70" class="Tests\Feature\Modules\Cliente\ClienteAtualizacaoTest" classname="Tests.Feature.Modules.Cliente.ClienteAtualizacaoTest" assertions="2" time="0.252847"/>
        <testcase name="test_atualizar_cliente_com_uuid_mal_formado" file="/var/www/html/tests/Feature/Modules/Cliente/ClienteAtualizacaoTest.php" line="88" class="Tests\Feature\Modules\Cliente\ClienteAtualizacaoTest" classname="Tests.Feature.Modules.Cliente.ClienteAtualizacaoTest" assertions="2" time="0.231758"/>
        <testcase name="test_atualizar_cliente_com_erro_interno" file="/var/www/html/tests/Feature/Modules/Cliente/ClienteAtualizacaoTest.php" line="97" class="Tests\Feature\Modules\Cliente\ClienteAtualizacaoTest" classname="Tests.Feature.Modules.Cliente.ClienteAtualizacaoTest" assertions="3" time="0.229329"/>
        <testcase name="test_atualizar_cliente_com_database_exception" file="/var/www/html/tests/Feature/Modules/Cliente/ClienteAtualizacaoTest.php" line="113" class="Tests\Feature\Modules\Cliente\ClienteAtualizacaoTest" classname="Tests.Feature.Modules.Cliente.ClienteAtualizacaoTest" assertions="3" time="0.198692"/>
      </testsuite>
      <testsuite name="Tests\Feature\Modules\Cliente\ClienteCadastroTest" file="/var/www/html/tests/Feature/Modules/Cliente/ClienteCadastroTest.php" tests="4" assertions="15" errors="0" failures="0" skipped="0" time="2.365093">
        <testcase name="test_cliente_pode_ser_cadastrado" file="/var/www/html/tests/Feature/Modules/Cliente/ClienteCadastroTest.php" line="39" class="Tests\Feature\Modules\Cliente\ClienteCadastroTest" classname="Tests.Feature.Modules.Cliente.ClienteCadastroTest" assertions="2" time="0.987817"/>
        <testcase name="test_cliente_nao_pode_ser_cadastrado_sem_dados_obrigatorios" file="/var/www/html/tests/Feature/Modules/Cliente/ClienteCadastroTest.php" line="59" class="Tests\Feature\Modules\Cliente\ClienteCadastroTest" classname="Tests.Feature.Modules.Cliente.ClienteCadastroTest" assertions="2" time="0.496386"/>
        <testcase name="test_cadastro_de_cliente_retorna_erro_de_regra_de_negocio" file="/var/www/html/tests/Feature/Modules/Cliente/ClienteCadastroTest.php" line="80" class="Tests\Feature\Modules\Cliente\ClienteCadastroTest" classname="Tests.Feature.Modules.Cliente.ClienteCadastroTest" assertions="5" time="0.440933"/>
        <testcase name="test_cadastro_de_cliente_retorna_erro_interno_em_excecao_generica" file="/var/www/html/tests/Feature/Modules/Cliente/ClienteCadastroTest.php" line="103" class="Tests\Feature\Modules\Cliente\ClienteCadastroTest" classname="Tests.Feature.Modules.Cliente.ClienteCadastroTest" assertions="6" time="0.439958"/>
      </testsuite>
      <testsuite name="Tests\Feature\Modules\Cliente\ClienteListagemTest" file="/var/www/html/tests/Feature/Modules/Cliente/ClienteListagemTest.php" tests="2" assertions="5" errors="0" failures="0" skipped="0" time="0.440177">
        <testcase name="test_listar_todos_clientes" file="/var/www/html/tests/Feature/Modules/Cliente/ClienteListagemTest.php" line="32" class="Tests\Feature\Modules\Cliente\ClienteListagemTest" classname="Tests.Feature.Modules.Cliente.ClienteListagemTest" assertions="2" time="0.258312"/>
        <testcase name="test_listar_clientes_com_erro_interno" file="/var/www/html/tests/Feature/Modules/Cliente/ClienteListagemTest.php" line="40" class="Tests\Feature\Modules\Cliente\ClienteListagemTest" classname="Tests.Feature.Modules.Cliente.ClienteListagemTest" assertions="3" time="0.181866"/>
      </testsuite>
      <testsuite name="Tests\Feature\Modules\Cliente\ClienteRemocaoTest" file="/var/www/html/tests/Feature/Modules/Cliente/ClienteRemocaoTest.php" tests="3" assertions="8" errors="0" failures="0" skipped="0" time="0.593309">
        <testcase name="test_remocao_logica_do_cliente_por_uuid" file="/var/www/html/tests/Feature/Modules/Cliente/ClienteRemocaoTest.php" line="20" class="Tests\Feature\Modules\Cliente\ClienteRemocaoTest" classname="Tests.Feature.Modules.Cliente.ClienteRemocaoTest" assertions="3" time="0.212158"/>
        <testcase name="test_remocao_logica_do_cliente_por_uuid_que_nao_existe" file="/var/www/html/tests/Feature/Modules/Cliente/ClienteRemocaoTest.php" line="30" class="Tests\Feature\Modules\Cliente\ClienteRemocaoTest" classname="Tests.Feature.Modules.Cliente.ClienteRemocaoTest" assertions="2" time="0.195164"/>
        <testcase name="test_remocao_cliente_com_erro_interno" file="/var/www/html/tests/Feature/Modules/Cliente/ClienteRemocaoTest.php" line="37" class="Tests\Feature\Modules\Cliente\ClienteRemocaoTest" classname="Tests.Feature.Modules.Cliente.ClienteRemocaoTest" assertions="3" time="0.185987"/>
      </testsuite>
      <testsuite name="Tests\Feature\Modules\OS\OrdemServicoAtualizacaoTest" file="/var/www/html/tests/Feature/Modules/OS/OrdemServicoAtualizacaoTest.php" tests="9" assertions="70" errors="0" failures="0" skipped="0" time="4.211192">
        <testcase name="test_ordem_de_servico_pode_ser_atualizada" file="/var/www/html/tests/Feature/Modules/OS/OrdemServicoAtualizacaoTest.php" line="38" class="Tests\Feature\Modules\OS\OrdemServicoAtualizacaoTest" classname="Tests.Feature.Modules.OS.OrdemServicoAtualizacaoTest" assertions="7" time="0.558531"/>
        <testcase name="test_veiculo_na_ordem_de_servico_pode_ser_corrigido" file="/var/www/html/tests/Feature/Modules/OS/OrdemServicoAtualizacaoTest.php" line="79" class="Tests\Feature\Modules\OS\OrdemServicoAtualizacaoTest" classname="Tests.Feature.Modules.OS.OrdemServicoAtualizacaoTest" assertions="7" time="0.482661"/>
        <testcase name="test_cliente_na_ordem_de_servico_pode_ser_corrigido" file="/var/www/html/tests/Feature/Modules/OS/OrdemServicoAtualizacaoTest.php" line="122" class="Tests\Feature\Modules\OS\OrdemServicoAtualizacaoTest" classname="Tests.Feature.Modules.OS.OrdemServicoAtualizacaoTest" assertions="7" time="0.491492"/>
        <testcase name="test_atendente_na_ordem_de_servico_pode_ser_corrigido" file="/var/www/html/tests/Feature/Modules/OS/OrdemServicoAtualizacaoTest.php" line="165" class="Tests\Feature\Modules\OS\OrdemServicoAtualizacaoTest" classname="Tests.Feature.Modules.OS.OrdemServicoAtualizacaoTest" assertions="7" time="0.504829"/>
        <testcase name="test_mecanico_na_ordem_de_servico_pode_ser_corrigido" file="/var/www/html/tests/Feature/Modules/OS/OrdemServicoAtualizacaoTest.php" line="209" class="Tests\Feature\Modules\OS\OrdemServicoAtualizacaoTest" classname="Tests.Feature.Modules.OS.OrdemServicoAtualizacaoTest" assertions="7" time="0.466093"/>
        <testcase name="test_usuario_nao_mecanico_nao_pode_ser_associado_como_mecanico_da_os" file="/var/www/html/tests/Feature/Modules/OS/OrdemServicoAtualizacaoTest.php" line="253" class="Tests\Feature\Modules\OS\OrdemServicoAtualizacaoTest" classname="Tests.Feature.Modules.OS.OrdemServicoAtualizacaoTest" assertions="7" time="0.458216"/>
        <testcase name="test_usuario_nao_atendente_nao_pode_ser_associado_como_atendente_da_os" file="/var/www/html/tests/Feature/Modules/OS/OrdemServicoAtualizacaoTest.php" line="294" class="Tests\Feature\Modules\OS\OrdemServicoAtualizacaoTest" classname="Tests.Feature.Modules.OS.OrdemServicoAtualizacaoTest" assertions="7" time="0.452230"/>
        <testcase name="test_atualizacao_os_nao_encontrada_lanca_model_not_found_exception" file="/var/www/html/tests/Feature/Modules/OS/OrdemServicoAtualizacaoTest.php" line="335" class="Tests\Feature\Modules\OS\OrdemServicoAtualizacaoTest" classname="Tests.Feature.Modules.OS.OrdemServicoAtualizacaoTest" assertions="11" time="0.414011"/>
        <testcase name="test_atualizacao_os_lanca_exception_generica" file="/var/www/html/tests/Feature/Modules/OS/OrdemServicoAtualizacaoTest.php" line="367" class="Tests\Feature\Modules\OS\OrdemServicoAtualizacaoTest" classname="Tests.Feature.Modules.OS.OrdemServicoAtualizacaoTest" assertions="10" time="0.383129"/>
      </testsuite>
      <testsuite name="Tests\Feature\Modules\OS\OrdemServicoCadastroTest" file="/var/www/html/tests/Feature/Modules/OS/OrdemServicoCadastroTest.php" tests="6" assertions="43" errors="0" failures="0" skipped="0" time="2.663850">
        <testcase name="test_ordem_de_servico_pode_ser_cadastrada" file="/var/www/html/tests/Feature/Modules/OS/OrdemServicoCadastroTest.php" line="46" class="Tests\Feature\Modules\OS\OrdemServicoCadastroTest" classname="Tests.Feature.Modules.OS.OrdemServicoCadastroTest" assertions="6" time="0.473301"/>
        <testcase name="test_ordem_de_servico_nao_pode_ser_cadastrada_quando_um_atendente_eh_informado_incorretamente" file="/var/www/html/tests/Feature/Modules/OS/OrdemServicoCadastroTest.php" line="79" class="Tests\Feature\Modules\OS\OrdemServicoCadastroTest" classname="Tests.Feature.Modules.OS.OrdemServicoCadastroTest" assertions="6" time="0.496943"/>
        <testcase name="test_ordem_de_servico_nao_pode_ser_cadastrada_quando_um_mecanico_eh_informado_incorretamente" file="/var/www/html/tests/Feature/Modules/OS/OrdemServicoCadastroTest.php" line="112" class="Tests\Feature\Modules\OS\OrdemServicoCadastroTest" classname="Tests.Feature.Modules.OS.OrdemServicoCadastroTest" assertions="6" time="0.432091"/>
        <testcase name="test_ordem_de_servico_nao_pode_ser_cadastrada_sem_um_ou_mais_dados_obrigatorios" file="/var/www/html/tests/Feature/Modules/OS/OrdemServicoCadastroTest.php" line="145" class="Tests\Feature\Modules\OS\OrdemServicoCadastroTest" classname="Tests.Feature.Modules.OS.OrdemServicoCadastroTest" assertions="6" time="0.434096"/>
        <testcase name="test_cadastro_de_os_retorna_erro_de_regra_de_negocio" file="/var/www/html/tests/Feature/Modules/OS/OrdemServicoCadastroTest.php" line="178" class="Tests\Feature\Modules\OS\OrdemServicoCadastroTest" classname="Tests.Feature.Modules.OS.OrdemServicoCadastroTest" assertions="9" time="0.433120"/>
        <testcase name="test_cadastro_de_os_retorna_erro_interno_em_excecao_generica" file="/var/www/html/tests/Feature/Modules/OS/OrdemServicoCadastroTest.php" line="201" class="Tests\Feature\Modules\OS\OrdemServicoCadastroTest" classname="Tests.Feature.Modules.OS.OrdemServicoCadastroTest" assertions="10" time="0.394300"/>
      </testsuite>
      <testsuite name="Tests\Feature\Modules\OS\OrdemServicoEncerramentoTest" file="/var/www/html/tests/Feature/Modules/OS/OrdemServicoEncerramentoTest.php" tests="3" assertions="24" errors="0" failures="0" skipped="0" time="1.307784">
        <testcase name="test_ordem_de_servico_pode_ser_encerrada" file="/var/www/html/tests/Feature/Modules/OS/OrdemServicoEncerramentoTest.php" line="39" class="Tests\Feature\Modules\OS\OrdemServicoEncerramentoTest" classname="Tests.Feature.Modules.OS.OrdemServicoEncerramentoTest" assertions="7" time="0.471937"/>
        <testcase name="test_metodo_encerrar_no_controller_de_os_retorna_exception_generica" file="/var/www/html/tests/Feature/Modules/OS/OrdemServicoEncerramentoTest.php" line="80" class="Tests\Feature\Modules\OS\OrdemServicoEncerramentoTest" classname="Tests.Feature.Modules.OS.OrdemServicoEncerramentoTest" assertions="8" time="0.436808"/>
        <testcase name="test_metodo_encerrar_no_controller_de_os_lanca_model_not_found_exception" file="/var/www/html/tests/Feature/Modules/OS/OrdemServicoEncerramentoTest.php" line="108" class="Tests\Feature\Modules\OS\OrdemServicoEncerramentoTest" classname="Tests.Feature.Modules.OS.OrdemServicoEncerramentoTest" assertions="9" time="0.399038"/>
      </testsuite>
      <testsuite name="Tests\Feature\Modules\OS\OrdemServicoListagemTest" file="/var/www/html/tests/Feature/Modules/OS/OrdemServicoListagemTest.php" tests="5" assertions="41" errors="0" failures="0" skipped="0" time="2.075248">
        <testcase name="test_listagem_deve_retornar_erro_500_quando_service_lanca_excecao" file="/var/www/html/tests/Feature/Modules/OS/OrdemServicoListagemTest.php" line="44" class="Tests\Feature\Modules\OS\OrdemServicoListagemTest" classname="Tests.Feature.Modules.OS.OrdemServicoListagemTest" assertions="9" time="0.395881"/>
        <testcase name="test_ordens_de_servico_cadastradas_podem_ser_listadas" file="/var/www/html/tests/Feature/Modules/OS/OrdemServicoListagemTest.php" line="67" class="Tests\Feature\Modules\OS\OrdemServicoListagemTest" classname="Tests.Feature.Modules.OS.OrdemServicoListagemTest" assertions="7" time="0.424546"/>
        <testcase name="test_ordem_de_servico_pode_ser_listada_informando_uuid_de_cadastro" file="/var/www/html/tests/Feature/Modules/OS/OrdemServicoListagemTest.php" line="83" class="Tests\Feature\Modules\OS\OrdemServicoListagemTest" classname="Tests.Feature.Modules.OS.OrdemServicoListagemTest" assertions="8" time="0.471396"/>
        <testcase name="test_metodo_obter_um_por_uuid_no_controller_de_os_recupera_not_found_exception" file="/var/www/html/tests/Feature/Modules/OS/OrdemServicoListagemTest.php" line="125" class="Tests\Feature\Modules\OS\OrdemServicoListagemTest" classname="Tests.Feature.Modules.OS.OrdemServicoListagemTest" assertions="9" time="0.392300"/>
        <testcase name="test_metodo_obter_um_por_uuid_no_controller_de_os_recupera_exception_generica" file="/var/www/html/tests/Feature/Modules/OS/OrdemServicoListagemTest.php" line="157" class="Tests\Feature\Modules\OS\OrdemServicoListagemTest" classname="Tests.Feature.Modules.OS.OrdemServicoListagemTest" assertions="8" time="0.391126"/>
      </testsuite>
      <testsuite name="Tests\Feature\Modules\OS\OrdemServicoRemocaoTest" file="/var/www/html/tests/Feature/Modules/OS/OrdemServicoRemocaoTest.php" tests="5" assertions="39" errors="0" failures="0" skipped="0" time="2.132181">
        <testcase name="test_ordem_de_servico_pode_ser_removida" file="/var/www/html/tests/Feature/Modules/OS/OrdemServicoRemocaoTest.php" line="38" class="Tests\Feature\Modules\OS\OrdemServicoRemocaoTest" classname="Tests.Feature.Modules.OS.OrdemServicoRemocaoTest" assertions="8" time="0.472280"/>
        <testcase name="test_ordem_de_servico_nao_pode_ser_removida_sem_um_uuid_valido" file="/var/www/html/tests/Feature/Modules/OS/OrdemServicoRemocaoTest.php" line="76" class="Tests\Feature\Modules\OS\OrdemServicoRemocaoTest" classname="Tests.Feature.Modules.OS.OrdemServicoRemocaoTest" assertions="7" time="0.476266"/>
        <testcase name="test_remocao_ordem_inexistente_lanca_model_not_found" file="/var/www/html/tests/Feature/Modules/OS/OrdemServicoRemocaoTest.php" line="114" class="Tests\Feature\Modules\OS\OrdemServicoRemocaoTest" classname="Tests.Feature.Modules.OS.OrdemServicoRemocaoTest" assertions="8" time="0.389476"/>
        <testcase name="test_remocao_ordem_lanca_excecao_generica" file="/var/www/html/tests/Feature/Modules/OS/OrdemServicoRemocaoTest.php" line="146" class="Tests\Feature\Modules\OS\OrdemServicoRemocaoTest" classname="Tests.Feature.Modules.OS.OrdemServicoRemocaoTest" assertions="8" time="0.394124"/>
        <testcase name="test_remocao_ordem_sucesso" file="/var/www/html/tests/Feature/Modules/OS/OrdemServicoRemocaoTest.php" line="173" class="Tests\Feature\Modules\OS\OrdemServicoRemocaoTest" classname="Tests.Feature.Modules.OS.OrdemServicoRemocaoTest" assertions="8" time="0.400035"/>
      </testsuite>
      <testsuite name="Tests\Feature\Modules\OrdemDeServicoItem\OrdemDeServicoItemCadastroTest" file="/var/www/html/tests/Feature/Modules/OrdemDeServicoItem/OrdemDeServicoItemCadastroTest.php" tests="4" assertions="23" errors="0" failures="0" skipped="0" time="1.678799">
        <testcase name="test_ordem_de_servico_item_pode_ser_cadastrada" file="/var/www/html/tests/Feature/Modules/OrdemDeServicoItem/OrdemDeServicoItemCadastroTest.php" line="43" class="Tests\Feature\Modules\OrdemDeServicoItem\OrdemDeServicoItemCadastroTest" classname="Tests.Feature.Modules.OrdemDeServicoItem.OrdemDeServicoItemCadastroTest" assertions="4" time="0.476497"/>
        <testcase name="test_ordem_de_servico_item_nao_pode_ser_cadastrada_sem_um_ou_mais_dados_obrigatorios" file="/var/www/html/tests/Feature/Modules/OrdemDeServicoItem/OrdemDeServicoItemCadastroTest.php" line="62" class="Tests\Feature\Modules\OrdemDeServicoItem\OrdemDeServicoItemCadastroTest" classname="Tests.Feature.Modules.OrdemDeServicoItem.OrdemDeServicoItemCadastroTest" assertions="4" time="0.427017"/>
        <testcase name="test_cadastro_de_os_item_retorna_erro_de_regra_de_negocio" file="/var/www/html/tests/Feature/Modules/OrdemDeServicoItem/OrdemDeServicoItemCadastroTest.php" line="85" class="Tests\Feature\Modules\OrdemDeServicoItem\OrdemDeServicoItemCadastroTest" classname="Tests.Feature.Modules.OrdemDeServicoItem.OrdemDeServicoItemCadastroTest" assertions="7" time="0.394841"/>
        <testcase name="test_cadastro_de_os_item_retorna_erro_interno_em_excecao_generica" file="/var/www/html/tests/Feature/Modules/OrdemDeServicoItem/OrdemDeServicoItemCadastroTest.php" line="108" class="Tests\Feature\Modules\OrdemDeServicoItem\OrdemDeServicoItemCadastroTest" classname="Tests.Feature.Modules.OrdemDeServicoItem.OrdemDeServicoItemCadastroTest" assertions="8" time="0.380445"/>
      </testsuite>
      <testsuite name="Tests\Feature\Modules\OrdemDeServicoItem\OrdemServicoItemAtualizacaoTest" file="/var/www/html/tests/Feature/Modules/OrdemDeServicoItem/OrdemServicoItemAtualizacaoTest.php" tests="6" assertions="41" errors="0" failures="0" skipped="0" time="2.565403">
        <testcase name="test_ordem_de_servico_item_pode_ser_atualizada" file="/var/www/html/tests/Feature/Modules/OrdemDeServicoItem/OrdemServicoItemAtualizacaoTest.php" line="46" class="Tests\Feature\Modules\OrdemDeServicoItem\OrdemServicoItemAtualizacaoTest" classname="Tests.Feature.Modules.OrdemDeServicoItem.OrdemServicoItemAtualizacaoTest" assertions="5" time="0.448242"/>
        <testcase name="test_quantidade_do_item_pode_ser_atualizada" file="/var/www/html/tests/Feature/Modules/OrdemDeServicoItem/OrdemServicoItemAtualizacaoTest.php" line="73" class="Tests\Feature\Modules\OrdemDeServicoItem\OrdemServicoItemAtualizacaoTest" classname="Tests.Feature.Modules.OrdemDeServicoItem.OrdemServicoItemAtualizacaoTest" assertions="5" time="0.458849"/>
        <testcase name="test_valor_do_item_pode_ser_atualizado" file="/var/www/html/tests/Feature/Modules/OrdemDeServicoItem/OrdemServicoItemAtualizacaoTest.php" line="100" class="Tests\Feature\Modules\OrdemDeServicoItem\OrdemServicoItemAtualizacaoTest" classname="Tests.Feature.Modules.OrdemDeServicoItem.OrdemServicoItemAtualizacaoTest" assertions="5" time="0.435218"/>
        <testcase name="test_atualizacao_os_item_nao_encontrado_lanca_model_not_found_exception" file="/var/www/html/tests/Feature/Modules/OrdemDeServicoItem/OrdemServicoItemAtualizacaoTest.php" line="127" class="Tests\Feature\Modules\OrdemDeServicoItem\OrdemServicoItemAtualizacaoTest" classname="Tests.Feature.Modules.OrdemDeServicoItem.OrdemServicoItemAtualizacaoTest" assertions="9" time="0.403127"/>
        <testcase name="test_atualizacao_os_item_retorna_erro_de_regra_de_negocio" file="/var/www/html/tests/Feature/Modules/OrdemDeServicoItem/OrdemServicoItemAtualizacaoTest.php" line="154" class="Tests\Feature\Modules\OrdemDeServicoItem\OrdemServicoItemAtualizacaoTest" classname="Tests.Feature.Modules.OrdemDeServicoItem.OrdemServicoItemAtualizacaoTest" assertions="8" time="0.411844"/>
        <testcase name="test_atualizacao_os_item_retorna_erro_interno_em_excecao_generica" file="/var/www/html/tests/Feature/Modules/OrdemDeServicoItem/OrdemServicoItemAtualizacaoTest.php" line="181" class="Tests\Feature\Modules\OrdemDeServicoItem\OrdemServicoItemAtualizacaoTest" classname="Tests.Feature.Modules.OrdemDeServicoItem.OrdemServicoItemAtualizacaoTest" assertions="9" time="0.408124"/>
      </testsuite>
      <testsuite name="Tests\Feature\Modules\OrdemDeServicoItem\OrdemServicoItemListagemTest" file="/var/www/html/tests/Feature/Modules/OrdemDeServicoItem/OrdemServicoItemListagemTest.php" tests="5" assertions="32" errors="0" failures="0" skipped="0" time="2.095129">
        <testcase name="test_listagem_deve_retornar_erro_500_quando_service_lanca_excecao" file="/var/www/html/tests/Feature/Modules/OrdemDeServicoItem/OrdemServicoItemListagemTest.php" line="44" class="Tests\Feature\Modules\OrdemDeServicoItem\OrdemServicoItemListagemTest" classname="Tests.Feature.Modules.OrdemDeServicoItem.OrdemServicoItemListagemTest" assertions="7" time="0.435980"/>
        <testcase name="test_itens_de_ordem_de_servico_cadastrados_podem_ser_listados" file="/var/www/html/tests/Feature/Modules/OrdemDeServicoItem/OrdemServicoItemListagemTest.php" line="66" class="Tests\Feature\Modules\OrdemDeServicoItem\OrdemServicoItemListagemTest" classname="Tests.Feature.Modules.OrdemDeServicoItem.OrdemServicoItemListagemTest" assertions="5" time="0.427010"/>
        <testcase name="test_item_de_ordem_de_servico_pode_ser_listado_informando_uuid_de_cadastro" file="/var/www/html/tests/Feature/Modules/OrdemDeServicoItem/OrdemServicoItemListagemTest.php" line="78" class="Tests\Feature\Modules\OrdemDeServicoItem\OrdemServicoItemListagemTest" classname="Tests.Feature.Modules.OrdemDeServicoItem.OrdemServicoItemListagemTest" assertions="6" time="0.456098"/>
        <testcase name="test_metodo_obter_um_por_uuid_no_controller_de_os_item_recupera_not_found_exception" file="/var/www/html/tests/Feature/Modules/OrdemDeServicoItem/OrdemServicoItemListagemTest.php" line="107" class="Tests\Feature\Modules\OrdemDeServicoItem\OrdemServicoItemListagemTest" classname="Tests.Feature.Modules.OrdemDeServicoItem.OrdemServicoItemListagemTest" assertions="7" time="0.397396"/>
        <testcase name="test_metodo_obter_um_por_uuid_no_controller_de_os_item_recupera_exception_generica" file="/var/www/html/tests/Feature/Modules/OrdemDeServicoItem/OrdemServicoItemListagemTest.php" line="136" class="Tests\Feature\Modules\OrdemDeServicoItem\OrdemServicoItemListagemTest" classname="Tests.Feature.Modules.OrdemDeServicoItem.OrdemServicoItemListagemTest" assertions="7" time="0.378644"/>
      </testsuite>
      <testsuite name="Tests\Feature\Modules\OrdemDeServicoItem\OrdemServicoItemRemocaoTest" file="/var/www/html/tests/Feature/Modules/OrdemDeServicoItem/OrdemServicoItemRemocaoTest.php" tests="5" assertions="30" errors="0" failures="0" skipped="0" time="2.026255">
        <testcase name="test_ordem_de_servico_item_pode_ser_removida" file="/var/www/html/tests/Feature/Modules/OrdemDeServicoItem/OrdemServicoItemRemocaoTest.php" line="44" class="Tests\Feature\Modules\OrdemDeServicoItem\OrdemServicoItemRemocaoTest" classname="Tests.Feature.Modules.OrdemDeServicoItem.OrdemServicoItemRemocaoTest" assertions="6" time="0.449216"/>
        <testcase name="test_ordem_de_servico_item_nao_pode_ser_removida_sem_um_uuid_valido" file="/var/www/html/tests/Feature/Modules/OrdemDeServicoItem/OrdemServicoItemRemocaoTest.php" line="67" class="Tests\Feature\Modules\OrdemDeServicoItem\OrdemServicoItemRemocaoTest" classname="Tests.Feature.Modules.OrdemDeServicoItem.OrdemServicoItemRemocaoTest" assertions="4" time="0.422539"/>
        <testcase name="test_remocao_os_item_inexistente_lanca_model_not_found" file="/var/www/html/tests/Feature/Modules/OrdemDeServicoItem/OrdemServicoItemRemocaoTest.php" line="76" class="Tests\Feature\Modules\OrdemDeServicoItem\OrdemServicoItemRemocaoTest" classname="Tests.Feature.Modules.OrdemDeServicoItem.OrdemServicoItemRemocaoTest" assertions="7" time="0.395820"/>
        <testcase name="test_remocao_os_item_lanca_excecao_generica" file="/var/www/html/tests/Feature/Modules/OrdemDeServicoItem/OrdemServicoItemRemocaoTest.php" line="101" class="Tests\Feature\Modules\OrdemDeServicoItem\OrdemServicoItemRemocaoTest" classname="Tests.Feature.Modules.OrdemDeServicoItem.OrdemServicoItemRemocaoTest" assertions="7" time="0.384506"/>
        <testcase name="test_remocao_os_item_sucesso" file="/var/www/html/tests/Feature/Modules/OrdemDeServicoItem/OrdemServicoItemRemocaoTest.php" line="126" class="Tests\Feature\Modules\OrdemDeServicoItem\OrdemServicoItemRemocaoTest" classname="Tests.Feature.Modules.OrdemDeServicoItem.OrdemServicoItemRemocaoTest" assertions="6" time="0.374173"/>
      </testsuite>
      <testsuite name="Tests\Feature\Modules\OrdemDeServicoServico\OrdemDeServicoServicoAtualizacaoTest" file="/var/www/html/tests/Feature/Modules/OrdemDeServicoServico/OrdemDeServicoServicoAtualizacaoTest.php" tests="6" assertions="41" errors="0" failures="0" skipped="0" time="2.587724">
        <testcase name="test_ordem_de_servico_servico_pode_ser_atualizada" file="/var/www/html/tests/Feature/Modules/OrdemDeServicoServico/OrdemDeServicoServicoAtualizacaoTest.php" line="46" class="Tests\Feature\Modules\OrdemDeServicoServico\OrdemDeServicoServicoAtualizacaoTest" classname="Tests.Feature.Modules.OrdemDeServicoServico.OrdemDeServicoServicoAtualizacaoTest" assertions="5" time="0.510439"/>
        <testcase name="test_quantidade_do_servico_pode_ser_atualizada" file="/var/www/html/tests/Feature/Modules/OrdemDeServicoServico/OrdemDeServicoServicoAtualizacaoTest.php" line="73" class="Tests\Feature\Modules\OrdemDeServicoServico\OrdemDeServicoServicoAtualizacaoTest" classname="Tests.Feature.Modules.OrdemDeServicoServico.OrdemDeServicoServicoAtualizacaoTest" assertions="5" time="0.450566"/>
        <testcase name="test_valor_do_servico_pode_ser_atualizado" file="/var/www/html/tests/Feature/Modules/OrdemDeServicoServico/OrdemDeServicoServicoAtualizacaoTest.php" line="100" class="Tests\Feature\Modules\OrdemDeServicoServico\OrdemDeServicoServicoAtualizacaoTest" classname="Tests.Feature.Modules.OrdemDeServicoServico.OrdemDeServicoServicoAtualizacaoTest" assertions="5" time="0.445485"/>
        <testcase name="test_atualizacao_os_servico_nao_encontrado_lanca_model_not_found_exception" file="/var/www/html/tests/Feature/Modules/OrdemDeServicoServico/OrdemDeServicoServicoAtualizacaoTest.php" line="127" class="Tests\Feature\Modules\OrdemDeServicoServico\OrdemDeServicoServicoAtualizacaoTest" classname="Tests.Feature.Modules.OrdemDeServicoServico.OrdemDeServicoServicoAtualizacaoTest" assertions="9" time="0.402465"/>
        <testcase name="test_atualizacao_os_servico_retorna_erro_de_regra_de_negocio" file="/var/www/html/tests/Feature/Modules/OrdemDeServicoServico/OrdemDeServicoServicoAtualizacaoTest.php" line="154" class="Tests\Feature\Modules\OrdemDeServicoServico\OrdemDeServicoServicoAtualizacaoTest" classname="Tests.Feature.Modules.OrdemDeServicoServico.OrdemDeServicoServicoAtualizacaoTest" assertions="8" time="0.392064"/>
        <testcase name="test_atualizacao_os_servico_retorna_erro_interno_em_excecao_generica" file="/var/www/html/tests/Feature/Modules/OrdemDeServicoServico/OrdemDeServicoServicoAtualizacaoTest.php" line="181" class="Tests\Feature\Modules\OrdemDeServicoServico\OrdemDeServicoServicoAtualizacaoTest" classname="Tests.Feature.Modules.OrdemDeServicoServico.OrdemDeServicoServicoAtualizacaoTest" assertions="9" time="0.386705"/>
      </testsuite>
      <testsuite name="Tests\Feature\Modules\OrdemDeServicoServico\OrdemDeServicoServicoCadastroTest" file="/var/www/html/tests/Feature/Modules/OrdemDeServicoServico/OrdemDeServicoServicoCadastroTest.php" tests="4" assertions="23" errors="0" failures="0" skipped="0" time="1.734778">
        <testcase name="test_ordem_de_servico_servico_pode_ser_cadastrada" file="/var/www/html/tests/Feature/Modules/OrdemDeServicoServico/OrdemDeServicoServicoCadastroTest.php" line="43" class="Tests\Feature\Modules\OrdemDeServicoServico\OrdemDeServicoServicoCadastroTest" classname="Tests.Feature.Modules.OrdemDeServicoServico.OrdemDeServicoServicoCadastroTest" assertions="4" time="0.436636"/>
        <testcase name="test_ordem_de_servico_servico_nao_pode_ser_cadastrada_sem_um_ou_mais_dados_obrigatorios" file="/var/www/html/tests/Feature/Modules/OrdemDeServicoServico/OrdemDeServicoServicoCadastroTest.php" line="61" class="Tests\Feature\Modules\OrdemDeServicoServico\OrdemDeServicoServicoCadastroTest" classname="Tests.Feature.Modules.OrdemDeServicoServico.OrdemDeServicoServicoCadastroTest" assertions="4" time="0.466950"/>
        <testcase name="test_cadastro_de_os_servico_retorna_erro_de_regra_de_negocio" file="/var/www/html/tests/Feature/Modules/OrdemDeServicoServico/OrdemDeServicoServicoCadastroTest.php" line="82" class="Tests\Feature\Modules\OrdemDeServicoServico\OrdemDeServicoServicoCadastroTest" classname="Tests.Feature.Modules.OrdemDeServicoServico.OrdemDeServicoServicoCadastroTest" assertions="7" time="0.405968"/>
[...]
        <testcase name="test_listagem_de_usuario_lanca_exception" file="/var/www/html/tests/Feature/Modules/Usuario/UsuarioListagemTest.php" line="72" class="Tests\Feature\Modules\Usuario\UsuarioListagemTest" classname="Tests.Feature.Modules.Usuario.UsuarioListagemTest" assertions="4" time="0.185561"/>
        <testcase name="test_metodo_obter_um_por_uuid_no_controller_de_usuario_recupera_not_found_exception" file="/var/www/html/tests/Feature/Modules/Usuario/UsuarioListagemTest.php" line="90" class="Tests\Feature\Modules\Usuario\UsuarioListagemTest" classname="Tests.Feature.Modules.Usuario.UsuarioListagemTest" assertions="5" time="0.184367"/>
        <testcase name="test_metodo_obter_um_por_uuid_no_controller_de_usuario_recupera_exception_generica" file="/var/www/html/tests/Feature/Modules/Usuario/UsuarioListagemTest.php" line="118" class="Tests\Feature\Modules\Usuario\UsuarioListagemTest" classname="Tests.Feature.Modules.Usuario.UsuarioListagemTest" assertions="5" time="0.172425"/>
      </testsuite>
      <testsuite name="Tests\Feature\Modules\Usuario\UsuarioRemocaoTest" file="/var/www/html/tests/Feature/Modules/Usuario/UsuarioRemocaoTest.php" tests="3" assertions="12" errors="0" failures="0" skipped="0" time="0.562028">
        <testcase name="test_usuario_pode_ser_removido" file="/var/www/html/tests/Feature/Modules/Usuario/UsuarioRemocaoTest.php" line="37" class="Tests\Feature\Modules\Usuario\UsuarioRemocaoTest" classname="Tests.Feature.Modules.Usuario.UsuarioRemocaoTest" assertions="4" time="0.203937"/>
        <testcase name="test_remocao_usuario_inexistente_lanca_model_not_found_exception" file="/var/www/html/tests/Feature/Modules/Usuario/UsuarioRemocaoTest.php" line="57" class="Tests\Feature\Modules\Usuario\UsuarioRemocaoTest" classname="Tests.Feature.Modules.Usuario.UsuarioRemocaoTest" assertions="4" time="0.164692"/>
        <testcase name="test_remocao_usuario_lanca_exception_generica" file="/var/www/html/tests/Feature/Modules/Usuario/UsuarioRemocaoTest.php" line="77" class="Tests\Feature\Modules\Usuario\UsuarioRemocaoTest" classname="Tests.Feature.Modules.Usuario.UsuarioRemocaoTest" assertions="4" time="0.193399"/>
      </testsuite>
      <testsuite name="Tests\Feature\Modules\Veiculo\VeiculoAtualizacaoTest" file="/var/www/html/tests/Feature/Modules/Veiculo/VeiculoAtualizacaoTest.php" tests="9" assertions="20" errors="0" failures="0" skipped="0" time="1.772395">
        <testcase name="test_atualizar_veiculo_por_uuid" file="/var/www/html/tests/Feature/Modules/Veiculo/VeiculoAtualizacaoTest.php" line="32" class="Tests\Feature\Modules\Veiculo\VeiculoAtualizacaoTest" classname="Tests.Feature.Modules.Veiculo.VeiculoAtualizacaoTest" assertions="2" time="0.182612"/>
        <testcase name="test_atualizar_veiculo_por_uuid_que_nao_existe" file="/var/www/html/tests/Feature/Modules/Veiculo/VeiculoAtualizacaoTest.php" line="46" class="Tests\Feature\Modules\Veiculo\VeiculoAtualizacaoTest" classname="Tests.Feature.Modules.Veiculo.VeiculoAtualizacaoTest" assertions="2" time="0.185365"/>
        <testcase name="test_atualizar_veiculo_com_dados_invalidos" file="/var/www/html/tests/Feature/Modules/Veiculo/VeiculoAtualizacaoTest.php" line="56" class="Tests\Feature\Modules\Veiculo\VeiculoAtualizacaoTest" classname="Tests.Feature.Modules.Veiculo.VeiculoAtualizacaoTest" assertions="2" time="0.181057"/>
        <testcase name="test_atualizar_veiculo_com_uuid_mal_formado" file="/var/www/html/tests/Feature/Modules/Veiculo/VeiculoAtualizacaoTest.php" line="71" class="Tests\Feature\Modules\Veiculo\VeiculoAtualizacaoTest" classname="Tests.Feature.Modules.Veiculo.VeiculoAtualizacaoTest" assertions="2" time="0.188075"/>
        <testcase name="test_atualizar_veiculo_sem_payload" file="/var/www/html/tests/Feature/Modules/Veiculo/VeiculoAtualizacaoTest.php" line="80" class="Tests\Feature\Modules\Veiculo\VeiculoAtualizacaoTest" classname="Tests.Feature.Modules.Veiculo.VeiculoAtualizacaoTest" assertions="2" time="0.227861"/>
        <testcase name="test_atualizar_veiculo_com_erro_interno" file="/var/www/html/tests/Feature/Modules/Veiculo/VeiculoAtualizacaoTest.php" line="89" class="Tests\Feature\Modules\Veiculo\VeiculoAtualizacaoTest" classname="Tests.Feature.Modules.Veiculo.VeiculoAtualizacaoTest" assertions="3" time="0.184320"/>
        <testcase name="test_atualizar_veiculo_com_database_exception" file="/var/www/html/tests/Feature/Modules/Veiculo/VeiculoAtualizacaoTest.php" line="105" class="Tests\Feature\Modules\Veiculo\VeiculoAtualizacaoTest" classname="Tests.Feature.Modules.Veiculo.VeiculoAtualizacaoTest" assertions="3" time="0.191095"/>
        <testcase name="test_atualizar_veiculo_com_cliente_uuid" file="/var/www/html/tests/Feature/Modules/Veiculo/VeiculoAtualizacaoTest.php" line="127" class="Tests\Feature\Modules\Veiculo\VeiculoAtualizacaoTest" classname="Tests.Feature.Modules.Veiculo.VeiculoAtualizacaoTest" assertions="2" time="0.215192"/>
        <testcase name="test_atualizar_veiculo_com_placa_duplicada" file="/var/www/html/tests/Feature/Modules/Veiculo/VeiculoAtualizacaoTest.php" line="143" class="Tests\Feature\Modules\Veiculo\VeiculoAtualizacaoTest" classname="Tests.Feature.Modules.Veiculo.VeiculoAtualizacaoTest" assertions="2" time="0.216818"/>
      </testsuite>
      <testsuite name="Tests\Feature\Modules\Veiculo\VeiculoCadastroTest" file="/var/www/html/tests/Feature/Modules/Veiculo/VeiculoCadastroTest.php" tests="15" assertions="35" errors="0" failures="0" skipped="0" time="2.950479">
        <testcase name="test_cadastrar_veiculo" file="/var/www/html/tests/Feature/Modules/Veiculo/VeiculoCadastroTest.php" line="44" class="Tests\Feature\Modules\Veiculo\VeiculoCadastroTest" classname="Tests.Feature.Modules.Veiculo.VeiculoCadastroTest" assertions="3" time="0.214444"/>
        <testcase name="test_marca_eh_obrigatoria_e_deve_ter_minimo_2_caracteres" file="/var/www/html/tests/Feature/Modules/Veiculo/VeiculoCadastroTest.php" line="52" class="Tests\Feature\Modules\Veiculo\VeiculoCadastroTest" classname="Tests.Feature.Modules.Veiculo.VeiculoCadastroTest" assertions="5" time="0.200089"/>
        <testcase name="test_ano_do_veiculo_deve_ser_valido" file="/var/www/html/tests/Feature/Modules/Veiculo/VeiculoCadastroTest.php" line="61" class="Tests\Feature\Modules\Veiculo\VeiculoCadastroTest" classname="Tests.Feature.Modules.Veiculo.VeiculoCadastroTest" assertions="2" time="0.209084"/>
        <testcase name="test_placa_do_veiculo_deve_ter_formato_valido" file="/var/www/html/tests/Feature/Modules/Veiculo/VeiculoCadastroTest.php" line="70" class="Tests\Feature\Modules\Veiculo\VeiculoCadastroTest" classname="Tests.Feature.Modules.Veiculo.VeiculoCadastroTest" assertions="2" time="0.207111"/>
        <testcase name="test_cadastrar_veiculo_com_erro_interno" file="/var/www/html/tests/Feature/Modules/Veiculo/VeiculoCadastroTest.php" line="81" class="Tests\Feature\Modules\Veiculo\VeiculoCadastroTest" classname="Tests.Feature.Modules.Veiculo.VeiculoCadastroTest" assertions="3" time="0.196562"/>
        <testcase name="test_modelo_eh_obrigatorio_e_deve_ter_minimo_2_caracteres" file="/var/www/html/tests/Feature/Modules/Veiculo/VeiculoCadastroTest.php" line="95" class="Tests\Feature\Modules\Veiculo\VeiculoCadastroTest" classname="Tests.Feature.Modules.Veiculo.VeiculoCadastroTest" assertions="2" time="0.209070"/>
        <testcase name="test_chassi_eh_obrigatorio_e_deve_ter_17_caracteres" file="/var/www/html/tests/Feature/Modules/Veiculo/VeiculoCadastroTest.php" line="105" class="Tests\Feature\Modules\Veiculo\VeiculoCadastroTest" classname="Tests.Feature.Modules.Veiculo.VeiculoCadastroTest" assertions="2" time="0.194573"/>
        <testcase name="test_cor_eh_obrigatoria" file="/var/www/html/tests/Feature/Modules/Veiculo/VeiculoCadastroTest.php" line="115" class="Tests\Feature\Modules\Veiculo\VeiculoCadastroTest" classname="Tests.Feature.Modules.Veiculo.VeiculoCadastroTest" assertions="2" time="0.190584"/>
        <testcase name="test_cadastrar_veiculo_com_placa_duplicada" file="/var/www/html/tests/Feature/Modules/Veiculo/VeiculoCadastroTest.php" line="123" class="Tests\Feature\Modules\Veiculo\VeiculoCadastroTest" classname="Tests.Feature.Modules.Veiculo.VeiculoCadastroTest" assertions="2" time="0.216526"/>
        <testcase name="test_cadastrar_veiculo_com_chassi_duplicado" file="/var/www/html/tests/Feature/Modules/Veiculo/VeiculoCadastroTest.php" line="137" class="Tests\Feature\Modules\Veiculo\VeiculoCadastroTest" classname="Tests.Feature.Modules.Veiculo.VeiculoCadastroTest" assertions="2" time="0.187341"/>
        <testcase name="test_cadastrar_veiculo_com_cliente_uuid" file="/var/www/html/tests/Feature/Modules/Veiculo/VeiculoCadastroTest.php" line="151" class="Tests\Feature\Modules\Veiculo\VeiculoCadastroTest" classname="Tests.Feature.Modules.Veiculo.VeiculoCadastroTest" assertions="2" time="0.190143"/>
        <testcase name="test_cadastrar_veiculo_com_cliente_uuid_inexistente" file="/var/www/html/tests/Feature/Modules/Veiculo/VeiculoCadastroTest.php" line="160" class="Tests\Feature\Modules\Veiculo\VeiculoCadastroTest" classname="Tests.Feature.Modules.Veiculo.VeiculoCadastroTest" assertions="2" time="0.203537"/>
        <testcase name="test_cadastrar_veiculo_com_placa_formato_mercosul" file="/var/www/html/tests/Feature/Modules/Veiculo/VeiculoCadastroTest.php" line="170" class="Tests\Feature\Modules\Veiculo\VeiculoCadastroTest" classname="Tests.Feature.Modules.Veiculo.VeiculoCadastroTest" assertions="2" time="0.177913"/>
        <testcase name="test_ano_futuro_permitido" file="/var/www/html/tests/Feature/Modules/Veiculo/VeiculoCadastroTest.php" line="180" class="Tests\Feature\Modules\Veiculo\VeiculoCadastroTest" classname="Tests.Feature.Modules.Veiculo.VeiculoCadastroTest" assertions="2" time="0.172826"/>
        <testcase name="test_ano_muito_futuro_nao_permitido" file="/var/www/html/tests/Feature/Modules/Veiculo/VeiculoCadastroTest.php" line="189" class="Tests\Feature\Modules\Veiculo\VeiculoCadastroTest" classname="Tests.Feature.Modules.Veiculo.VeiculoCadastroTest" assertions="2" time="0.180676"/>
      </testsuite>
      <testsuite name="Tests\Feature\Modules\Veiculo\VeiculoListagemTest" file="/var/www/html/tests/Feature/Modules/Veiculo/VeiculoListagemTest.php" tests="13" assertions="29" errors="0" failures="0" skipped="0" time="2.609556">
        <testcase name="test_listar_todos_veiculos" file="/var/www/html/tests/Feature/Modules/Veiculo/VeiculoListagemTest.php" line="21" class="Tests\Feature\Modules\Veiculo\VeiculoListagemTest" classname="Tests.Feature.Modules.Veiculo.VeiculoListagemTest" assertions="2" time="0.195533"/>
        <testcase name="test_listar_veiculo_por_uuid_que_nao_existe" file="/var/www/html/tests/Feature/Modules/Veiculo/VeiculoListagemTest.php" line="29" class="Tests\Feature\Modules\Veiculo\VeiculoListagemTest" classname="Tests.Feature.Modules.Veiculo.VeiculoListagemTest" assertions="2" time="0.198923"/>
        <testcase name="test_listar_veiculos_com_erro_interno" file="/var/www/html/tests/Feature/Modules/Veiculo/VeiculoListagemTest.php" line="36" class="Tests\Feature\Modules\Veiculo\VeiculoListagemTest" classname="Tests.Feature.Modules.Veiculo.VeiculoListagemTest" assertions="3" time="0.173632"/>
        <testcase name="test_obter_veiculo_por_uuid_existente" file="/var/www/html/tests/Feature/Modules/Veiculo/VeiculoListagemTest.php" line="49" class="Tests\Feature\Modules\Veiculo\VeiculoListagemTest" classname="Tests.Feature.Modules.Veiculo.VeiculoListagemTest" assertions="2" time="0.195267"/>
        <testcase name="test_listar_veiculos_vazios" file="/var/www/html/tests/Feature/Modules/Veiculo/VeiculoListagemTest.php" line="58" class="Tests\Feature\Modules\Veiculo\VeiculoListagemTest" classname="Tests.Feature.Modules.Veiculo.VeiculoListagemTest" assertions="3" time="0.190565"/>
        <testcase name="test_listar_veiculos_com_paginacao" file="/var/www/html/tests/Feature/Modules/Veiculo/VeiculoListagemTest.php" line="66" class="Tests\Feature\Modules\Veiculo\VeiculoListagemTest" classname="Tests.Feature.Modules.Veiculo.VeiculoListagemTest" assertions="2" time="0.230253"/>
        <testcase name="test_listar_veiculos_filtrados_por_cliente" file="/var/www/html/tests/Feature/Modules/Veiculo/VeiculoListagemTest.php" line="75" class="Tests\Feature\Modules\Veiculo\VeiculoListagemTest" classname="Tests.Feature.Modules.Veiculo.VeiculoListagemTest" assertions="2" time="0.236446"/>
        <testcase name="test_listar_veiculos_com_cliente_uuid_inexistente" file="/var/www/html/tests/Feature/Modules/Veiculo/VeiculoListagemTest.php" line="92" class="Tests\Feature\Modules\Veiculo\VeiculoListagemTest" classname="Tests.Feature.Modules.Veiculo.VeiculoListagemTest" assertions="2" time="0.201939"/>
        <testcase name="test_listar_veiculos_com_parametros_paginacao_invalidos" file="/var/www/html/tests/Feature/Modules/Veiculo/VeiculoListagemTest.php" line="101" class="Tests\Feature\Modules\Veiculo\VeiculoListagemTest" classname="Tests.Feature.Modules.Veiculo.VeiculoListagemTest" assertions="2" time="0.209192"/>
        <testcase name="test_obter_veiculo_com_uuid_malformado" file="/var/www/html/tests/Feature/Modules/Veiculo/VeiculoListagemTest.php" line="108" class="Tests\Feature\Modules\Veiculo\VeiculoListagemTest" classname="Tests.Feature.Modules.Veiculo.VeiculoListagemTest" assertions="2" time="0.205682"/>
        <testcase name="test_listar_veiculos_com_estrutura_json_correta" file="/var/www/html/tests/Feature/Modules/Veiculo/VeiculoListagemTest.php" line="117" class="Tests\Feature\Modules\Veiculo\VeiculoListagemTest" classname="Tests.Feature.Modules.Veiculo.VeiculoListagemTest" assertions="2" time="0.185474"/>
        <testcase name="test_obter_veiculo_com_erro_interno" file="/var/www/html/tests/Feature/Modules/Veiculo/VeiculoListagemTest.php" line="126" class="Tests\Feature\Modules\Veiculo\VeiculoListagemTest" classname="Tests.Feature.Modules.Veiculo.VeiculoListagemTest" assertions="3" time="0.182165"/>
        <testcase name="test_listar_veiculos_com_filtro_cliente_uuid_valido" file="/var/www/html/tests/Feature/Modules/Veiculo/VeiculoListagemTest.php" line="141" class="Tests\Feature\Modules\Veiculo\VeiculoListagemTest" classname="Tests.Feature.Modules.Veiculo.VeiculoListagemTest" assertions="2" time="0.204486"/>
      </testsuite>
      <testsuite name="Tests\Feature\Modules\Veiculo\VeiculoObterPorUuidTest" file="/var/www/html/tests/Feature/Modules/Veiculo/VeiculoObterPorUuidTest.php" tests="9" assertions="31" errors="0" failures="0" skipped="0" time="1.756947">
        <testcase name="test_obter_veiculo_por_uuid" file="/var/www/html/tests/Feature/Modules/Veiculo/VeiculoObterPorUuidTest.php" line="20" class="Tests\Feature\Modules\Veiculo\VeiculoObterPorUuidTest" classname="Tests.Feature.Modules.Veiculo.VeiculoObterPorUuidTest" assertions="2" time="0.210552"/>
        <testcase name="test_obter_veiculo_com_encoding_error" file="/var/www/html/tests/Feature/Modules/Veiculo/VeiculoObterPorUuidTest.php" line="29" class="Tests\Feature\Modules\Veiculo\VeiculoObterPorUuidTest" classname="Tests.Feature.Modules.Veiculo.VeiculoObterPorUuidTest" assertions="3" time="0.199338"/>
        <testcase name="test_obter_veiculo_por_uuid_inexistente" file="/var/www/html/tests/Feature/Modules/Veiculo/VeiculoObterPorUuidTest.php" line="47" class="Tests\Feature\Modules\Veiculo\VeiculoObterPorUuidTest" classname="Tests.Feature.Modules.Veiculo.VeiculoObterPorUuidTest" assertions="2" time="0.205824"/>
        <testcase name="test_obter_veiculo_com_uuid_malformado" file="/var/www/html/tests/Feature/Modules/Veiculo/VeiculoObterPorUuidTest.php" line="56" class="Tests\Feature\Modules\Veiculo\VeiculoObterPorUuidTest" classname="Tests.Feature.Modules.Veiculo.VeiculoObterPorUuidTest" assertions="2" time="0.201490"/>
        <testcase name="test_obter_veiculo_com_uuid_vazio" file="/var/www/html/tests/Feature/Modules/Veiculo/VeiculoObterPorUuidTest.php" line="65" class="Tests\Feature\Modules\Veiculo\VeiculoObterPorUuidTest" classname="Tests.Feature.Modules.Veiculo.VeiculoObterPorUuidTest" assertions="2" time="0.188998"/>
        <testcase name="test_obter_veiculo_com_erro_interno" file="/var/www/html/tests/Feature/Modules/Veiculo/VeiculoObterPorUuidTest.php" line="77" class="Tests\Feature\Modules\Veiculo\VeiculoObterPorUuidTest" classname="Tests.Feature.Modules.Veiculo.VeiculoObterPorUuidTest" assertions="3" time="0.179588"/>
        <testcase name="test_obter_veiculo_com_database_exception" file="/var/www/html/tests/Feature/Modules/Veiculo/VeiculoObterPorUuidTest.php" line="92" class="Tests\Feature\Modules\Veiculo\VeiculoObterPorUuidTest" classname="Tests.Feature.Modules.Veiculo.VeiculoObterPorUuidTest" assertions="3" time="0.191859"/>
        <testcase name="test_obter_veiculo_estrutura_response_completa" file="/var/www/html/tests/Feature/Modules/Veiculo/VeiculoObterPorUuidTest.php" line="112" class="Tests\Feature\Modules\Veiculo\VeiculoObterPorUuidTest" classname="Tests.Feature.Modules.Veiculo.VeiculoObterPorUuidTest" assertions="12" time="0.186592"/>
        <testcase name="test_obter_veiculo_com_relacionamentos" file="/var/www/html/tests/Feature/Modules/Veiculo/VeiculoObterPorUuidTest.php" line="133" class="Tests\Feature\Modules\Veiculo\VeiculoObterPorUuidTest" classname="Tests.Feature.Modules.Veiculo.VeiculoObterPorUuidTest" assertions="2" time="0.192707"/>
      </testsuite>
      <testsuite name="Tests\Feature\Modules\Veiculo\VeiculoRemocaoTest" file="/var/www/html/tests/Feature/Modules/Veiculo/VeiculoRemocaoTest.php" tests="7" assertions="19" errors="0" failures="0" skipped="0" time="1.299966">
        <testcase name="test_remocao_do_veiculo_por_uuid" file="/var/www/html/tests/Feature/Modules/Veiculo/VeiculoRemocaoTest.php" line="20" class="Tests\Feature\Modules\Veiculo\VeiculoRemocaoTest" classname="Tests.Feature.Modules.Veiculo.VeiculoRemocaoTest" assertions="2" time="0.190453"/>
        <testcase name="test_remocao_do_veiculo_por_uuid_que_nao_existe" file="/var/www/html/tests/Feature/Modules/Veiculo/VeiculoRemocaoTest.php" line="27" class="Tests\Feature\Modules\Veiculo\VeiculoRemocaoTest" classname="Tests.Feature.Modules.Veiculo.VeiculoRemocaoTest" assertions="2" time="0.183278"/>
        <testcase name="test_remocao_veiculo_com_erro_interno" file="/var/www/html/tests/Feature/Modules/Veiculo/VeiculoRemocaoTest.php" line="34" class="Tests\Feature\Modules\Veiculo\VeiculoRemocaoTest" classname="Tests.Feature.Modules.Veiculo.VeiculoRemocaoTest" assertions="3" time="0.169000"/>
        <testcase name="test_remocao_veiculo_com_uuid_malformado" file="/var/www/html/tests/Feature/Modules/Veiculo/VeiculoRemocaoTest.php" line="49" class="Tests\Feature\Modules\Veiculo\VeiculoRemocaoTest" classname="Tests.Feature.Modules.Veiculo.VeiculoRemocaoTest" assertions="4" time="0.181851"/>
        <testcase name="test_remocao_veiculo_com_relacionamentos" file="/var/www/html/tests/Feature/Modules/Veiculo/VeiculoRemocaoTest.php" line="59" class="Tests\Feature\Modules\Veiculo\VeiculoRemocaoTest" classname="Tests.Feature.Modules.Veiculo.VeiculoRemocaoTest" assertions="2" time="0.196646"/>
        <testcase name="test_remocao_veiculo_com_database_exception" file="/var/www/html/tests/Feature/Modules/Veiculo/VeiculoRemocaoTest.php" line="75" class="Tests\Feature\Modules\Veiculo\VeiculoRemocaoTest" classname="Tests.Feature.Modules.Veiculo.VeiculoRemocaoTest" assertions="3" time="0.188451"/>
        <testcase name="test_remocao_veiculo_com_constraint_violation" file="/var/www/html/tests/Feature/Modules/Veiculo/VeiculoRemocaoTest.php" line="96" class="Tests\Feature\Modules\Veiculo\VeiculoRemocaoTest" classname="Tests.Feature.Modules.Veiculo.VeiculoRemocaoTest" assertions="3" time="0.190288"/>
      </testsuite>
    </testsuite>
  </testsuite>
</testsuites>
